{"/Users/nishantmathur/Documents/prem-green/Vup-node/clean.js": {"path":"/Users/nishantmathur/Documents/prem-green/Vup-node/clean.js","statementMap":{"0":{"start":{"line":1,"column":0},"end":{"line":1,"column":31}},"1":{"start":{"line":2,"column":18},"end":{"line":2,"column":43}},"2":{"start":{"line":3,"column":11},"end":{"line":3,"column":24}},"3":{"start":{"line":4,"column":19},"end":{"line":4,"column":33}},"4":{"start":{"line":5,"column":36},"end":{"line":5,"column":69}},"5":{"start":{"line":7,"column":0},"end":{"line":7,"column":11}},"6":{"start":{"line":10,"column":15},"end":{"line":12,"column":2}},"7":{"start":{"line":11,"column":2},"end":{"line":11,"column":50}},"8":{"start":{"line":14,"column":26},"end":{"line":25,"column":1}},"9":{"start":{"line":15,"column":2},"end":{"line":24,"column":4}},"10":{"start":{"line":16,"column":4},"end":{"line":16,"column":44}},"11":{"start":{"line":17,"column":4},"end":{"line":23,"column":6}},"12":{"start":{"line":18,"column":6},"end":{"line":22,"column":7}},"13":{"start":{"line":19,"column":8},"end":{"line":19,"column":19}},"14":{"start":{"line":21,"column":8},"end":{"line":21,"column":20}},"15":{"start":{"line":27,"column":14},"end":{"line":39,"column":1}},"16":{"start":{"line":28,"column":2},"end":{"line":38,"column":3}},"17":{"start":{"line":29,"column":25},"end":{"line":31,"column":5}},"18":{"start":{"line":30,"column":23},"end":{"line":30,"column":53}},"19":{"start":{"line":32,"column":4},"end":{"line":32,"column":35}},"20":{"start":{"line":33,"column":4},"end":{"line":33,"column":36}},"21":{"start":{"line":34,"column":4},"end":{"line":34,"column":19}},"22":{"start":{"line":36,"column":4},"end":{"line":36,"column":20}},"23":{"start":{"line":37,"column":4},"end":{"line":37,"column":19}},"24":{"start":{"line":41,"column":0},"end":{"line":41,"column":7}}},"fnMap":{"0":{"name":"(anonymous_0)","decl":{"start":{"line":10,"column":49},"end":{"line":10,"column":50}},"loc":{"start":{"line":10,"column":59},"end":{"line":12,"column":1}},"line":10},"1":{"name":"(anonymous_1)","decl":{"start":{"line":14,"column":26},"end":{"line":14,"column":27}},"loc":{"start":{"line":14,"column":37},"end":{"line":25,"column":1}},"line":14},"2":{"name":"(anonymous_2)","decl":{"start":{"line":15,"column":21},"end":{"line":15,"column":22}},"loc":{"start":{"line":15,"column":42},"end":{"line":24,"column":3}},"line":15},"3":{"name":"(anonymous_3)","decl":{"start":{"line":17,"column":25},"end":{"line":17,"column":26}},"loc":{"start":{"line":17,"column":39},"end":{"line":23,"column":5}},"line":17},"4":{"name":"(anonymous_4)","decl":{"start":{"line":27,"column":14},"end":{"line":27,"column":15}},"loc":{"start":{"line":27,"column":26},"end":{"line":39,"column":1}},"line":27},"5":{"name":"(anonymous_5)","decl":{"start":{"line":30,"column":6},"end":{"line":30,"column":7}},"loc":{"start":{"line":30,"column":23},"end":{"line":30,"column":53}},"line":30}},"branchMap":{"0":{"loc":{"start":{"line":18,"column":6},"end":{"line":22,"column":7}},"type":"if","locations":[{"start":{"line":18,"column":6},"end":{"line":22,"column":7}},{"start":{"line":18,"column":6},"end":{"line":22,"column":7}}],"line":18}},"s":{"0":0,"1":0,"2":0,"3":0,"4":0,"5":0,"6":0,"7":0,"8":0,"9":0,"10":0,"11":0,"12":0,"13":0,"14":0,"15":0,"16":0,"17":0,"18":0,"19":0,"20":0,"21":0,"22":0,"23":0,"24":0},"f":{"0":0,"1":0,"2":0,"3":0,"4":0,"5":0},"b":{"0":[0,0]},"all":true}
,"/Users/nishantmathur/Documents/prem-green/Vup-node/seed.js": {"path":"/Users/nishantmathur/Documents/prem-green/Vup-node/seed.js","statementMap":{"0":{"start":{"line":1,"column":0},"end":{"line":1,"column":31}},"1":{"start":{"line":2,"column":19},"end":{"line":2,"column":43}},"2":{"start":{"line":3,"column":13},"end":{"line":3,"column":28}},"3":{"start":{"line":4,"column":15},"end":{"line":8,"column":1}},"4":{"start":{"line":9,"column":15},"end":{"line":9,"column":33}},"5":{"start":{"line":10,"column":20},"end":{"line":10,"column":74}},"6":{"start":{"line":12,"column":13},"end":{"line":21,"column":1}},"7":{"start":{"line":13,"column":2},"end":{"line":20,"column":3}},"8":{"start":{"line":14,"column":4},"end":{"line":14,"column":36}},"9":{"start":{"line":15,"column":4},"end":{"line":15,"column":33}},"10":{"start":{"line":16,"column":4},"end":{"line":16,"column":19}},"11":{"start":{"line":18,"column":4},"end":{"line":18,"column":20}},"12":{"start":{"line":19,"column":4},"end":{"line":19,"column":19}},"13":{"start":{"line":23,"column":0},"end":{"line":23,"column":6}}},"fnMap":{"0":{"name":"(anonymous_0)","decl":{"start":{"line":12,"column":13},"end":{"line":12,"column":14}},"loc":{"start":{"line":12,"column":25},"end":{"line":21,"column":1}},"line":12}},"branchMap":{},"s":{"0":0,"1":0,"2":0,"3":0,"4":0,"5":0,"6":0,"7":0,"8":0,"9":0,"10":0,"11":0,"12":0,"13":0},"f":{"0":0},"b":{},"all":true}
,"/Users/nishantmathur/Documents/prem-green/Vup-node/server.js": {"path":"/Users/nishantmathur/Documents/prem-green/Vup-node/server.js","statementMap":{"0":{"start":{"line":1,"column":0},"end":{"line":1,"column":31}},"1":{"start":{"line":2,"column":16},"end":{"line":2,"column":34}},"2":{"start":{"line":3,"column":19},"end":{"line":3,"column":41}},"3":{"start":{"line":4,"column":15},"end":{"line":4,"column":32}},"4":{"start":{"line":5,"column":20},"end":{"line":5,"column":42}},"5":{"start":{"line":6,"column":15},"end":{"line":6,"column":32}},"6":{"start":{"line":7,"column":13},"end":{"line":7,"column":28}},"7":{"start":{"line":8,"column":17},"end":{"line":8,"column":36}},"8":{"start":{"line":9,"column":12},"end":{"line":9,"column":21}},"9":{"start":{"line":10,"column":13},"end":{"line":10,"column":28}},"10":{"start":{"line":11,"column":18},"end":{"line":11,"column":43}},"11":{"start":{"line":12,"column":13},"end":{"line":12,"column":28}},"12":{"start":{"line":13,"column":19},"end":{"line":13,"column":48}},"13":{"start":{"line":15,"column":0},"end":{"line":15,"column":41}},"14":{"start":{"line":18,"column":0},"end":{"line":20,"column":1}},"15":{"start":{"line":19,"column":2},"end":{"line":19,"column":24}},"16":{"start":{"line":22,"column":0},"end":{"line":22,"column":41}},"17":{"start":{"line":23,"column":0},"end":{"line":23,"column":29}},"18":{"start":{"line":25,"column":0},"end":{"line":38,"column":1}},"19":{"start":{"line":26,"column":30},"end":{"line":26,"column":60}},"20":{"start":{"line":27,"column":16},"end":{"line":36,"column":4}},"21":{"start":{"line":37,"column":2},"end":{"line":37,"column":16}},"22":{"start":{"line":41,"column":0},"end":{"line":45,"column":1}},"23":{"start":{"line":47,"column":0},"end":{"line":52,"column":1}},"24":{"start":{"line":55,"column":0},"end":{"line":60,"column":2}},"25":{"start":{"line":61,"column":0},"end":{"line":61,"column":18}},"26":{"start":{"line":62,"column":0},"end":{"line":62,"column":21}},"27":{"start":{"line":64,"column":0},"end":{"line":64,"column":15}},"28":{"start":{"line":65,"column":0},"end":{"line":65,"column":30}},"29":{"start":{"line":66,"column":0},"end":{"line":66,"column":22}},"30":{"start":{"line":67,"column":0},"end":{"line":67,"column":17}},"31":{"start":{"line":68,"column":0},"end":{"line":68,"column":33}},"32":{"start":{"line":69,"column":0},"end":{"line":69,"column":47}},"33":{"start":{"line":70,"column":0},"end":{"line":70,"column":45}},"34":{"start":{"line":71,"column":0},"end":{"line":71,"column":30}},"35":{"start":{"line":72,"column":0},"end":{"line":72,"column":32}},"36":{"start":{"line":73,"column":0},"end":{"line":73,"column":27}},"37":{"start":{"line":76,"column":0},"end":{"line":76,"column":11}},"38":{"start":{"line":78,"column":0},"end":{"line":78,"column":20}}},"fnMap":{},"branchMap":{"0":{"loc":{"start":{"line":15,"column":16},"end":{"line":15,"column":40}},"type":"binary-expr","locations":[{"start":{"line":15,"column":16},"end":{"line":15,"column":32}},{"start":{"line":15,"column":36},"end":{"line":15,"column":40}}],"line":15},"1":{"loc":{"start":{"line":18,"column":0},"end":{"line":20,"column":1}},"type":"if","locations":[{"start":{"line":18,"column":0},"end":{"line":20,"column":1}},{"start":{"line":18,"column":0},"end":{"line":20,"column":1}}],"line":18},"2":{"loc":{"start":{"line":25,"column":0},"end":{"line":38,"column":1}},"type":"if","locations":[{"start":{"line":25,"column":0},"end":{"line":38,"column":1}},{"start":{"line":25,"column":0},"end":{"line":38,"column":1}}],"line":25}},"s":{"0":1,"1":1,"2":1,"3":1,"4":1,"5":1,"6":1,"7":1,"8":1,"9":1,"10":1,"11":1,"12":1,"13":1,"14":1,"15":0,"16":1,"17":1,"18":1,"19":0,"20":0,"21":0,"22":1,"23":1,"24":1,"25":1,"26":1,"27":1,"28":1,"29":1,"30":1,"31":1,"32":1,"33":1,"34":1,"35":1,"36":1,"37":1,"38":1},"f":{},"b":{"0":[1,0],"1":[0,1],"2":[0,1]},"_coverageSchema":"1a1c01bbd47fc00a2c39e90264f33305004495a9","hash":"8a69a5fdf4247a288b9a48c2fc4b108bbdcadfb0","contentHash":"b62ccc9d62cee21a360ded74ff2b6a61fdbf289b0455c10c71813ac33400847b"}
,"/Users/nishantmathur/Documents/prem-green/Vup-node/app/controllers/auth/forgotPassword.js": {"path":"/Users/nishantmathur/Documents/prem-green/Vup-node/app/controllers/auth/forgotPassword.js","statementMap":{"0":{"start":{"line":1,"column":24},"end":{"line":1,"column":52}},"1":{"start":{"line":6,"column":4},"end":{"line":6,"column":24}},"2":{"start":{"line":7,"column":24},"end":{"line":7,"column":57}},"3":{"start":{"line":8,"column":42},"end":{"line":8,"column":77}},"4":{"start":{"line":15,"column":23},"end":{"line":27,"column":1}},"5":{"start":{"line":16,"column":2},"end":{"line":26,"column":3}},"6":{"start":{"line":18,"column":19},"end":{"line":18,"column":34}},"7":{"start":{"line":19,"column":17},"end":{"line":19,"column":33}},"8":{"start":{"line":20,"column":4},"end":{"line":20,"column":30}},"9":{"start":{"line":21,"column":17},"end":{"line":21,"column":46}},"10":{"start":{"line":22,"column":4},"end":{"line":22,"column":47}},"11":{"start":{"line":23,"column":4},"end":{"line":23,"column":54}},"12":{"start":{"line":25,"column":4},"end":{"line":25,"column":27}},"13":{"start":{"line":29,"column":0},"end":{"line":29,"column":35}}},"fnMap":{"0":{"name":"(anonymous_0)","decl":{"start":{"line":15,"column":23},"end":{"line":15,"column":24}},"loc":{"start":{"line":15,"column":43},"end":{"line":27,"column":1}},"line":15}},"branchMap":{},"s":{"0":1,"1":1,"2":1,"3":1,"4":1,"5":1,"6":1,"7":1,"8":1,"9":0,"10":0,"11":0,"12":1,"13":1},"f":{"0":1},"b":{},"_coverageSchema":"1a1c01bbd47fc00a2c39e90264f33305004495a9","hash":"45dea6e1f14413beea212df4dbe84d107708fdfc","contentHash":"497b60d7327981e5ac8439448dd4c0f868d88633adfb79bc16bb30cca93526e2"}
,"/Users/nishantmathur/Documents/prem-green/Vup-node/app/controllers/auth/getRefreshToken.js": {"path":"/Users/nishantmathur/Documents/prem-green/Vup-node/app/controllers/auth/getRefreshToken.js","statementMap":{"0":{"start":{"line":5,"column":4},"end":{"line":5,"column":24}},"1":{"start":{"line":6,"column":34},"end":{"line":6,"column":67}},"2":{"start":{"line":13,"column":24},"end":{"line":28,"column":1}},"3":{"start":{"line":14,"column":2},"end":{"line":27,"column":3}},"4":{"start":{"line":15,"column":27},"end":{"line":17,"column":13}},"5":{"start":{"line":18,"column":17},"end":{"line":18,"column":57}},"6":{"start":{"line":19,"column":4},"end":{"line":19,"column":35}},"7":{"start":{"line":20,"column":17},"end":{"line":20,"column":43}},"8":{"start":{"line":21,"column":18},"end":{"line":21,"column":63}},"9":{"start":{"line":23,"column":4},"end":{"line":23,"column":21}},"10":{"start":{"line":24,"column":4},"end":{"line":24,"column":31}},"11":{"start":{"line":26,"column":4},"end":{"line":26,"column":27}},"12":{"start":{"line":30,"column":0},"end":{"line":30,"column":36}}},"fnMap":{"0":{"name":"(anonymous_0)","decl":{"start":{"line":13,"column":24},"end":{"line":13,"column":25}},"loc":{"start":{"line":13,"column":44},"end":{"line":28,"column":1}},"line":13}},"branchMap":{},"s":{"0":1,"1":1,"2":1,"3":0,"4":0,"5":0,"6":0,"7":0,"8":0,"9":0,"10":0,"11":0,"12":1},"f":{"0":0},"b":{},"_coverageSchema":"1a1c01bbd47fc00a2c39e90264f33305004495a9","hash":"87e8db6ea5105ff894288070e4160058bc3053b7","contentHash":"12e3ce959fc0c997e034a070af89ffbd0a10d623b186f4885f74a66c233dce01"}
,"/Users/nishantmathur/Documents/prem-green/Vup-node/app/controllers/auth/index.js": {"path":"/Users/nishantmathur/Documents/prem-green/Vup-node/app/controllers/auth/index.js","statementMap":{"0":{"start":{"line":1,"column":27},"end":{"line":1,"column":54}},"1":{"start":{"line":2,"column":28},"end":{"line":2,"column":56}},"2":{"start":{"line":3,"column":18},"end":{"line":3,"column":36}},"3":{"start":{"line":4,"column":21},"end":{"line":4,"column":42}},"4":{"start":{"line":5,"column":26},"end":{"line":5,"column":52}},"5":{"start":{"line":6,"column":30},"end":{"line":6,"column":60}},"6":{"start":{"line":7,"column":19},"end":{"line":7,"column":38}},"7":{"start":{"line":9,"column":0},"end":{"line":17,"column":1}}},"fnMap":{},"branchMap":{},"s":{"0":1,"1":1,"2":1,"3":1,"4":1,"5":1,"6":1,"7":1},"f":{},"b":{},"_coverageSchema":"1a1c01bbd47fc00a2c39e90264f33305004495a9","hash":"f7de7672f135e87d0ac72d6a4e2c569111e51895","contentHash":"445cd173387fc6f57fdbc7ed6578d839bf2322c75f43bb720131acdde27101a4"}
,"/Users/nishantmathur/Documents/prem-green/Vup-node/app/controllers/auth/login.js": {"path":"/Users/nishantmathur/Documents/prem-green/Vup-node/app/controllers/auth/login.js","statementMap":{"0":{"start":{"line":1,"column":24},"end":{"line":1,"column":52}},"1":{"start":{"line":10,"column":4},"end":{"line":10,"column":24}},"2":{"start":{"line":12,"column":24},"end":{"line":12,"column":57}},"3":{"start":{"line":13,"column":26},"end":{"line":13,"column":58}},"4":{"start":{"line":20,"column":14},"end":{"line":38,"column":1}},"5":{"start":{"line":21,"column":2},"end":{"line":37,"column":3}},"6":{"start":{"line":22,"column":17},"end":{"line":22,"column":33}},"7":{"start":{"line":23,"column":17},"end":{"line":23,"column":43}},"8":{"start":{"line":24,"column":4},"end":{"line":24,"column":29}},"9":{"start":{"line":25,"column":4},"end":{"line":25,"column":49}},"10":{"start":{"line":26,"column":28},"end":{"line":26,"column":68}},"11":{"start":{"line":27,"column":4},"end":{"line":34,"column":5}},"12":{"start":{"line":28,"column":6},"end":{"line":28,"column":55}},"13":{"start":{"line":31,"column":6},"end":{"line":31,"column":28}},"14":{"start":{"line":32,"column":6},"end":{"line":32,"column":39}},"15":{"start":{"line":33,"column":6},"end":{"line":33,"column":73}},"16":{"start":{"line":36,"column":4},"end":{"line":36,"column":27}},"17":{"start":{"line":40,"column":0},"end":{"line":40,"column":26}}},"fnMap":{"0":{"name":"(anonymous_0)","decl":{"start":{"line":20,"column":14},"end":{"line":20,"column":15}},"loc":{"start":{"line":20,"column":34},"end":{"line":38,"column":1}},"line":20}},"branchMap":{"0":{"loc":{"start":{"line":27,"column":4},"end":{"line":34,"column":5}},"type":"if","locations":[{"start":{"line":27,"column":4},"end":{"line":34,"column":5}},{"start":{"line":27,"column":4},"end":{"line":34,"column":5}}],"line":27}},"s":{"0":1,"1":1,"2":1,"3":1,"4":1,"5":12,"6":12,"7":12,"8":5,"9":5,"10":5,"11":0,"12":0,"13":0,"14":0,"15":0,"16":12,"17":1},"f":{"0":12},"b":{"0":[0,0]},"_coverageSchema":"1a1c01bbd47fc00a2c39e90264f33305004495a9","hash":"727b1a4d40d0c019e41c9b2b729f60b74630027d","contentHash":"c470a38c30464f7cc0117944078cf1dd09b004d75d0ff726e09191dd007f65e3"}
,"/Users/nishantmathur/Documents/prem-green/Vup-node/app/controllers/auth/register.js": {"path":"/Users/nishantmathur/Documents/prem-green/Vup-node/app/controllers/auth/register.js","statementMap":{"0":{"start":{"line":1,"column":24},"end":{"line":1,"column":52}},"1":{"start":{"line":3,"column":59},"end":{"line":3,"column":79}},"2":{"start":{"line":5,"column":24},"end":{"line":5,"column":57}},"3":{"start":{"line":9,"column":4},"end":{"line":9,"column":39}},"4":{"start":{"line":16,"column":17},"end":{"line":32,"column":1}},"5":{"start":{"line":17,"column":2},"end":{"line":31,"column":3}},"6":{"start":{"line":19,"column":19},"end":{"line":19,"column":34}},"7":{"start":{"line":20,"column":4},"end":{"line":20,"column":26}},"8":{"start":{"line":21,"column":28},"end":{"line":21,"column":56}},"9":{"start":{"line":22,"column":4},"end":{"line":28,"column":5}},"10":{"start":{"line":23,"column":19},"end":{"line":23,"column":42}},"11":{"start":{"line":24,"column":23},"end":{"line":24,"column":46}},"12":{"start":{"line":25,"column":23},"end":{"line":25,"column":64}},"13":{"start":{"line":26,"column":6},"end":{"line":26,"column":48}},"14":{"start":{"line":27,"column":6},"end":{"line":27,"column":36}},"15":{"start":{"line":30,"column":4},"end":{"line":30,"column":27}},"16":{"start":{"line":34,"column":0},"end":{"line":34,"column":29}}},"fnMap":{"0":{"name":"(anonymous_0)","decl":{"start":{"line":16,"column":17},"end":{"line":16,"column":18}},"loc":{"start":{"line":16,"column":37},"end":{"line":32,"column":1}},"line":16}},"branchMap":{"0":{"loc":{"start":{"line":22,"column":4},"end":{"line":28,"column":5}},"type":"if","locations":[{"start":{"line":22,"column":4},"end":{"line":28,"column":5}},{"start":{"line":22,"column":4},"end":{"line":28,"column":5}}],"line":22}},"s":{"0":1,"1":1,"2":1,"3":1,"4":1,"5":3,"6":3,"7":3,"8":3,"9":3,"10":3,"11":0,"12":0,"13":0,"14":0,"15":3,"16":1},"f":{"0":3},"b":{"0":[3,0]},"_coverageSchema":"1a1c01bbd47fc00a2c39e90264f33305004495a9","hash":"f1f325674fe9168da3fc775055ff7b52be8b1064","contentHash":"b911c88e4857260e903c27b893287dc492416ef07cbb0e1d2c24f931f52e14d0"}
,"/Users/nishantmathur/Documents/prem-green/Vup-node/app/controllers/auth/resetPassword.js": {"path":"/Users/nishantmathur/Documents/prem-green/Vup-node/app/controllers/auth/resetPassword.js","statementMap":{"0":{"start":{"line":1,"column":24},"end":{"line":1,"column":52}},"1":{"start":{"line":7,"column":4},"end":{"line":7,"column":24}},"2":{"start":{"line":8,"column":24},"end":{"line":8,"column":57}},"3":{"start":{"line":15,"column":22},"end":{"line":26,"column":1}},"4":{"start":{"line":16,"column":2},"end":{"line":25,"column":3}},"5":{"start":{"line":17,"column":17},"end":{"line":17,"column":33}},"6":{"start":{"line":18,"column":27},"end":{"line":18,"column":60}},"7":{"start":{"line":19,"column":17},"end":{"line":19,"column":68}},"8":{"start":{"line":20,"column":4},"end":{"line":20,"column":45}},"9":{"start":{"line":21,"column":19},"end":{"line":21,"column":69}},"10":{"start":{"line":22,"column":4},"end":{"line":22,"column":32}},"11":{"start":{"line":24,"column":4},"end":{"line":24,"column":27}},"12":{"start":{"line":28,"column":0},"end":{"line":28,"column":34}}},"fnMap":{"0":{"name":"(anonymous_0)","decl":{"start":{"line":15,"column":22},"end":{"line":15,"column":23}},"loc":{"start":{"line":15,"column":42},"end":{"line":26,"column":1}},"line":15}},"branchMap":{},"s":{"0":1,"1":1,"2":1,"3":1,"4":0,"5":0,"6":0,"7":0,"8":0,"9":0,"10":0,"11":0,"12":1},"f":{"0":0},"b":{},"_coverageSchema":"1a1c01bbd47fc00a2c39e90264f33305004495a9","hash":"c6eb4e29a9875021af5cb1fc9e0520f17b0c1870","contentHash":"6556257782ecc1cc647653fd25d81e60338f465fbde77b343169ef6a75bf1d25"}
,"/Users/nishantmathur/Documents/prem-green/Vup-node/app/controllers/auth/roleAuthorization.js": {"path":"/Users/nishantmathur/Documents/prem-green/Vup-node/app/controllers/auth/roleAuthorization.js","statementMap":{"0":{"start":{"line":1,"column":29},"end":{"line":1,"column":49}},"1":{"start":{"line":3,"column":24},"end":{"line":3,"column":57}},"2":{"start":{"line":9,"column":26},"end":{"line":19,"column":1}},"3":{"start":{"line":9,"column":37},"end":{"line":19,"column":1}},"4":{"start":{"line":10,"column":2},"end":{"line":18,"column":3}},"5":{"start":{"line":11,"column":17},"end":{"line":14,"column":5}},"6":{"start":{"line":15,"column":4},"end":{"line":15,"column":38}},"7":{"start":{"line":17,"column":4},"end":{"line":17,"column":27}},"8":{"start":{"line":21,"column":0},"end":{"line":21,"column":38}}},"fnMap":{"0":{"name":"(anonymous_0)","decl":{"start":{"line":9,"column":26},"end":{"line":9,"column":27}},"loc":{"start":{"line":9,"column":37},"end":{"line":19,"column":1}},"line":9},"1":{"name":"(anonymous_1)","decl":{"start":{"line":9,"column":37},"end":{"line":9,"column":38}},"loc":{"start":{"line":9,"column":63},"end":{"line":19,"column":1}},"line":9}},"branchMap":{},"s":{"0":1,"1":1,"2":1,"3":9,"4":0,"5":0,"6":0,"7":0,"8":1},"f":{"0":9,"1":0},"b":{},"_coverageSchema":"1a1c01bbd47fc00a2c39e90264f33305004495a9","hash":"8bd9e77881f46f8fec434589b1a77b11d65d8756","contentHash":"e2fd901926f1e372731360de5a85239c03a0ef0c2fa2ca5387a79cb0501a357a"}
,"/Users/nishantmathur/Documents/prem-green/Vup-node/app/controllers/auth/verify.js": {"path":"/Users/nishantmathur/Documents/prem-green/Vup-node/app/controllers/auth/verify.js","statementMap":{"0":{"start":{"line":1,"column":24},"end":{"line":1,"column":52}},"1":{"start":{"line":2,"column":43},"end":{"line":2,"column":63}},"2":{"start":{"line":4,"column":24},"end":{"line":4,"column":57}},"3":{"start":{"line":11,"column":15},"end":{"line":19,"column":1}},"4":{"start":{"line":12,"column":2},"end":{"line":18,"column":3}},"5":{"start":{"line":13,"column":4},"end":{"line":13,"column":26}},"6":{"start":{"line":14,"column":17},"end":{"line":14,"column":49}},"7":{"start":{"line":15,"column":4},"end":{"line":15,"column":48}},"8":{"start":{"line":17,"column":4},"end":{"line":17,"column":27}},"9":{"start":{"line":21,"column":0},"end":{"line":21,"column":27}}},"fnMap":{"0":{"name":"(anonymous_0)","decl":{"start":{"line":11,"column":15},"end":{"line":11,"column":16}},"loc":{"start":{"line":11,"column":35},"end":{"line":19,"column":1}},"line":11}},"branchMap":{},"s":{"0":1,"1":1,"2":1,"3":1,"4":0,"5":0,"6":0,"7":0,"8":0,"9":1},"f":{"0":0},"b":{},"_coverageSchema":"1a1c01bbd47fc00a2c39e90264f33305004495a9","hash":"798a369e268ce98bab9b4243b2e98503965194f7","contentHash":"560a17ed8e43fdadbcc5f525752e23cd622117962937d63f4971a63f6e538b95"}
,"/Users/nishantmathur/Documents/prem-green/Vup-node/app/controllers/auth/helpers/blockIsExpired.js": {"path":"/Users/nishantmathur/Documents/prem-green/Vup-node/app/controllers/auth/helpers/blockIsExpired.js","statementMap":{"0":{"start":{"line":1,"column":23},"end":{"line":1,"column":24}},"1":{"start":{"line":7,"column":23},"end":{"line":8,"column":62}},"2":{"start":{"line":8,"column":2},"end":{"line":8,"column":62}},"3":{"start":{"line":10,"column":0},"end":{"line":10,"column":35}}},"fnMap":{"0":{"name":"(anonymous_0)","decl":{"start":{"line":7,"column":23},"end":{"line":7,"column":24}},"loc":{"start":{"line":8,"column":2},"end":{"line":8,"column":62}},"line":8}},"branchMap":{"0":{"loc":{"start":{"line":7,"column":26},"end":{"line":7,"column":43}},"type":"default-arg","locations":[{"start":{"line":7,"column":42},"end":{"line":7,"column":43}}],"line":7},"1":{"loc":{"start":{"line":7,"column":45},"end":{"line":7,"column":62}},"type":"default-arg","locations":[{"start":{"line":7,"column":60},"end":{"line":7,"column":62}}],"line":7},"2":{"loc":{"start":{"line":8,"column":2},"end":{"line":8,"column":62}},"type":"binary-expr","locations":[{"start":{"line":8,"column":2},"end":{"line":8,"column":32}},{"start":{"line":8,"column":36},"end":{"line":8,"column":62}}],"line":8}},"s":{"0":1,"1":1,"2":5,"3":1},"f":{"0":5},"b":{"0":[0],"1":[0],"2":[5,0]},"_coverageSchema":"1a1c01bbd47fc00a2c39e90264f33305004495a9","hash":"9387c7bb7dd2bb506fcee851fa75daa4acaa3be5","contentHash":"922bc0111c2537b1c76599591cfbe210e2ec81a7dc0583b9e517fe1e2a68d370"}
,"/Users/nishantmathur/Documents/prem-green/Vup-node/app/controllers/auth/helpers/blockUser.js": {"path":"/Users/nishantmathur/Documents/prem-green/Vup-node/app/controllers/auth/helpers/blockUser.js","statementMap":{"0":{"start":{"line":1,"column":21},"end":{"line":1,"column":40}},"1":{"start":{"line":2,"column":23},"end":{"line":2,"column":24}},"2":{"start":{"line":4,"column":27},"end":{"line":4,"column":63}},"3":{"start":{"line":10,"column":18},"end":{"line":22,"column":1}},"4":{"start":{"line":11,"column":2},"end":{"line":21,"column":4}},"5":{"start":{"line":12,"column":4},"end":{"line":12,"column":60}},"6":{"start":{"line":13,"column":4},"end":{"line":20,"column":6}},"7":{"start":{"line":14,"column":6},"end":{"line":16,"column":7}},"8":{"start":{"line":15,"column":8},"end":{"line":15,"column":55}},"9":{"start":{"line":17,"column":6},"end":{"line":19,"column":7}},"10":{"start":{"line":18,"column":8},"end":{"line":18,"column":59}},"11":{"start":{"line":24,"column":0},"end":{"line":24,"column":30}}},"fnMap":{"0":{"name":"(anonymous_0)","decl":{"start":{"line":10,"column":18},"end":{"line":10,"column":19}},"loc":{"start":{"line":10,"column":33},"end":{"line":22,"column":1}},"line":10},"1":{"name":"(anonymous_1)","decl":{"start":{"line":11,"column":21},"end":{"line":11,"column":22}},"loc":{"start":{"line":11,"column":42},"end":{"line":21,"column":3}},"line":11},"2":{"name":"(anonymous_2)","decl":{"start":{"line":13,"column":14},"end":{"line":13,"column":15}},"loc":{"start":{"line":13,"column":31},"end":{"line":20,"column":5}},"line":13}},"branchMap":{"0":{"loc":{"start":{"line":10,"column":19},"end":{"line":10,"column":28}},"type":"default-arg","locations":[{"start":{"line":10,"column":26},"end":{"line":10,"column":28}}],"line":10},"1":{"loc":{"start":{"line":14,"column":6},"end":{"line":16,"column":7}},"type":"if","locations":[{"start":{"line":14,"column":6},"end":{"line":16,"column":7}},{"start":{"line":14,"column":6},"end":{"line":16,"column":7}}],"line":14},"2":{"loc":{"start":{"line":17,"column":6},"end":{"line":19,"column":7}},"type":"if","locations":[{"start":{"line":17,"column":6},"end":{"line":19,"column":7}},{"start":{"line":17,"column":6},"end":{"line":19,"column":7}}],"line":17}},"s":{"0":1,"1":1,"2":1,"3":1,"4":0,"5":0,"6":0,"7":0,"8":0,"9":0,"10":0,"11":1},"f":{"0":0,"1":0,"2":0},"b":{"0":[0],"1":[0,0],"2":[0,0]},"_coverageSchema":"1a1c01bbd47fc00a2c39e90264f33305004495a9","hash":"07c18e6b9c7b9ca9c7e71a761b9cd1fb40554616","contentHash":"7d43120a6f7f507c0d453c1a1426019d805e6a6aefc0c843be1e8971b5dcfbb9"}
,"/Users/nishantmathur/Documents/prem-green/Vup-node/app/controllers/auth/helpers/checkLoginAttemptsAndBlockExpires.js": {"path":"/Users/nishantmathur/Documents/prem-green/Vup-node/app/controllers/auth/helpers/checkLoginAttemptsAndBlockExpires.js","statementMap":{"0":{"start":{"line":1,"column":27},"end":{"line":1,"column":54}},"1":{"start":{"line":2,"column":27},"end":{"line":2,"column":63}},"2":{"start":{"line":8,"column":42},"end":{"line":25,"column":1}},"3":{"start":{"line":9,"column":2},"end":{"line":24,"column":4}},"4":{"start":{"line":11,"column":4},"end":{"line":21,"column":5}},"5":{"start":{"line":12,"column":6},"end":{"line":12,"column":28}},"6":{"start":{"line":13,"column":6},"end":{"line":20,"column":8}},"7":{"start":{"line":14,"column":8},"end":{"line":16,"column":9}},"8":{"start":{"line":15,"column":10},"end":{"line":15,"column":57}},"9":{"start":{"line":17,"column":8},"end":{"line":19,"column":9}},"10":{"start":{"line":18,"column":10},"end":{"line":18,"column":30}},"11":{"start":{"line":23,"column":4},"end":{"line":23,"column":17}},"12":{"start":{"line":27,"column":0},"end":{"line":27,"column":54}}},"fnMap":{"0":{"name":"(anonymous_0)","decl":{"start":{"line":8,"column":42},"end":{"line":8,"column":43}},"loc":{"start":{"line":8,"column":57},"end":{"line":25,"column":1}},"line":8},"1":{"name":"(anonymous_1)","decl":{"start":{"line":9,"column":21},"end":{"line":9,"column":22}},"loc":{"start":{"line":9,"column":42},"end":{"line":24,"column":3}},"line":9},"2":{"name":"(anonymous_2)","decl":{"start":{"line":13,"column":16},"end":{"line":13,"column":17}},"loc":{"start":{"line":13,"column":33},"end":{"line":20,"column":7}},"line":13}},"branchMap":{"0":{"loc":{"start":{"line":8,"column":43},"end":{"line":8,"column":52}},"type":"default-arg","locations":[{"start":{"line":8,"column":50},"end":{"line":8,"column":52}}],"line":8},"1":{"loc":{"start":{"line":11,"column":4},"end":{"line":21,"column":5}},"type":"if","locations":[{"start":{"line":11,"column":4},"end":{"line":21,"column":5}},{"start":{"line":11,"column":4},"end":{"line":21,"column":5}}],"line":11},"2":{"loc":{"start":{"line":14,"column":8},"end":{"line":16,"column":9}},"type":"if","locations":[{"start":{"line":14,"column":8},"end":{"line":16,"column":9}},{"start":{"line":14,"column":8},"end":{"line":16,"column":9}}],"line":14},"3":{"loc":{"start":{"line":17,"column":8},"end":{"line":19,"column":9}},"type":"if","locations":[{"start":{"line":17,"column":8},"end":{"line":19,"column":9}},{"start":{"line":17,"column":8},"end":{"line":19,"column":9}}],"line":17}},"s":{"0":1,"1":1,"2":1,"3":5,"4":5,"5":0,"6":0,"7":0,"8":0,"9":0,"10":0,"11":5,"12":1},"f":{"0":5,"1":5,"2":0},"b":{"0":[0],"1":[0,5],"2":[0,0],"3":[0,0]},"_coverageSchema":"1a1c01bbd47fc00a2c39e90264f33305004495a9","hash":"2de5fc9c20112c27cb6b2466b6ad26473b90e473","contentHash":"7b905db832bbd2bc31187ef48c6b5f80a100d10ec38b842a211ee2846321c794"}
,"/Users/nishantmathur/Documents/prem-green/Vup-node/app/controllers/auth/helpers/checkPermissions.js": {"path":"/Users/nishantmathur/Documents/prem-green/Vup-node/app/controllers/auth/helpers/checkPermissions.js","statementMap":{"0":{"start":{"line":1,"column":13},"end":{"line":1,"column":44}},"1":{"start":{"line":2,"column":41},"end":{"line":2,"column":77}},"2":{"start":{"line":9,"column":25},"end":{"line":23,"column":1}},"3":{"start":{"line":10,"column":2},"end":{"line":22,"column":4}},"4":{"start":{"line":11,"column":4},"end":{"line":21,"column":6}},"5":{"start":{"line":12,"column":6},"end":{"line":20,"column":7}},"6":{"start":{"line":13,"column":8},"end":{"line":13,"column":57}},"7":{"start":{"line":14,"column":8},"end":{"line":16,"column":9}},"8":{"start":{"line":15,"column":10},"end":{"line":15,"column":32}},"9":{"start":{"line":17,"column":8},"end":{"line":17,"column":51}},"10":{"start":{"line":19,"column":8},"end":{"line":19,"column":21}},"11":{"start":{"line":25,"column":0},"end":{"line":25,"column":37}}},"fnMap":{"0":{"name":"(anonymous_0)","decl":{"start":{"line":9,"column":25},"end":{"line":9,"column":26}},"loc":{"start":{"line":9,"column":60},"end":{"line":23,"column":1}},"line":9},"1":{"name":"(anonymous_1)","decl":{"start":{"line":10,"column":21},"end":{"line":10,"column":22}},"loc":{"start":{"line":10,"column":42},"end":{"line":22,"column":3}},"line":10},"2":{"name":"(anonymous_2)","decl":{"start":{"line":11,"column":22},"end":{"line":11,"column":23}},"loc":{"start":{"line":11,"column":45},"end":{"line":21,"column":5}},"line":11}},"branchMap":{"0":{"loc":{"start":{"line":9,"column":28},"end":{"line":9,"column":35}},"type":"default-arg","locations":[{"start":{"line":9,"column":33},"end":{"line":9,"column":35}}],"line":9},"1":{"loc":{"start":{"line":9,"column":37},"end":{"line":9,"column":47}},"type":"default-arg","locations":[{"start":{"line":9,"column":45},"end":{"line":9,"column":47}}],"line":9},"2":{"loc":{"start":{"line":14,"column":8},"end":{"line":16,"column":9}},"type":"if","locations":[{"start":{"line":14,"column":8},"end":{"line":16,"column":9}},{"start":{"line":14,"column":8},"end":{"line":16,"column":9}}],"line":14}},"s":{"0":1,"1":1,"2":1,"3":0,"4":0,"5":0,"6":0,"7":0,"8":0,"9":0,"10":0,"11":1},"f":{"0":0,"1":0,"2":0},"b":{"0":[0],"1":[0],"2":[0,0]},"_coverageSchema":"1a1c01bbd47fc00a2c39e90264f33305004495a9","hash":"bed32222d2ae1887472eff71bc57fd97f56017bb","contentHash":"481a55d5a8026a714658e276b821beef49588bb852f644966826a7112400483a"}
,"/Users/nishantmathur/Documents/prem-green/Vup-node/app/controllers/auth/helpers/findForgotPassword.js": {"path":"/Users/nishantmathur/Documents/prem-green/Vup-node/app/controllers/auth/helpers/findForgotPassword.js","statementMap":{"0":{"start":{"line":1,"column":23},"end":{"line":1,"column":64}},"1":{"start":{"line":2,"column":25},"end":{"line":2,"column":61}},"2":{"start":{"line":8,"column":27},"end":{"line":25,"column":1}},"3":{"start":{"line":9,"column":2},"end":{"line":24,"column":4}},"4":{"start":{"line":10,"column":4},"end":{"line":23,"column":5}},"5":{"start":{"line":16,"column":8},"end":{"line":21,"column":9}},"6":{"start":{"line":17,"column":10},"end":{"line":17,"column":68}},"7":{"start":{"line":18,"column":10},"end":{"line":18,"column":23}},"8":{"start":{"line":20,"column":10},"end":{"line":20,"column":23}},"9":{"start":{"line":27,"column":0},"end":{"line":27,"column":39}}},"fnMap":{"0":{"name":"(anonymous_0)","decl":{"start":{"line":8,"column":27},"end":{"line":8,"column":28}},"loc":{"start":{"line":8,"column":40},"end":{"line":25,"column":1}},"line":8},"1":{"name":"(anonymous_1)","decl":{"start":{"line":9,"column":21},"end":{"line":9,"column":22}},"loc":{"start":{"line":9,"column":42},"end":{"line":24,"column":3}},"line":9},"2":{"name":"(anonymous_2)","decl":{"start":{"line":15,"column":6},"end":{"line":15,"column":7}},"loc":{"start":{"line":15,"column":27},"end":{"line":22,"column":7}},"line":15}},"branchMap":{"0":{"loc":{"start":{"line":8,"column":28},"end":{"line":8,"column":35}},"type":"default-arg","locations":[{"start":{"line":8,"column":33},"end":{"line":8,"column":35}}],"line":8}},"s":{"0":1,"1":1,"2":1,"3":0,"4":0,"5":0,"6":0,"7":0,"8":0,"9":1},"f":{"0":0,"1":0,"2":0},"b":{"0":[0]},"_coverageSchema":"1a1c01bbd47fc00a2c39e90264f33305004495a9","hash":"ea64b031ced78fc751092a9b2adb1d90cc14c7e4","contentHash":"a5f7812abd297bd1b6b34aa25e49892fe87064a51fe22919c512ba425df28f10"}
,"/Users/nishantmathur/Documents/prem-green/Vup-node/app/controllers/auth/helpers/findUser.js": {"path":"/Users/nishantmathur/Documents/prem-green/Vup-node/app/controllers/auth/helpers/findUser.js","statementMap":{"0":{"start":{"line":1,"column":13},"end":{"line":1,"column":44}},"1":{"start":{"line":2,"column":25},"end":{"line":2,"column":61}},"2":{"start":{"line":8,"column":17},"end":{"line":25,"column":1}},"3":{"start":{"line":9,"column":2},"end":{"line":24,"column":4}},"4":{"start":{"line":10,"column":4},"end":{"line":23,"column":5}},"5":{"start":{"line":16,"column":8},"end":{"line":21,"column":9}},"6":{"start":{"line":17,"column":10},"end":{"line":17,"column":62}},"7":{"start":{"line":18,"column":10},"end":{"line":18,"column":23}},"8":{"start":{"line":20,"column":10},"end":{"line":20,"column":23}},"9":{"start":{"line":27,"column":0},"end":{"line":27,"column":29}}},"fnMap":{"0":{"name":"(anonymous_0)","decl":{"start":{"line":8,"column":17},"end":{"line":8,"column":18}},"loc":{"start":{"line":8,"column":33},"end":{"line":25,"column":1}},"line":8},"1":{"name":"(anonymous_1)","decl":{"start":{"line":9,"column":21},"end":{"line":9,"column":22}},"loc":{"start":{"line":9,"column":42},"end":{"line":24,"column":3}},"line":9},"2":{"name":"(anonymous_2)","decl":{"start":{"line":15,"column":6},"end":{"line":15,"column":7}},"loc":{"start":{"line":15,"column":27},"end":{"line":22,"column":7}},"line":15}},"branchMap":{"0":{"loc":{"start":{"line":8,"column":18},"end":{"line":8,"column":28}},"type":"default-arg","locations":[{"start":{"line":8,"column":26},"end":{"line":8,"column":28}}],"line":8}},"s":{"0":1,"1":1,"2":1,"3":13,"4":13,"5":13,"6":13,"7":5,"8":8,"9":1},"f":{"0":13,"1":13,"2":13},"b":{"0":[0]},"_coverageSchema":"1a1c01bbd47fc00a2c39e90264f33305004495a9","hash":"dac041e9615ac1fea8e2ff40948dabf86c8585ca","contentHash":"a7040713e0fd7d014de5745ca27926ab3df14c0a840afd62b8876444f8201c16"}
,"/Users/nishantmathur/Documents/prem-green/Vup-node/app/controllers/auth/helpers/findUserById.js": {"path":"/Users/nishantmathur/Documents/prem-green/Vup-node/app/controllers/auth/helpers/findUserById.js","statementMap":{"0":{"start":{"line":1,"column":13},"end":{"line":1,"column":44}},"1":{"start":{"line":2,"column":25},"end":{"line":2,"column":61}},"2":{"start":{"line":8,"column":21},"end":{"line":19,"column":1}},"3":{"start":{"line":9,"column":2},"end":{"line":18,"column":4}},"4":{"start":{"line":10,"column":4},"end":{"line":17,"column":6}},"5":{"start":{"line":11,"column":6},"end":{"line":16,"column":7}},"6":{"start":{"line":12,"column":8},"end":{"line":12,"column":60}},"7":{"start":{"line":13,"column":8},"end":{"line":13,"column":21}},"8":{"start":{"line":15,"column":8},"end":{"line":15,"column":21}},"9":{"start":{"line":21,"column":0},"end":{"line":21,"column":33}}},"fnMap":{"0":{"name":"(anonymous_0)","decl":{"start":{"line":8,"column":21},"end":{"line":8,"column":22}},"loc":{"start":{"line":8,"column":38},"end":{"line":19,"column":1}},"line":8},"1":{"name":"(anonymous_1)","decl":{"start":{"line":9,"column":21},"end":{"line":9,"column":22}},"loc":{"start":{"line":9,"column":42},"end":{"line":18,"column":3}},"line":9},"2":{"name":"(anonymous_2)","decl":{"start":{"line":10,"column":26},"end":{"line":10,"column":27}},"loc":{"start":{"line":10,"column":47},"end":{"line":17,"column":5}},"line":10}},"branchMap":{"0":{"loc":{"start":{"line":8,"column":22},"end":{"line":8,"column":33}},"type":"default-arg","locations":[{"start":{"line":8,"column":31},"end":{"line":8,"column":33}}],"line":8}},"s":{"0":1,"1":1,"2":1,"3":0,"4":0,"5":0,"6":0,"7":0,"8":0,"9":1},"f":{"0":0,"1":0,"2":0},"b":{"0":[0]},"_coverageSchema":"1a1c01bbd47fc00a2c39e90264f33305004495a9","hash":"8e341c0c26b896f4645a873f21ff5b7aed326efd","contentHash":"2bba91a8c9b202be7bad7618470c315ee7c23e5f7786ee7bfa57dd0b0dd545c8"}
,"/Users/nishantmathur/Documents/prem-green/Vup-node/app/controllers/auth/helpers/findUserToResetPassword.js": {"path":"/Users/nishantmathur/Documents/prem-green/Vup-node/app/controllers/auth/helpers/findUserToResetPassword.js","statementMap":{"0":{"start":{"line":1,"column":13},"end":{"line":1,"column":44}},"1":{"start":{"line":2,"column":25},"end":{"line":2,"column":61}},"2":{"start":{"line":8,"column":32},"end":{"line":24,"column":1}},"3":{"start":{"line":9,"column":2},"end":{"line":23,"column":4}},"4":{"start":{"line":10,"column":4},"end":{"line":22,"column":5}},"5":{"start":{"line":15,"column":8},"end":{"line":20,"column":9}},"6":{"start":{"line":16,"column":10},"end":{"line":16,"column":52}},"7":{"start":{"line":17,"column":10},"end":{"line":17,"column":23}},"8":{"start":{"line":19,"column":10},"end":{"line":19,"column":23}},"9":{"start":{"line":26,"column":0},"end":{"line":26,"column":44}}},"fnMap":{"0":{"name":"(anonymous_0)","decl":{"start":{"line":8,"column":32},"end":{"line":8,"column":33}},"loc":{"start":{"line":8,"column":48},"end":{"line":24,"column":1}},"line":8},"1":{"name":"(anonymous_1)","decl":{"start":{"line":9,"column":21},"end":{"line":9,"column":22}},"loc":{"start":{"line":9,"column":42},"end":{"line":23,"column":3}},"line":9},"2":{"name":"(anonymous_2)","decl":{"start":{"line":14,"column":6},"end":{"line":14,"column":7}},"loc":{"start":{"line":14,"column":27},"end":{"line":21,"column":7}},"line":14}},"branchMap":{"0":{"loc":{"start":{"line":8,"column":33},"end":{"line":8,"column":43}},"type":"default-arg","locations":[{"start":{"line":8,"column":41},"end":{"line":8,"column":43}}],"line":8}},"s":{"0":1,"1":1,"2":1,"3":0,"4":0,"5":0,"6":0,"7":0,"8":0,"9":1},"f":{"0":0,"1":0,"2":0},"b":{"0":[0]},"_coverageSchema":"1a1c01bbd47fc00a2c39e90264f33305004495a9","hash":"8498bd328ce902b11dccf14d3b139d96b031352f","contentHash":"ae7655dc4d9fa4e130178de81fdaef53bdbc3d1521d4ebd4e2495edb1a3f574a"}
,"/Users/nishantmathur/Documents/prem-green/Vup-node/app/controllers/auth/helpers/forgotPasswordResponse.js": {"path":"/Users/nishantmathur/Documents/prem-green/Vup-node/app/controllers/auth/helpers/forgotPasswordResponse.js","statementMap":{"0":{"start":{"line":5,"column":31},"end":{"line":17,"column":1}},"1":{"start":{"line":6,"column":13},"end":{"line":9,"column":3}},"2":{"start":{"line":10,"column":2},"end":{"line":15,"column":3}},"3":{"start":{"line":11,"column":4},"end":{"line":14,"column":5}},"4":{"start":{"line":16,"column":2},"end":{"line":16,"column":13}},"5":{"start":{"line":19,"column":0},"end":{"line":19,"column":43}}},"fnMap":{"0":{"name":"(anonymous_0)","decl":{"start":{"line":5,"column":31},"end":{"line":5,"column":32}},"loc":{"start":{"line":5,"column":70},"end":{"line":17,"column":1}},"line":5}},"branchMap":{"0":{"loc":{"start":{"line":5,"column":34},"end":{"line":5,"column":44}},"type":"default-arg","locations":[{"start":{"line":5,"column":42},"end":{"line":5,"column":44}}],"line":5},"1":{"loc":{"start":{"line":5,"column":46},"end":{"line":5,"column":63}},"type":"default-arg","locations":[{"start":{"line":5,"column":61},"end":{"line":5,"column":63}}],"line":5},"2":{"loc":{"start":{"line":10,"column":2},"end":{"line":15,"column":3}},"type":"if","locations":[{"start":{"line":10,"column":2},"end":{"line":15,"column":3}},{"start":{"line":10,"column":2},"end":{"line":15,"column":3}}],"line":10}},"s":{"0":1,"1":0,"2":0,"3":0,"4":0,"5":1},"f":{"0":0},"b":{"0":[0],"1":[0],"2":[0,0]},"_coverageSchema":"1a1c01bbd47fc00a2c39e90264f33305004495a9","hash":"885d22be76bb95588171c974e1ab067f65579974","contentHash":"957513fed1a9ff2383284be622ab392f7c39d876d120375c7f09dce554c9ee03"}
,"/Users/nishantmathur/Documents/prem-green/Vup-node/app/controllers/auth/helpers/generateToken.js": {"path":"/Users/nishantmathur/Documents/prem-green/Vup-node/app/controllers/auth/helpers/generateToken.js","statementMap":{"0":{"start":{"line":1,"column":12},"end":{"line":1,"column":35}},"1":{"start":{"line":2,"column":20},"end":{"line":2,"column":55}},"2":{"start":{"line":8,"column":22},"end":{"line":29,"column":1}},"3":{"start":{"line":9,"column":2},"end":{"line":28,"column":3}},"4":{"start":{"line":12,"column":6},"end":{"line":12,"column":80}},"5":{"start":{"line":15,"column":4},"end":{"line":25,"column":5}},"6":{"start":{"line":27,"column":4},"end":{"line":27,"column":15}},"7":{"start":{"line":31,"column":0},"end":{"line":31,"column":34}}},"fnMap":{"0":{"name":"(anonymous_0)","decl":{"start":{"line":8,"column":22},"end":{"line":8,"column":23}},"loc":{"start":{"line":8,"column":37},"end":{"line":29,"column":1}},"line":8}},"branchMap":{"0":{"loc":{"start":{"line":8,"column":23},"end":{"line":8,"column":32}},"type":"default-arg","locations":[{"start":{"line":8,"column":30},"end":{"line":8,"column":32}}],"line":8}},"s":{"0":1,"1":1,"2":1,"3":0,"4":0,"5":0,"6":0,"7":1},"f":{"0":0},"b":{"0":[0]},"_coverageSchema":"1a1c01bbd47fc00a2c39e90264f33305004495a9","hash":"c492460caa1e8decb45e254afc23f90c988ae412","contentHash":"5532769b578ad5eb78252c96bdc2e9df76fb48431703a59e92316c318d0300dd"}
,"/Users/nishantmathur/Documents/prem-green/Vup-node/app/controllers/auth/helpers/getUserIdFromToken.js": {"path":"/Users/nishantmathur/Documents/prem-green/Vup-node/app/controllers/auth/helpers/getUserIdFromToken.js","statementMap":{"0":{"start":{"line":1,"column":12},"end":{"line":1,"column":35}},"1":{"start":{"line":2,"column":27},"end":{"line":2,"column":63}},"2":{"start":{"line":3,"column":20},"end":{"line":3,"column":55}},"3":{"start":{"line":9,"column":27},"end":{"line":19,"column":1}},"4":{"start":{"line":10,"column":2},"end":{"line":18,"column":4}},"5":{"start":{"line":12,"column":4},"end":{"line":17,"column":6}},"6":{"start":{"line":13,"column":6},"end":{"line":15,"column":7}},"7":{"start":{"line":14,"column":8},"end":{"line":14,"column":48}},"8":{"start":{"line":16,"column":6},"end":{"line":16,"column":31}},"9":{"start":{"line":21,"column":0},"end":{"line":21,"column":39}}},"fnMap":{"0":{"name":"(anonymous_0)","decl":{"start":{"line":9,"column":27},"end":{"line":9,"column":28}},"loc":{"start":{"line":9,"column":43},"end":{"line":19,"column":1}},"line":9},"1":{"name":"(anonymous_1)","decl":{"start":{"line":10,"column":21},"end":{"line":10,"column":22}},"loc":{"start":{"line":10,"column":42},"end":{"line":18,"column":3}},"line":10},"2":{"name":"(anonymous_2)","decl":{"start":{"line":12,"column":55},"end":{"line":12,"column":56}},"loc":{"start":{"line":12,"column":73},"end":{"line":17,"column":5}},"line":12}},"branchMap":{"0":{"loc":{"start":{"line":9,"column":28},"end":{"line":9,"column":38}},"type":"default-arg","locations":[{"start":{"line":9,"column":36},"end":{"line":9,"column":38}}],"line":9},"1":{"loc":{"start":{"line":13,"column":6},"end":{"line":15,"column":7}},"type":"if","locations":[{"start":{"line":13,"column":6},"end":{"line":15,"column":7}},{"start":{"line":13,"column":6},"end":{"line":15,"column":7}}],"line":13}},"s":{"0":1,"1":1,"2":1,"3":1,"4":0,"5":0,"6":0,"7":0,"8":0,"9":1},"f":{"0":0,"1":0,"2":0},"b":{"0":[0],"1":[0,0]},"_coverageSchema":"1a1c01bbd47fc00a2c39e90264f33305004495a9","hash":"b4bfb279b1ffd6a8af2832b7a575e14aedc6ed29","contentHash":"fa78fbcb33ba52c53ef7cdad85483e5852ba366d05915765c188920b6c9e6f99"}
,"/Users/nishantmathur/Documents/prem-green/Vup-node/app/controllers/auth/helpers/index.js": {"path":"/Users/nishantmathur/Documents/prem-green/Vup-node/app/controllers/auth/helpers/index.js","statementMap":{"0":{"start":{"line":1,"column":27},"end":{"line":1,"column":54}},"1":{"start":{"line":2,"column":22},"end":{"line":2,"column":44}},"2":{"start":{"line":5,"column":4},"end":{"line":5,"column":50}},"3":{"start":{"line":6,"column":29},"end":{"line":6,"column":58}},"4":{"start":{"line":7,"column":31},"end":{"line":7,"column":62}},"5":{"start":{"line":8,"column":21},"end":{"line":8,"column":42}},"6":{"start":{"line":9,"column":25},"end":{"line":9,"column":50}},"7":{"start":{"line":10,"column":36},"end":{"line":10,"column":72}},"8":{"start":{"line":11,"column":35},"end":{"line":11,"column":70}},"9":{"start":{"line":12,"column":26},"end":{"line":12,"column":52}},"10":{"start":{"line":13,"column":31},"end":{"line":13,"column":62}},"11":{"start":{"line":14,"column":36},"end":{"line":14,"column":72}},"12":{"start":{"line":15,"column":32},"end":{"line":15,"column":64}},"13":{"start":{"line":16,"column":25},"end":{"line":16,"column":50}},"14":{"start":{"line":17,"column":32},"end":{"line":17,"column":64}},"15":{"start":{"line":18,"column":31},"end":{"line":18,"column":62}},"16":{"start":{"line":19,"column":34},"end":{"line":19,"column":68}},"17":{"start":{"line":22,"column":4},"end":{"line":22,"column":45}},"18":{"start":{"line":23,"column":24},"end":{"line":23,"column":48}},"19":{"start":{"line":24,"column":27},"end":{"line":24,"column":54}},"20":{"start":{"line":25,"column":26},"end":{"line":25,"column":52}},"21":{"start":{"line":26,"column":31},"end":{"line":26,"column":62}},"22":{"start":{"line":27,"column":23},"end":{"line":27,"column":46}},"23":{"start":{"line":29,"column":0},"end":{"line":53,"column":1}}},"fnMap":{},"branchMap":{},"s":{"0":1,"1":1,"2":1,"3":1,"4":1,"5":1,"6":1,"7":1,"8":1,"9":1,"10":1,"11":1,"12":1,"13":1,"14":1,"15":1,"16":1,"17":1,"18":1,"19":1,"20":1,"21":1,"22":1,"23":1},"f":{},"b":{},"_coverageSchema":"1a1c01bbd47fc00a2c39e90264f33305004495a9","hash":"137ecb385d19856e8117f19f07594fdbd6542743","contentHash":"69a8a8f803a77e8a5558cee74e5db025103be064dc93e9bc788563bba25e1e24"}
,"/Users/nishantmathur/Documents/prem-green/Vup-node/app/controllers/auth/helpers/markResetPasswordAsUsed.js": {"path":"/Users/nishantmathur/Documents/prem-green/Vup-node/app/controllers/auth/helpers/markResetPasswordAsUsed.js","statementMap":{"0":{"start":{"line":7,"column":4},"end":{"line":7,"column":40}},"1":{"start":{"line":14,"column":32},"end":{"line":29,"column":1}},"2":{"start":{"line":15,"column":2},"end":{"line":28,"column":4}},"3":{"start":{"line":16,"column":4},"end":{"line":16,"column":22}},"4":{"start":{"line":17,"column":4},"end":{"line":17,"column":33}},"5":{"start":{"line":18,"column":4},"end":{"line":18,"column":47}},"6":{"start":{"line":19,"column":4},"end":{"line":19,"column":43}},"7":{"start":{"line":20,"column":4},"end":{"line":27,"column":6}},"8":{"start":{"line":21,"column":6},"end":{"line":26,"column":7}},"9":{"start":{"line":22,"column":8},"end":{"line":22,"column":50}},"10":{"start":{"line":23,"column":8},"end":{"line":23,"column":52}},"11":{"start":{"line":25,"column":8},"end":{"line":25,"column":21}},"12":{"start":{"line":31,"column":0},"end":{"line":31,"column":44}}},"fnMap":{"0":{"name":"(anonymous_0)","decl":{"start":{"line":14,"column":32},"end":{"line":14,"column":33}},"loc":{"start":{"line":14,"column":59},"end":{"line":29,"column":1}},"line":14},"1":{"name":"(anonymous_1)","decl":{"start":{"line":15,"column":21},"end":{"line":15,"column":22}},"loc":{"start":{"line":15,"column":42},"end":{"line":28,"column":3}},"line":15},"2":{"name":"(anonymous_2)","decl":{"start":{"line":20,"column":16},"end":{"line":20,"column":17}},"loc":{"start":{"line":20,"column":37},"end":{"line":27,"column":5}},"line":20}},"branchMap":{"0":{"loc":{"start":{"line":14,"column":33},"end":{"line":14,"column":41}},"type":"default-arg","locations":[{"start":{"line":14,"column":39},"end":{"line":14,"column":41}}],"line":14},"1":{"loc":{"start":{"line":14,"column":43},"end":{"line":14,"column":54}},"type":"default-arg","locations":[{"start":{"line":14,"column":52},"end":{"line":14,"column":54}}],"line":14}},"s":{"0":1,"1":1,"2":0,"3":0,"4":0,"5":0,"6":0,"7":0,"8":0,"9":0,"10":0,"11":0,"12":1},"f":{"0":0,"1":0,"2":0},"b":{"0":[0],"1":[0]},"_coverageSchema":"1a1c01bbd47fc00a2c39e90264f33305004495a9","hash":"dcc1ad22976eba398b8925339fe7e42fa953b68b","contentHash":"2761f4a78fb6c60aede68ce195a9b522d94043a81b45379e52df3e0921acde21"}
,"/Users/nishantmathur/Documents/prem-green/Vup-node/app/controllers/auth/helpers/passwordsDoNotMatch.js": {"path":"/Users/nishantmathur/Documents/prem-green/Vup-node/app/controllers/auth/helpers/passwordsDoNotMatch.js","statementMap":{"0":{"start":{"line":1,"column":34},"end":{"line":1,"column":68}},"1":{"start":{"line":2,"column":22},"end":{"line":2,"column":44}},"2":{"start":{"line":3,"column":27},"end":{"line":3,"column":63}},"3":{"start":{"line":4,"column":23},"end":{"line":4,"column":24}},"4":{"start":{"line":10,"column":28},"end":{"line":24,"column":1}},"5":{"start":{"line":11,"column":2},"end":{"line":23,"column":4}},"6":{"start":{"line":12,"column":4},"end":{"line":22,"column":5}},"7":{"start":{"line":13,"column":6},"end":{"line":13,"column":29}},"8":{"start":{"line":14,"column":6},"end":{"line":14,"column":39}},"9":{"start":{"line":15,"column":6},"end":{"line":17,"column":7}},"10":{"start":{"line":16,"column":8},"end":{"line":16,"column":60}},"11":{"start":{"line":19,"column":6},"end":{"line":19,"column":36}},"12":{"start":{"line":21,"column":6},"end":{"line":21,"column":17}},"13":{"start":{"line":26,"column":0},"end":{"line":26,"column":40}}},"fnMap":{"0":{"name":"(anonymous_0)","decl":{"start":{"line":10,"column":28},"end":{"line":10,"column":29}},"loc":{"start":{"line":10,"column":49},"end":{"line":24,"column":1}},"line":10},"1":{"name":"(anonymous_1)","decl":{"start":{"line":11,"column":21},"end":{"line":11,"column":22}},"loc":{"start":{"line":11,"column":48},"end":{"line":23,"column":3}},"line":11}},"branchMap":{"0":{"loc":{"start":{"line":10,"column":35},"end":{"line":10,"column":44}},"type":"default-arg","locations":[{"start":{"line":10,"column":42},"end":{"line":10,"column":44}}],"line":10},"1":{"loc":{"start":{"line":15,"column":6},"end":{"line":17,"column":7}},"type":"if","locations":[{"start":{"line":15,"column":6},"end":{"line":17,"column":7}},{"start":{"line":15,"column":6},"end":{"line":17,"column":7}}],"line":15}},"s":{"0":1,"1":1,"2":1,"3":1,"4":1,"5":0,"6":0,"7":0,"8":0,"9":0,"10":0,"11":0,"12":0,"13":1},"f":{"0":0,"1":0},"b":{"0":[0],"1":[0,0]},"_coverageSchema":"1a1c01bbd47fc00a2c39e90264f33305004495a9","hash":"fde37eaf5f5f660d98c1b07ef346f9d35e76ff4f","contentHash":"6b954618249f80bfaf1d3225cae186f9bb239e865759401b9f97fae1dccd3b94"}
,"/Users/nishantmathur/Documents/prem-green/Vup-node/app/controllers/auth/helpers/registerUser.js": {"path":"/Users/nishantmathur/Documents/prem-green/Vup-node/app/controllers/auth/helpers/registerUser.js","statementMap":{"0":{"start":{"line":1,"column":13},"end":{"line":1,"column":28}},"1":{"start":{"line":2,"column":13},"end":{"line":2,"column":44}},"2":{"start":{"line":3,"column":27},"end":{"line":3,"column":63}},"3":{"start":{"line":9,"column":21},"end":{"line":24,"column":1}},"4":{"start":{"line":10,"column":2},"end":{"line":23,"column":4}},"5":{"start":{"line":11,"column":17},"end":{"line":16,"column":6}},"6":{"start":{"line":17,"column":4},"end":{"line":22,"column":6}},"7":{"start":{"line":18,"column":6},"end":{"line":20,"column":7}},"8":{"start":{"line":19,"column":8},"end":{"line":19,"column":48}},"9":{"start":{"line":21,"column":6},"end":{"line":21,"column":19}},"10":{"start":{"line":26,"column":0},"end":{"line":26,"column":33}}},"fnMap":{"0":{"name":"(anonymous_0)","decl":{"start":{"line":9,"column":21},"end":{"line":9,"column":22}},"loc":{"start":{"line":9,"column":35},"end":{"line":24,"column":1}},"line":9},"1":{"name":"(anonymous_1)","decl":{"start":{"line":10,"column":21},"end":{"line":10,"column":22}},"loc":{"start":{"line":10,"column":42},"end":{"line":23,"column":3}},"line":10},"2":{"name":"(anonymous_2)","decl":{"start":{"line":17,"column":14},"end":{"line":17,"column":15}},"loc":{"start":{"line":17,"column":29},"end":{"line":22,"column":5}},"line":17}},"branchMap":{"0":{"loc":{"start":{"line":9,"column":22},"end":{"line":9,"column":30}},"type":"default-arg","locations":[{"start":{"line":9,"column":28},"end":{"line":9,"column":30}}],"line":9},"1":{"loc":{"start":{"line":18,"column":6},"end":{"line":20,"column":7}},"type":"if","locations":[{"start":{"line":18,"column":6},"end":{"line":20,"column":7}},{"start":{"line":18,"column":6},"end":{"line":20,"column":7}}],"line":18}},"s":{"0":1,"1":1,"2":1,"3":1,"4":3,"5":3,"6":3,"7":3,"8":3,"9":3,"10":1},"f":{"0":3,"1":3,"2":3},"b":{"0":[0],"1":[3,0]},"_coverageSchema":"1a1c01bbd47fc00a2c39e90264f33305004495a9","hash":"24eb6f1fd6713e7fad35d5c768dbbb88ce2acae3","contentHash":"017565aab1f40c1c8d5281234a1e3c9f4e154ae4a0a4177408170a9e43f7a5b0"}
,"/Users/nishantmathur/Documents/prem-green/Vup-node/app/controllers/auth/helpers/returnRegisterToken.js": {"path":"/Users/nishantmathur/Documents/prem-green/Vup-node/app/controllers/auth/helpers/returnRegisterToken.js","statementMap":{"0":{"start":{"line":1,"column":26},"end":{"line":1,"column":52}},"1":{"start":{"line":8,"column":28},"end":{"line":22,"column":1}},"2":{"start":{"line":12,"column":2},"end":{"line":21,"column":4}},"3":{"start":{"line":13,"column":4},"end":{"line":15,"column":5}},"4":{"start":{"line":14,"column":6},"end":{"line":14,"column":42}},"5":{"start":{"line":16,"column":17},"end":{"line":19,"column":5}},"6":{"start":{"line":20,"column":4},"end":{"line":20,"column":17}},"7":{"start":{"line":24,"column":0},"end":{"line":24,"column":40}}},"fnMap":{"0":{"name":"(anonymous_0)","decl":{"start":{"line":8,"column":28},"end":{"line":8,"column":29}},"loc":{"start":{"line":11,"column":5},"end":{"line":22,"column":1}},"line":11},"1":{"name":"(anonymous_1)","decl":{"start":{"line":12,"column":21},"end":{"line":12,"column":22}},"loc":{"start":{"line":12,"column":34},"end":{"line":21,"column":3}},"line":12}},"branchMap":{"0":{"loc":{"start":{"line":9,"column":4},"end":{"line":9,"column":12}},"type":"default-arg","locations":[{"start":{"line":9,"column":10},"end":{"line":9,"column":12}}],"line":9},"1":{"loc":{"start":{"line":9,"column":14},"end":{"line":9,"column":31}},"type":"default-arg","locations":[{"start":{"line":9,"column":29},"end":{"line":9,"column":31}}],"line":9},"2":{"loc":{"start":{"line":10,"column":2},"end":{"line":10,"column":15}},"type":"default-arg","locations":[{"start":{"line":10,"column":13},"end":{"line":10,"column":15}}],"line":10},"3":{"loc":{"start":{"line":13,"column":4},"end":{"line":15,"column":5}},"type":"if","locations":[{"start":{"line":13,"column":4},"end":{"line":15,"column":5}},{"start":{"line":13,"column":4},"end":{"line":15,"column":5}}],"line":13}},"s":{"0":1,"1":1,"2":0,"3":0,"4":0,"5":0,"6":0,"7":1},"f":{"0":0,"1":0},"b":{"0":[0],"1":[0],"2":[0],"3":[0,0]},"_coverageSchema":"1a1c01bbd47fc00a2c39e90264f33305004495a9","hash":"b3f97f1a4d2bc172d02dff5bdda26da7c29b8328","contentHash":"e61d5fd91c1c6abf19b5135dde4d7e14947558f5836c976367b6b577626582a4"}
,"/Users/nishantmathur/Documents/prem-green/Vup-node/app/controllers/auth/helpers/saveForgotPassword.js": {"path":"/Users/nishantmathur/Documents/prem-green/Vup-node/app/controllers/auth/helpers/saveForgotPassword.js","statementMap":{"0":{"start":{"line":1,"column":13},"end":{"line":1,"column":28}},"1":{"start":{"line":2,"column":23},"end":{"line":2,"column":64}},"2":{"start":{"line":8,"column":4},"end":{"line":8,"column":40}},"3":{"start":{"line":14,"column":27},"end":{"line":30,"column":1}},"4":{"start":{"line":15,"column":2},"end":{"line":29,"column":4}},"5":{"start":{"line":16,"column":19},"end":{"line":22,"column":6}},"6":{"start":{"line":23,"column":4},"end":{"line":28,"column":6}},"7":{"start":{"line":24,"column":6},"end":{"line":26,"column":7}},"8":{"start":{"line":25,"column":8},"end":{"line":25,"column":55}},"9":{"start":{"line":27,"column":6},"end":{"line":27,"column":19}},"10":{"start":{"line":32,"column":0},"end":{"line":32,"column":39}}},"fnMap":{"0":{"name":"(anonymous_0)","decl":{"start":{"line":14,"column":27},"end":{"line":14,"column":28}},"loc":{"start":{"line":14,"column":41},"end":{"line":30,"column":1}},"line":14},"1":{"name":"(anonymous_1)","decl":{"start":{"line":15,"column":21},"end":{"line":15,"column":22}},"loc":{"start":{"line":15,"column":42},"end":{"line":29,"column":3}},"line":15},"2":{"name":"(anonymous_2)","decl":{"start":{"line":23,"column":16},"end":{"line":23,"column":17}},"loc":{"start":{"line":23,"column":31},"end":{"line":28,"column":5}},"line":23}},"branchMap":{"0":{"loc":{"start":{"line":14,"column":28},"end":{"line":14,"column":36}},"type":"default-arg","locations":[{"start":{"line":14,"column":34},"end":{"line":14,"column":36}}],"line":14},"1":{"loc":{"start":{"line":24,"column":6},"end":{"line":26,"column":7}},"type":"if","locations":[{"start":{"line":24,"column":6},"end":{"line":26,"column":7}},{"start":{"line":24,"column":6},"end":{"line":26,"column":7}}],"line":24}},"s":{"0":1,"1":1,"2":1,"3":1,"4":0,"5":0,"6":0,"7":0,"8":0,"9":0,"10":1},"f":{"0":0,"1":0,"2":0},"b":{"0":[0],"1":[0,0]},"_coverageSchema":"1a1c01bbd47fc00a2c39e90264f33305004495a9","hash":"1e96149d901b79bf30591f7aa338a9c94fd124f1","contentHash":"60e6f92e3a19e6b0e1b1361dca0e72a5255121349a5e9b2ac2916da566647805"}
,"/Users/nishantmathur/Documents/prem-green/Vup-node/app/controllers/auth/helpers/saveLoginAttemptsToDB.js": {"path":"/Users/nishantmathur/Documents/prem-green/Vup-node/app/controllers/auth/helpers/saveLoginAttemptsToDB.js","statementMap":{"0":{"start":{"line":1,"column":27},"end":{"line":1,"column":63}},"1":{"start":{"line":7,"column":30},"end":{"line":18,"column":1}},"2":{"start":{"line":8,"column":2},"end":{"line":17,"column":4}},"3":{"start":{"line":9,"column":4},"end":{"line":16,"column":6}},"4":{"start":{"line":10,"column":6},"end":{"line":12,"column":7}},"5":{"start":{"line":11,"column":8},"end":{"line":11,"column":55}},"6":{"start":{"line":13,"column":6},"end":{"line":15,"column":7}},"7":{"start":{"line":14,"column":8},"end":{"line":14,"column":21}},"8":{"start":{"line":20,"column":0},"end":{"line":20,"column":42}}},"fnMap":{"0":{"name":"(anonymous_0)","decl":{"start":{"line":7,"column":30},"end":{"line":7,"column":31}},"loc":{"start":{"line":7,"column":45},"end":{"line":18,"column":1}},"line":7},"1":{"name":"(anonymous_1)","decl":{"start":{"line":8,"column":21},"end":{"line":8,"column":22}},"loc":{"start":{"line":8,"column":42},"end":{"line":17,"column":3}},"line":8},"2":{"name":"(anonymous_2)","decl":{"start":{"line":9,"column":14},"end":{"line":9,"column":15}},"loc":{"start":{"line":9,"column":31},"end":{"line":16,"column":5}},"line":9}},"branchMap":{"0":{"loc":{"start":{"line":7,"column":31},"end":{"line":7,"column":40}},"type":"default-arg","locations":[{"start":{"line":7,"column":38},"end":{"line":7,"column":40}}],"line":7},"1":{"loc":{"start":{"line":10,"column":6},"end":{"line":12,"column":7}},"type":"if","locations":[{"start":{"line":10,"column":6},"end":{"line":12,"column":7}},{"start":{"line":10,"column":6},"end":{"line":12,"column":7}}],"line":10},"2":{"loc":{"start":{"line":13,"column":6},"end":{"line":15,"column":7}},"type":"if","locations":[{"start":{"line":13,"column":6},"end":{"line":15,"column":7}},{"start":{"line":13,"column":6},"end":{"line":15,"column":7}}],"line":13}},"s":{"0":1,"1":1,"2":0,"3":0,"4":0,"5":0,"6":0,"7":0,"8":1},"f":{"0":0,"1":0,"2":0},"b":{"0":[0],"1":[0,0],"2":[0,0]},"_coverageSchema":"1a1c01bbd47fc00a2c39e90264f33305004495a9","hash":"f86a8878be9effa13514c34936f778eb87fa0372","contentHash":"004c24eb9b4879903262634c3675030aaef6b67d67afc10664d68b0b962d1aec"}
,"/Users/nishantmathur/Documents/prem-green/Vup-node/app/controllers/auth/helpers/saveUserAccessAndReturnToken.js": {"path":"/Users/nishantmathur/Documents/prem-green/Vup-node/app/controllers/auth/helpers/saveUserAccessAndReturnToken.js","statementMap":{"0":{"start":{"line":1,"column":19},"end":{"line":1,"column":56}},"1":{"start":{"line":2,"column":24},"end":{"line":2,"column":48}},"2":{"start":{"line":3,"column":26},"end":{"line":3,"column":52}},"3":{"start":{"line":9,"column":4},"end":{"line":9,"column":40}},"4":{"start":{"line":16,"column":37},"end":{"line":40,"column":1}},"5":{"start":{"line":17,"column":2},"end":{"line":39,"column":4}},"6":{"start":{"line":18,"column":23},"end":{"line":23,"column":6}},"7":{"start":{"line":24,"column":4},"end":{"line":38,"column":6}},"8":{"start":{"line":25,"column":6},"end":{"line":37,"column":7}},"9":{"start":{"line":26,"column":8},"end":{"line":28,"column":9}},"10":{"start":{"line":27,"column":10},"end":{"line":27,"column":57}},"11":{"start":{"line":29,"column":25},"end":{"line":29,"column":48}},"12":{"start":{"line":31,"column":8},"end":{"line":34,"column":10}},"13":{"start":{"line":36,"column":8},"end":{"line":36,"column":21}},"14":{"start":{"line":42,"column":0},"end":{"line":42,"column":49}}},"fnMap":{"0":{"name":"(anonymous_0)","decl":{"start":{"line":16,"column":37},"end":{"line":16,"column":38}},"loc":{"start":{"line":16,"column":62},"end":{"line":40,"column":1}},"line":16},"1":{"name":"(anonymous_1)","decl":{"start":{"line":17,"column":21},"end":{"line":17,"column":22}},"loc":{"start":{"line":17,"column":42},"end":{"line":39,"column":3}},"line":17},"2":{"name":"(anonymous_2)","decl":{"start":{"line":24,"column":20},"end":{"line":24,"column":21}},"loc":{"start":{"line":24,"column":35},"end":{"line":38,"column":5}},"line":24}},"branchMap":{"0":{"loc":{"start":{"line":16,"column":38},"end":{"line":16,"column":46}},"type":"default-arg","locations":[{"start":{"line":16,"column":44},"end":{"line":16,"column":46}}],"line":16},"1":{"loc":{"start":{"line":16,"column":48},"end":{"line":16,"column":57}},"type":"default-arg","locations":[{"start":{"line":16,"column":55},"end":{"line":16,"column":57}}],"line":16},"2":{"loc":{"start":{"line":26,"column":8},"end":{"line":28,"column":9}},"type":"if","locations":[{"start":{"line":26,"column":8},"end":{"line":28,"column":9}},{"start":{"line":26,"column":8},"end":{"line":28,"column":9}}],"line":26}},"s":{"0":1,"1":1,"2":1,"3":1,"4":1,"5":0,"6":0,"7":0,"8":0,"9":0,"10":0,"11":0,"12":0,"13":0,"14":1},"f":{"0":0,"1":0,"2":0},"b":{"0":[0],"1":[0],"2":[0,0]},"_coverageSchema":"1a1c01bbd47fc00a2c39e90264f33305004495a9","hash":"8b0ccb39ff9211bb55f5bad17fcf970c93e43b9c","contentHash":"812235de78f24ca8912d25b733f300fca2f7745b3e9b7ae81c5d284a2273423d"}
,"/Users/nishantmathur/Documents/prem-green/Vup-node/app/controllers/auth/helpers/setUserInfo.js": {"path":"/Users/nishantmathur/Documents/prem-green/Vup-node/app/controllers/auth/helpers/setUserInfo.js","statementMap":{"0":{"start":{"line":5,"column":20},"end":{"line":23,"column":1}},"1":{"start":{"line":6,"column":2},"end":{"line":22,"column":4}},"2":{"start":{"line":7,"column":15},"end":{"line":13,"column":5}},"3":{"start":{"line":15,"column":4},"end":{"line":20,"column":5}},"4":{"start":{"line":16,"column":6},"end":{"line":19,"column":7}},"5":{"start":{"line":21,"column":4},"end":{"line":21,"column":17}},"6":{"start":{"line":25,"column":0},"end":{"line":25,"column":32}}},"fnMap":{"0":{"name":"(anonymous_0)","decl":{"start":{"line":5,"column":20},"end":{"line":5,"column":21}},"loc":{"start":{"line":5,"column":34},"end":{"line":23,"column":1}},"line":5},"1":{"name":"(anonymous_1)","decl":{"start":{"line":6,"column":21},"end":{"line":6,"column":22}},"loc":{"start":{"line":6,"column":34},"end":{"line":22,"column":3}},"line":6}},"branchMap":{"0":{"loc":{"start":{"line":5,"column":21},"end":{"line":5,"column":29}},"type":"default-arg","locations":[{"start":{"line":5,"column":27},"end":{"line":5,"column":29}}],"line":5},"1":{"loc":{"start":{"line":15,"column":4},"end":{"line":20,"column":5}},"type":"if","locations":[{"start":{"line":15,"column":4},"end":{"line":20,"column":5}},{"start":{"line":15,"column":4},"end":{"line":20,"column":5}}],"line":15}},"s":{"0":1,"1":0,"2":0,"3":0,"4":0,"5":0,"6":1},"f":{"0":0,"1":0},"b":{"0":[0],"1":[0,0]},"_coverageSchema":"1a1c01bbd47fc00a2c39e90264f33305004495a9","hash":"fa90b9701ddf5214ae4ebf520c41361ce4f0a033","contentHash":"d1ce22ee32dae333d498a3d7b5e4174d929df88d6d52de200b175da9aa6b231f"}
,"/Users/nishantmathur/Documents/prem-green/Vup-node/app/controllers/auth/helpers/updatePassword.js": {"path":"/Users/nishantmathur/Documents/prem-green/Vup-node/app/controllers/auth/helpers/updatePassword.js","statementMap":{"0":{"start":{"line":1,"column":25},"end":{"line":1,"column":61}},"1":{"start":{"line":8,"column":23},"end":{"line":20,"column":1}},"2":{"start":{"line":9,"column":2},"end":{"line":19,"column":4}},"3":{"start":{"line":10,"column":4},"end":{"line":10,"column":28}},"4":{"start":{"line":11,"column":4},"end":{"line":18,"column":6}},"5":{"start":{"line":12,"column":6},"end":{"line":17,"column":7}},"6":{"start":{"line":13,"column":8},"end":{"line":13,"column":50}},"7":{"start":{"line":14,"column":8},"end":{"line":14,"column":21}},"8":{"start":{"line":16,"column":8},"end":{"line":16,"column":21}},"9":{"start":{"line":22,"column":0},"end":{"line":22,"column":35}}},"fnMap":{"0":{"name":"(anonymous_0)","decl":{"start":{"line":8,"column":23},"end":{"line":8,"column":24}},"loc":{"start":{"line":8,"column":53},"end":{"line":20,"column":1}},"line":8},"1":{"name":"(anonymous_1)","decl":{"start":{"line":9,"column":21},"end":{"line":9,"column":22}},"loc":{"start":{"line":9,"column":42},"end":{"line":19,"column":3}},"line":9},"2":{"name":"(anonymous_2)","decl":{"start":{"line":11,"column":14},"end":{"line":11,"column":15}},"loc":{"start":{"line":11,"column":35},"end":{"line":18,"column":5}},"line":11}},"branchMap":{"0":{"loc":{"start":{"line":8,"column":24},"end":{"line":8,"column":37}},"type":"default-arg","locations":[{"start":{"line":8,"column":35},"end":{"line":8,"column":37}}],"line":8},"1":{"loc":{"start":{"line":8,"column":39},"end":{"line":8,"column":48}},"type":"default-arg","locations":[{"start":{"line":8,"column":46},"end":{"line":8,"column":48}}],"line":8}},"s":{"0":1,"1":1,"2":0,"3":0,"4":0,"5":0,"6":0,"7":0,"8":0,"9":1},"f":{"0":0,"1":0,"2":0},"b":{"0":[0],"1":[0]},"_coverageSchema":"1a1c01bbd47fc00a2c39e90264f33305004495a9","hash":"58545fd98690c3a12d69934c37cef8373c2ffa15","contentHash":"b8810c12d2d9e6d7bcd02e7b00871710292d3427ef11dc3e7e0b3d62f2265f68"}
,"/Users/nishantmathur/Documents/prem-green/Vup-node/app/controllers/auth/helpers/userIsBlocked.js": {"path":"/Users/nishantmathur/Documents/prem-green/Vup-node/app/controllers/auth/helpers/userIsBlocked.js","statementMap":{"0":{"start":{"line":1,"column":27},"end":{"line":1,"column":63}},"1":{"start":{"line":7,"column":22},"end":{"line":14,"column":1}},"2":{"start":{"line":8,"column":2},"end":{"line":13,"column":4}},"3":{"start":{"line":9,"column":4},"end":{"line":11,"column":5}},"4":{"start":{"line":10,"column":6},"end":{"line":10,"column":56}},"5":{"start":{"line":12,"column":4},"end":{"line":12,"column":17}},"6":{"start":{"line":16,"column":0},"end":{"line":16,"column":34}}},"fnMap":{"0":{"name":"(anonymous_0)","decl":{"start":{"line":7,"column":22},"end":{"line":7,"column":23}},"loc":{"start":{"line":7,"column":37},"end":{"line":14,"column":1}},"line":7},"1":{"name":"(anonymous_1)","decl":{"start":{"line":8,"column":21},"end":{"line":8,"column":22}},"loc":{"start":{"line":8,"column":42},"end":{"line":13,"column":3}},"line":8}},"branchMap":{"0":{"loc":{"start":{"line":7,"column":23},"end":{"line":7,"column":32}},"type":"default-arg","locations":[{"start":{"line":7,"column":30},"end":{"line":7,"column":32}}],"line":7},"1":{"loc":{"start":{"line":9,"column":4},"end":{"line":11,"column":5}},"type":"if","locations":[{"start":{"line":9,"column":4},"end":{"line":11,"column":5}},{"start":{"line":9,"column":4},"end":{"line":11,"column":5}}],"line":9}},"s":{"0":1,"1":1,"2":5,"3":5,"4":0,"5":5,"6":1},"f":{"0":5,"1":5},"b":{"0":[0],"1":[0,5]},"_coverageSchema":"1a1c01bbd47fc00a2c39e90264f33305004495a9","hash":"837d7da5c8128ac4193b022e3d98e2d8d36e1e91","contentHash":"ddbf0ba66bb9fed24c48c9c0ce774d1ac213771294c77852efb617f97457de39"}
,"/Users/nishantmathur/Documents/prem-green/Vup-node/app/controllers/auth/helpers/verificationExists.js": {"path":"/Users/nishantmathur/Documents/prem-green/Vup-node/app/controllers/auth/helpers/verificationExists.js","statementMap":{"0":{"start":{"line":1,"column":13},"end":{"line":1,"column":44}},"1":{"start":{"line":2,"column":25},"end":{"line":2,"column":61}},"2":{"start":{"line":8,"column":27},"end":{"line":25,"column":1}},"3":{"start":{"line":9,"column":2},"end":{"line":24,"column":4}},"4":{"start":{"line":10,"column":4},"end":{"line":23,"column":5}},"5":{"start":{"line":16,"column":8},"end":{"line":21,"column":9}},"6":{"start":{"line":17,"column":10},"end":{"line":17,"column":72}},"7":{"start":{"line":18,"column":10},"end":{"line":18,"column":23}},"8":{"start":{"line":20,"column":10},"end":{"line":20,"column":23}},"9":{"start":{"line":27,"column":0},"end":{"line":27,"column":39}}},"fnMap":{"0":{"name":"(anonymous_0)","decl":{"start":{"line":8,"column":27},"end":{"line":8,"column":28}},"loc":{"start":{"line":8,"column":40},"end":{"line":25,"column":1}},"line":8},"1":{"name":"(anonymous_1)","decl":{"start":{"line":9,"column":21},"end":{"line":9,"column":22}},"loc":{"start":{"line":9,"column":42},"end":{"line":24,"column":3}},"line":9},"2":{"name":"(anonymous_2)","decl":{"start":{"line":15,"column":6},"end":{"line":15,"column":7}},"loc":{"start":{"line":15,"column":27},"end":{"line":22,"column":7}},"line":15}},"branchMap":{"0":{"loc":{"start":{"line":8,"column":28},"end":{"line":8,"column":35}},"type":"default-arg","locations":[{"start":{"line":8,"column":33},"end":{"line":8,"column":35}}],"line":8}},"s":{"0":1,"1":1,"2":1,"3":0,"4":0,"5":0,"6":0,"7":0,"8":0,"9":1},"f":{"0":0,"1":0,"2":0},"b":{"0":[0]},"_coverageSchema":"1a1c01bbd47fc00a2c39e90264f33305004495a9","hash":"c93a11fd9afe781fd6bdb8a767353cfea65b794e","contentHash":"f21d2a3c2a695af0fde23e6f675db1644b64f01cc139eb22d5203151b29c084d"}
,"/Users/nishantmathur/Documents/prem-green/Vup-node/app/controllers/auth/helpers/verifyUser.js": {"path":"/Users/nishantmathur/Documents/prem-green/Vup-node/app/controllers/auth/helpers/verifyUser.js","statementMap":{"0":{"start":{"line":1,"column":27},"end":{"line":1,"column":63}},"1":{"start":{"line":7,"column":19},"end":{"line":20,"column":1}},"2":{"start":{"line":8,"column":2},"end":{"line":19,"column":4}},"3":{"start":{"line":9,"column":4},"end":{"line":9,"column":24}},"4":{"start":{"line":10,"column":4},"end":{"line":18,"column":6}},"5":{"start":{"line":11,"column":6},"end":{"line":13,"column":7}},"6":{"start":{"line":12,"column":8},"end":{"line":12,"column":55}},"7":{"start":{"line":14,"column":6},"end":{"line":17,"column":8}},"8":{"start":{"line":22,"column":0},"end":{"line":22,"column":31}}},"fnMap":{"0":{"name":"(anonymous_0)","decl":{"start":{"line":7,"column":19},"end":{"line":7,"column":20}},"loc":{"start":{"line":7,"column":34},"end":{"line":20,"column":1}},"line":7},"1":{"name":"(anonymous_1)","decl":{"start":{"line":8,"column":21},"end":{"line":8,"column":22}},"loc":{"start":{"line":8,"column":42},"end":{"line":19,"column":3}},"line":8},"2":{"name":"(anonymous_2)","decl":{"start":{"line":10,"column":14},"end":{"line":10,"column":15}},"loc":{"start":{"line":10,"column":29},"end":{"line":18,"column":5}},"line":10}},"branchMap":{"0":{"loc":{"start":{"line":7,"column":20},"end":{"line":7,"column":29}},"type":"default-arg","locations":[{"start":{"line":7,"column":27},"end":{"line":7,"column":29}}],"line":7},"1":{"loc":{"start":{"line":11,"column":6},"end":{"line":13,"column":7}},"type":"if","locations":[{"start":{"line":11,"column":6},"end":{"line":13,"column":7}},{"start":{"line":11,"column":6},"end":{"line":13,"column":7}}],"line":11}},"s":{"0":1,"1":1,"2":0,"3":0,"4":0,"5":0,"6":0,"7":0,"8":1},"f":{"0":0,"1":0,"2":0},"b":{"0":[0],"1":[0,0]},"_coverageSchema":"1a1c01bbd47fc00a2c39e90264f33305004495a9","hash":"5aee7d7452fd8e6fe66318ddef7ac7664cf3c75f","contentHash":"b56f2ceea5fc759827b7bd54bc9ec2897baad9fabecad19e3c28f44c7fed5ad4"}
,"/Users/nishantmathur/Documents/prem-green/Vup-node/app/controllers/auth/validators/index.js": {"path":"/Users/nishantmathur/Documents/prem-green/Vup-node/app/controllers/auth/validators/index.js","statementMap":{"0":{"start":{"line":1,"column":35},"end":{"line":1,"column":70}},"1":{"start":{"line":2,"column":26},"end":{"line":2,"column":52}},"2":{"start":{"line":3,"column":29},"end":{"line":3,"column":58}},"3":{"start":{"line":4,"column":34},"end":{"line":4,"column":68}},"4":{"start":{"line":5,"column":27},"end":{"line":5,"column":54}},"5":{"start":{"line":7,"column":0},"end":{"line":13,"column":1}}},"fnMap":{},"branchMap":{},"s":{"0":1,"1":1,"2":1,"3":1,"4":1,"5":1},"f":{},"b":{},"_coverageSchema":"1a1c01bbd47fc00a2c39e90264f33305004495a9","hash":"7d5351eaf03bd0792d7f1d552ec924612a2c2dfb","contentHash":"8b975e9ebc007120a252e0696db354fb072ce79fa370a253a4c81374574642bd"}
,"/Users/nishantmathur/Documents/prem-green/Vup-node/app/controllers/auth/validators/validateForgotPassword.js": {"path":"/Users/nishantmathur/Documents/prem-green/Vup-node/app/controllers/auth/validators/validateForgotPassword.js","statementMap":{"0":{"start":{"line":1,"column":27},"end":{"line":1,"column":63}},"1":{"start":{"line":2,"column":18},"end":{"line":2,"column":46}},"2":{"start":{"line":7,"column":31},"end":{"line":19,"column":1}},"3":{"start":{"line":17,"column":4},"end":{"line":17,"column":34}},"4":{"start":{"line":21,"column":0},"end":{"line":21,"column":43}}},"fnMap":{"0":{"name":"(anonymous_0)","decl":{"start":{"line":16,"column":2},"end":{"line":16,"column":3}},"loc":{"start":{"line":16,"column":22},"end":{"line":18,"column":3}},"line":16}},"branchMap":{},"s":{"0":1,"1":1,"2":1,"3":1,"4":1},"f":{"0":1},"b":{},"_coverageSchema":"1a1c01bbd47fc00a2c39e90264f33305004495a9","hash":"e85b9fc9854a8c83b2383028bb595f0323384d67","contentHash":"3e38d0c711e6aa0ee23eacad541e0fddb41640933b27dd2675196975193b7e02"}
,"/Users/nishantmathur/Documents/prem-green/Vup-node/app/controllers/auth/validators/validateLogin.js": {"path":"/Users/nishantmathur/Documents/prem-green/Vup-node/app/controllers/auth/validators/validateLogin.js","statementMap":{"0":{"start":{"line":1,"column":27},"end":{"line":1,"column":63}},"1":{"start":{"line":2,"column":18},"end":{"line":2,"column":46}},"2":{"start":{"line":10,"column":22},"end":{"line":32,"column":1}},"3":{"start":{"line":30,"column":4},"end":{"line":30,"column":34}},"4":{"start":{"line":34,"column":0},"end":{"line":34,"column":34}}},"fnMap":{"0":{"name":"(anonymous_0)","decl":{"start":{"line":29,"column":2},"end":{"line":29,"column":3}},"loc":{"start":{"line":29,"column":22},"end":{"line":31,"column":3}},"line":29}},"branchMap":{},"s":{"0":1,"1":1,"2":1,"3":12,"4":1},"f":{"0":12},"b":{},"_coverageSchema":"1a1c01bbd47fc00a2c39e90264f33305004495a9","hash":"a85400f56870e7b2651463a85348ad54f83f29c2","contentHash":"eaf0080184a4f51d7a0782b0fde1cff0b1b5905b5e54ace88f6a372ea40f9dd8"}
,"/Users/nishantmathur/Documents/prem-green/Vup-node/app/controllers/auth/validators/validateRegister.js": {"path":"/Users/nishantmathur/Documents/prem-green/Vup-node/app/controllers/auth/validators/validateRegister.js","statementMap":{"0":{"start":{"line":1,"column":27},"end":{"line":1,"column":63}},"1":{"start":{"line":2,"column":18},"end":{"line":2,"column":46}},"2":{"start":{"line":7,"column":25},"end":{"line":35,"column":1}},"3":{"start":{"line":33,"column":4},"end":{"line":33,"column":34}},"4":{"start":{"line":37,"column":0},"end":{"line":37,"column":37}}},"fnMap":{"0":{"name":"(anonymous_0)","decl":{"start":{"line":32,"column":2},"end":{"line":32,"column":3}},"loc":{"start":{"line":32,"column":22},"end":{"line":34,"column":3}},"line":32}},"branchMap":{},"s":{"0":1,"1":1,"2":1,"3":3,"4":1},"f":{"0":3},"b":{},"_coverageSchema":"1a1c01bbd47fc00a2c39e90264f33305004495a9","hash":"8c54d8c3fcf41595b83f244bc548e7b94753b900","contentHash":"a43b81177d1434c254219961350805a8db992089bc16320d2bb8bd1a2db6edf2"}
,"/Users/nishantmathur/Documents/prem-green/Vup-node/app/controllers/auth/validators/validateResetPassword.js": {"path":"/Users/nishantmathur/Documents/prem-green/Vup-node/app/controllers/auth/validators/validateResetPassword.js","statementMap":{"0":{"start":{"line":1,"column":27},"end":{"line":1,"column":63}},"1":{"start":{"line":2,"column":18},"end":{"line":2,"column":46}},"2":{"start":{"line":7,"column":30},"end":{"line":27,"column":1}},"3":{"start":{"line":25,"column":4},"end":{"line":25,"column":34}},"4":{"start":{"line":29,"column":0},"end":{"line":29,"column":42}}},"fnMap":{"0":{"name":"(anonymous_0)","decl":{"start":{"line":24,"column":2},"end":{"line":24,"column":3}},"loc":{"start":{"line":24,"column":22},"end":{"line":26,"column":3}},"line":24}},"branchMap":{},"s":{"0":1,"1":1,"2":1,"3":1,"4":1},"f":{"0":1},"b":{},"_coverageSchema":"1a1c01bbd47fc00a2c39e90264f33305004495a9","hash":"124cee1a5d674eb6fc6d2394d2ae1a5323151fef","contentHash":"67f74b720e301d0b7f21e154964ee22702ad8c577b350e9a6352cb55ee8fef94"}
,"/Users/nishantmathur/Documents/prem-green/Vup-node/app/controllers/auth/validators/validateVerify.js": {"path":"/Users/nishantmathur/Documents/prem-green/Vup-node/app/controllers/auth/validators/validateVerify.js","statementMap":{"0":{"start":{"line":1,"column":27},"end":{"line":1,"column":63}},"1":{"start":{"line":2,"column":18},"end":{"line":2,"column":46}},"2":{"start":{"line":7,"column":23},"end":{"line":17,"column":1}},"3":{"start":{"line":15,"column":4},"end":{"line":15,"column":34}},"4":{"start":{"line":19,"column":0},"end":{"line":19,"column":35}}},"fnMap":{"0":{"name":"(anonymous_0)","decl":{"start":{"line":14,"column":2},"end":{"line":14,"column":3}},"loc":{"start":{"line":14,"column":22},"end":{"line":16,"column":3}},"line":14}},"branchMap":{},"s":{"0":1,"1":1,"2":1,"3":1,"4":1},"f":{"0":1},"b":{},"_coverageSchema":"1a1c01bbd47fc00a2c39e90264f33305004495a9","hash":"ce500d2f8d33ca6a517677e5192b8e45352ba9c5","contentHash":"bbd6b2025d1c1c4e3d34c72b741c6fa7edeada8b6ae1e3bfba7e93ee0f855082"}
[...]
mous_2)","decl":{"start":{"line":82,"column":13},"end":{"line":82,"column":14}},"loc":{"start":{"line":82,"column":35},"end":{"line":90,"column":1}},"line":82},"3":{"name":"(anonymous_3)","decl":{"start":{"line":83,"column":35},"end":{"line":83,"column":36}},"loc":{"start":{"line":83,"column":55},"end":{"line":89,"column":3}},"line":83},"4":{"name":"(anonymous_4)","decl":{"start":{"line":92,"column":16},"end":{"line":92,"column":17}},"loc":{"start":{"line":92,"column":45},"end":{"line":99,"column":1}},"line":92},"5":{"name":"(anonymous_5)","decl":{"start":{"line":93,"column":30},"end":{"line":93,"column":31}},"loc":{"start":{"line":93,"column":45},"end":{"line":98,"column":3}},"line":93},"6":{"name":"(anonymous_6)","decl":{"start":{"line":101,"column":23},"end":{"line":101,"column":24}},"loc":{"start":{"line":101,"column":39},"end":{"line":108,"column":1}},"line":101},"7":{"name":"(anonymous_7)","decl":{"start":{"line":110,"column":37},"end":{"line":110,"column":38}},"loc":{"start":{"line":110,"column":68},"end":{"line":114,"column":1}},"line":110},"8":{"name":"(anonymous_8)","decl":{"start":{"line":111,"column":49},"end":{"line":111,"column":50}},"loc":{"start":{"line":112,"column":4},"end":{"line":112,"column":37}},"line":112}},"branchMap":{"0":{"loc":{"start":{"line":49,"column":17},"end":{"line":49,"column":53}},"type":"cond-expr","locations":[{"start":{"line":49,"column":28},"end":{"line":49,"column":32}},{"start":{"line":49,"column":35},"end":{"line":49,"column":53}}],"line":49},"1":{"loc":{"start":{"line":59,"column":17},"end":{"line":59,"column":53}},"type":"cond-expr","locations":[{"start":{"line":59,"column":28},"end":{"line":59,"column":32}},{"start":{"line":59,"column":35},"end":{"line":59,"column":53}}],"line":59},"2":{"loc":{"start":{"line":84,"column":4},"end":{"line":86,"column":5}},"type":"if","locations":[{"start":{"line":84,"column":4},"end":{"line":86,"column":5}},{"start":{"line":84,"column":4},"end":{"line":86,"column":5}}],"line":84},"3":{"loc":{"start":{"line":94,"column":4},"end":{"line":96,"column":5}},"type":"if","locations":[{"start":{"line":94,"column":4},"end":{"line":96,"column":5}},{"start":{"line":94,"column":4},"end":{"line":96,"column":5}}],"line":94},"4":{"loc":{"start":{"line":104,"column":2},"end":{"line":106,"column":3}},"type":"if","locations":[{"start":{"line":104,"column":2},"end":{"line":106,"column":3}},{"start":{"line":104,"column":2},"end":{"line":106,"column":3}}],"line":104},"5":{"loc":{"start":{"line":112,"column":4},"end":{"line":112,"column":37}},"type":"cond-expr","locations":[{"start":{"line":112,"column":10},"end":{"line":112,"column":17}},{"start":{"line":112,"column":20},"end":{"line":112,"column":37}}],"line":112}},"s":{"0":1,"1":1,"2":1,"3":1,"4":1,"5":0,"6":0,"7":1,"8":0,"9":0,"10":0,"11":0,"12":0,"13":1,"14":0,"15":0,"16":0,"17":0,"18":1,"19":0,"20":0,"21":0,"22":0,"23":0,"24":1,"25":5,"26":5,"27":1,"28":1},"f":{"0":0,"1":0,"2":0,"3":0,"4":0,"5":0,"6":0,"7":5,"8":5},"b":{"0":[0,0],"1":[0,0],"2":[0,0],"3":[0,0],"4":[0,0],"5":[5,0]},"_coverageSchema":"1a1c01bbd47fc00a2c39e90264f33305004495a9","hash":"d4c69355e8be3cf06b9f828acf8a4b331f5216d6","contentHash":"df6ebd5441747e91b4572bc4dc8d74ba351fac7eb315659f3445d348cedbdda6"}
,"/Users/nishantmathur/Documents/prem-green/Vup-node/app/models/userAccess.js": {"path":"/Users/nishantmathur/Documents/prem-green/Vup-node/app/models/userAccess.js","statementMap":{"0":{"start":{"line":1,"column":17},"end":{"line":1,"column":36}},"1":{"start":{"line":2,"column":18},"end":{"line":2,"column":38}},"2":{"start":{"line":4,"column":25},"end":{"line":32,"column":1}},"3":{"start":{"line":33,"column":0},"end":{"line":33,"column":63}}},"fnMap":{},"branchMap":{},"s":{"0":1,"1":1,"2":1,"3":1},"f":{},"b":{},"_coverageSchema":"1a1c01bbd47fc00a2c39e90264f33305004495a9","hash":"1db82496cfb943f085d87efc9e7a825f4e11a888","contentHash":"c2c8ae71e5da5b9836cd61517f04a8559a473a783753c07be7eb06574d4bd111"}
,"/Users/nishantmathur/Documents/prem-green/Vup-node/app/routes/auth.js": {"path":"/Users/nishantmathur/Documents/prem-green/Vup-node/app/routes/auth.js","statementMap":{"0":{"start":{"line":1,"column":16},"end":{"line":1,"column":34}},"1":{"start":{"line":2,"column":15},"end":{"line":2,"column":31}},"2":{"start":{"line":3,"column":0},"end":{"line":3,"column":32}},"3":{"start":{"line":4,"column":17},"end":{"line":4,"column":36}},"4":{"start":{"line":5,"column":20},"end":{"line":7,"column":2}},"5":{"start":{"line":8,"column":20},"end":{"line":8,"column":43}},"6":{"start":{"line":18,"column":4},"end":{"line":18,"column":34}},"7":{"start":{"line":26,"column":4},"end":{"line":26,"column":45}},"8":{"start":{"line":35,"column":0},"end":{"line":35,"column":69}},"9":{"start":{"line":40,"column":0},"end":{"line":40,"column":63}},"10":{"start":{"line":45,"column":0},"end":{"line":45,"column":79}},"11":{"start":{"line":50,"column":0},"end":{"line":50,"column":76}},"12":{"start":{"line":55,"column":0},"end":{"line":61,"column":1}},"13":{"start":{"line":66,"column":0},"end":{"line":66,"column":60}},"14":{"start":{"line":68,"column":0},"end":{"line":68,"column":23}}},"fnMap":{},"branchMap":{},"s":{"0":1,"1":1,"2":1,"3":1,"4":1,"5":1,"6":1,"7":1,"8":1,"9":1,"10":1,"11":1,"12":1,"13":1,"14":1},"f":{},"b":{},"_coverageSchema":"1a1c01bbd47fc00a2c39e90264f33305004495a9","hash":"d8e25094de2de6bf583a0af472eb6f15a52e8154","contentHash":"ad1c5b3f2ae0476ea8a0f32efb64bbeacd3ca654b2775354d998b9b427512e8b"}
,"/Users/nishantmathur/Documents/prem-green/Vup-node/app/routes/cities.js": {"path":"/Users/nishantmathur/Documents/prem-green/Vup-node/app/routes/cities.js","statementMap":{"0":{"start":{"line":1,"column":16},"end":{"line":1,"column":34}},"1":{"start":{"line":2,"column":15},"end":{"line":2,"column":31}},"2":{"start":{"line":3,"column":0},"end":{"line":3,"column":32}},"3":{"start":{"line":4,"column":17},"end":{"line":4,"column":36}},"4":{"start":{"line":5,"column":20},"end":{"line":7,"column":2}},"5":{"start":{"line":8,"column":20},"end":{"line":8,"column":43}},"6":{"start":{"line":10,"column":30},"end":{"line":10,"column":60}},"7":{"start":{"line":19,"column":4},"end":{"line":19,"column":36}},"8":{"start":{"line":26,"column":4},"end":{"line":26,"column":47}},"9":{"start":{"line":35,"column":0},"end":{"line":35,"column":32}},"10":{"start":{"line":40,"column":0},"end":{"line":46,"column":1}},"11":{"start":{"line":51,"column":0},"end":{"line":58,"column":1}},"12":{"start":{"line":63,"column":0},"end":{"line":70,"column":1}},"13":{"start":{"line":75,"column":0},"end":{"line":82,"column":1}},"14":{"start":{"line":87,"column":0},"end":{"line":94,"column":1}},"15":{"start":{"line":96,"column":0},"end":{"line":96,"column":23}}},"fnMap":{},"branchMap":{},"s":{"0":1,"1":1,"2":1,"3":1,"4":1,"5":1,"6":1,"7":1,"8":1,"9":1,"10":1,"11":1,"12":1,"13":1,"14":1,"15":1},"f":{},"b":{},"_coverageSchema":"1a1c01bbd47fc00a2c39e90264f33305004495a9","hash":"ecce056394c8dd25b64ae5b3add489caf00f3338","contentHash":"efd926a4bdcfcce3ad8bcf1aae634ac6347fc57239af08a8cc1edb87d61d754a"}
,"/Users/nishantmathur/Documents/prem-green/Vup-node/app/routes/index.js": {"path":"/Users/nishantmathur/Documents/prem-green/Vup-node/app/routes/index.js","statementMap":{"0":{"start":{"line":1,"column":16},"end":{"line":1,"column":34}},"1":{"start":{"line":2,"column":15},"end":{"line":2,"column":31}},"2":{"start":{"line":3,"column":11},"end":{"line":3,"column":24}},"3":{"start":{"line":4,"column":19},"end":{"line":4,"column":34}},"4":{"start":{"line":5,"column":36},"end":{"line":5,"column":66}},"5":{"start":{"line":12,"column":0},"end":{"line":12,"column":34}},"6":{"start":{"line":15,"column":0},"end":{"line":22,"column":2}},"7":{"start":{"line":17,"column":20},"end":{"line":17,"column":49}},"8":{"start":{"line":19,"column":2},"end":{"line":21,"column":8}},"9":{"start":{"line":27,"column":0},"end":{"line":29,"column":2}},"10":{"start":{"line":28,"column":2},"end":{"line":28,"column":21}},"11":{"start":{"line":34,"column":0},"end":{"line":40,"column":2}},"12":{"start":{"line":35,"column":2},"end":{"line":39,"column":4}},"13":{"start":{"line":42,"column":0},"end":{"line":42,"column":23}}},"fnMap":{"0":{"name":"(anonymous_0)","decl":{"start":{"line":15,"column":34},"end":{"line":15,"column":35}},"loc":{"start":{"line":15,"column":44},"end":{"line":22,"column":1}},"line":15},"1":{"name":"(anonymous_1)","decl":{"start":{"line":27,"column":16},"end":{"line":27,"column":17}},"loc":{"start":{"line":27,"column":30},"end":{"line":29,"column":1}},"line":27},"2":{"name":"(anonymous_2)","decl":{"start":{"line":34,"column":16},"end":{"line":34,"column":17}},"loc":{"start":{"line":34,"column":30},"end":{"line":40,"column":1}},"line":34}},"branchMap":{"0":{"loc":{"start":{"line":19,"column":9},"end":{"line":21,"column":8}},"type":"cond-expr","locations":[{"start":{"line":20,"column":6},"end":{"line":20,"column":60}},{"start":{"line":21,"column":6},"end":{"line":21,"column":8}}],"line":19},"1":{"loc":{"start":{"line":19,"column":9},"end":{"line":19,"column":78}},"type":"binary-expr","locations":[{"start":{"line":19,"column":9},"end":{"line":19,"column":30}},{"start":{"line":19,"column":34},"end":{"line":19,"column":54}},{"start":{"line":19,"column":58},"end":{"line":19,"column":78}}],"line":19}},"s":{"0":1,"1":1,"2":1,"3":1,"4":1,"5":1,"6":1,"7":5,"8":5,"9":1,"10":1,"11":1,"12":1,"13":1},"f":{"0":5,"1":1,"2":1},"b":{"0":[3,2],"1":[5,4,3]},"_coverageSchema":"1a1c01bbd47fc00a2c39e90264f33305004495a9","hash":"5e18f0e4338ad58312ae5ec1717d039fa7bf9c9f","contentHash":"6dea0bf24537568970abfe1ab5bf00cbc4bdcb63d3847ed1ac3cf8e94d6e17a0"}
,"/Users/nishantmathur/Documents/prem-green/Vup-node/app/routes/profile.js": {"path":"/Users/nishantmathur/Documents/prem-green/Vup-node/app/routes/profile.js","statementMap":{"0":{"start":{"line":1,"column":16},"end":{"line":1,"column":34}},"1":{"start":{"line":2,"column":15},"end":{"line":2,"column":31}},"2":{"start":{"line":3,"column":0},"end":{"line":3,"column":32}},"3":{"start":{"line":4,"column":17},"end":{"line":4,"column":36}},"4":{"start":{"line":5,"column":20},"end":{"line":7,"column":2}},"5":{"start":{"line":8,"column":20},"end":{"line":8,"column":43}},"6":{"start":{"line":10,"column":30},"end":{"line":10,"column":60}},"7":{"start":{"line":16,"column":4},"end":{"line":16,"column":37}},"8":{"start":{"line":21,"column":4},"end":{"line":21,"column":48}},"9":{"start":{"line":30,"column":0},"end":{"line":36,"column":1}},"10":{"start":{"line":41,"column":0},"end":{"line":48,"column":1}},"11":{"start":{"line":53,"column":0},"end":{"line":60,"column":1}},"12":{"start":{"line":62,"column":0},"end":{"line":62,"column":23}}},"fnMap":{},"branchMap":{},"s":{"0":1,"1":1,"2":1,"3":1,"4":1,"5":1,"6":1,"7":1,"8":1,"9":1,"10":1,"11":1,"12":1},"f":{},"b":{},"_coverageSchema":"1a1c01bbd47fc00a2c39e90264f33305004495a9","hash":"d8f5a6eeb17be74256950d1452b03f15649bd633","contentHash":"46407ff4e0efa81b69ffa7c62cbad99d3941e49919d51a5fa6eca65bcef84ee4"}
,"/Users/nishantmathur/Documents/prem-green/Vup-node/app/routes/users.js": {"path":"/Users/nishantmathur/Documents/prem-green/Vup-node/app/routes/users.js","statementMap":{"0":{"start":{"line":1,"column":16},"end":{"line":1,"column":34}},"1":{"start":{"line":2,"column":15},"end":{"line":2,"column":31}},"2":{"start":{"line":3,"column":0},"end":{"line":3,"column":32}},"3":{"start":{"line":4,"column":17},"end":{"line":4,"column":36}},"4":{"start":{"line":5,"column":20},"end":{"line":7,"column":2}},"5":{"start":{"line":8,"column":20},"end":{"line":8,"column":43}},"6":{"start":{"line":10,"column":30},"end":{"line":10,"column":60}},"7":{"start":{"line":18,"column":4},"end":{"line":18,"column":35}},"8":{"start":{"line":25,"column":4},"end":{"line":25,"column":46}},"9":{"start":{"line":34,"column":0},"end":{"line":38,"column":1}},"10":{"start":{"line":43,"column":0},"end":{"line":48,"column":1}},"11":{"start":{"line":53,"column":0},"end":{"line":58,"column":1}},"12":{"start":{"line":63,"column":0},"end":{"line":68,"column":1}},"13":{"start":{"line":73,"column":0},"end":{"line":78,"column":1}},"14":{"start":{"line":80,"column":0},"end":{"line":80,"column":23}}},"fnMap":{},"branchMap":{},"s":{"0":1,"1":1,"2":1,"3":1,"4":1,"5":1,"6":1,"7":1,"8":1,"9":1,"10":1,"11":1,"12":1,"13":1,"14":1},"f":{},"b":{},"_coverageSchema":"1a1c01bbd47fc00a2c39e90264f33305004495a9","hash":"1ce4a7382f44991c397c5a03c621572d4617ded7","contentHash":"08cf3d87e94ed109f1ef17742c09a269aa3203083a5bfbd792dbebad62cd0ef9"}
,"/Users/nishantmathur/Documents/prem-green/Vup-node/config/mongo.js": {"path":"/Users/nishantmathur/Documents/prem-green/Vup-node/config/mongo.js","statementMap":{"0":{"start":{"line":1,"column":17},"end":{"line":1,"column":36}},"1":{"start":{"line":2,"column":15},"end":{"line":2,"column":36}},"2":{"start":{"line":3,"column":19},"end":{"line":3,"column":43}},"3":{"start":{"line":5,"column":0},"end":{"line":42,"column":1}},"4":{"start":{"line":6,"column":18},"end":{"line":35,"column":3}},"5":{"start":{"line":7,"column":4},"end":{"line":7,"column":37}},"6":{"start":{"line":9,"column":4},"end":{"line":32,"column":5}},"7":{"start":{"line":17,"column":23},"end":{"line":17,"column":25}},"8":{"start":{"line":18,"column":8},"end":{"line":20,"column":9}},"9":{"start":{"line":19,"column":10},"end":{"line":19,"column":90}},"10":{"start":{"line":21,"column":8},"end":{"line":21,"column":75}},"11":{"start":{"line":22,"column":8},"end":{"line":30,"column":9}},"12":{"start":{"line":24,"column":10},"end":{"line":24,"column":53}},"13":{"start":{"line":25,"column":10},"end":{"line":25,"column":45}},"14":{"start":{"line":26,"column":10},"end":{"line":26,"column":63}},"15":{"start":{"line":27,"column":10},"end":{"line":27,"column":63}},"16":{"start":{"line":28,"column":10},"end":{"line":28,"column":47}},"17":{"start":{"line":29,"column":10},"end":{"line":29,"column":31}},"18":{"start":{"line":33,"column":4},"end":{"line":33,"column":40}},"19":{"start":{"line":34,"column":4},"end":{"line":34,"column":43}},"20":{"start":{"line":36,"column":2},"end":{"line":36,"column":11}},"21":{"start":{"line":38,"column":2},"end":{"line":38,"column":46}},"22":{"start":{"line":39,"column":2},"end":{"line":39,"column":49}},"23":{"start":{"line":41,"column":2},"end":{"line":41,"column":14}}},"fnMap":{"0":{"name":"(anonymous_0)","decl":{"start":{"line":5,"column":17},"end":{"line":5,"column":18}},"loc":{"start":{"line":5,"column":23},"end":{"line":42,"column":1}},"line":5},"1":{"name":"(anonymous_1)","decl":{"start":{"line":6,"column":18},"end":{"line":6,"column":19}},"loc":{"start":{"line":6,"column":24},"end":{"line":35,"column":3}},"line":6},"2":{"name":"(anonymous_2)","decl":{"start":{"line":16,"column":6},"end":{"line":16,"column":7}},"loc":{"start":{"line":16,"column":15},"end":{"line":31,"column":7}},"line":16}},"branchMap":{"0":{"loc":{"start":{"line":18,"column":8},"end":{"line":20,"column":9}},"type":"if","locations":[{"start":{"line":18,"column":8},"end":{"line":20,"column":9}},{"start":{"line":18,"column":8},"end":{"line":20,"column":9}}],"line":18},"1":{"loc":{"start":{"line":22,"column":8},"end":{"line":30,"column":9}},"type":"if","locations":[{"start":{"line":22,"column":8},"end":{"line":30,"column":9}},{"start":{"line":22,"column":8},"end":{"line":30,"column":9}}],"line":22},"2":{"loc":{"start":{"line":26,"column":36},"end":{"line":26,"column":60}},"type":"binary-expr","locations":[{"start":{"line":26,"column":36},"end":{"line":26,"column":52}},{"start":{"line":26,"column":56},"end":{"line":26,"column":60}}],"line":26}},"s":{"0":1,"1":1,"2":1,"3":1,"4":1,"5":1,"6":1,"7":1,"8":1,"9":0,"10":1,"11":1,"12":0,"13":0,"14":0,"15":0,"16":0,"17":0,"18":1,"19":1,"20":1,"21":1,"22":1,"23":1},"f":{"0":1,"1":1,"2":1},"b":{"0":[0,1],"1":[0,1],"2":[0,0]},"_coverageSchema":"1a1c01bbd47fc00a2c39e90264f33305004495a9","hash":"9a55e155be79d34ffa6a658f987aa45671e93861","contentHash":"2c1fc88b35fd274f9542657f953aab29c398676ce964e45510a085d91e38d6d5"}
,"/Users/nishantmathur/Documents/prem-green/Vup-node/config/passport.js": {"path":"/Users/nishantmathur/Documents/prem-green/Vup-node/config/passport.js","statementMap":{"0":{"start":{"line":1,"column":17},"end":{"line":1,"column":36}},"1":{"start":{"line":2,"column":13},"end":{"line":2,"column":42}},"2":{"start":{"line":3,"column":13},"end":{"line":3,"column":46}},"3":{"start":{"line":4,"column":20},"end":{"line":4,"column":52}},"4":{"start":{"line":11,"column":21},"end":{"line":25,"column":1}},"5":{"start":{"line":12,"column":14},"end":{"line":12,"column":18}},"6":{"start":{"line":13,"column":2},"end":{"line":19,"column":3}},"7":{"start":{"line":14,"column":4},"end":{"line":14,"column":67}},"8":{"start":{"line":15,"column":9},"end":{"line":19,"column":3}},"9":{"start":{"line":16,"column":4},"end":{"line":16,"column":33}},"10":{"start":{"line":17,"column":9},"end":{"line":19,"column":3}},"11":{"start":{"line":18,"column":4},"end":{"line":18,"column":34}},"12":{"start":{"line":20,"column":2},"end":{"line":23,"column":3}},"13":{"start":{"line":22,"column":4},"end":{"line":22,"column":31}},"14":{"start":{"line":24,"column":2},"end":{"line":24,"column":14}},"15":{"start":{"line":30,"column":19},"end":{"line":33,"column":1}},"16":{"start":{"line":38,"column":17},"end":{"line":45,"column":2}},"17":{"start":{"line":39,"column":2},"end":{"line":44,"column":4}},"18":{"start":{"line":40,"column":4},"end":{"line":42,"column":5}},"19":{"start":{"line":41,"column":6},"end":{"line":41,"column":29}},"20":{"start":{"line":43,"column":4},"end":{"line":43,"column":55}},"21":{"start":{"line":47,"column":0},"end":{"line":47,"column":22}}},"fnMap":{"0":{"name":"(anonymous_0)","decl":{"start":{"line":11,"column":21},"end":{"line":11,"column":22}},"loc":{"start":{"line":11,"column":30},"end":{"line":25,"column":1}},"line":11},"1":{"name":"(anonymous_1)","decl":{"start":{"line":38,"column":45},"end":{"line":38,"column":46}},"loc":{"start":{"line":38,"column":64},"end":{"line":45,"column":1}},"line":38},"2":{"name":"(anonymous_2)","decl":{"start":{"line":39,"column":34},"end":{"line":39,"column":35}},"loc":{"start":{"line":39,"column":49},"end":{"line":44,"column":3}},"line":39}},"branchMap":{"0":{"loc":{"start":{"line":13,"column":2},"end":{"line":19,"column":3}},"type":"if","locations":[{"start":{"line":13,"column":2},"end":{"line":19,"column":3}},{"start":{"line":13,"column":2},"end":{"line":19,"column":3}}],"line":13},"1":{"loc":{"start":{"line":15,"column":9},"end":{"line":19,"column":3}},"type":"if","locations":[{"start":{"line":15,"column":9},"end":{"line":19,"column":3}},{"start":{"line":15,"column":9},"end":{"line":19,"column":3}}],"line":15},"2":{"loc":{"start":{"line":17,"column":9},"end":{"line":19,"column":3}},"type":"if","locations":[{"start":{"line":17,"column":9},"end":{"line":19,"column":3}},{"start":{"line":17,"column":9},"end":{"line":19,"column":3}}],"line":17},"3":{"loc":{"start":{"line":20,"column":2},"end":{"line":23,"column":3}},"type":"if","locations":[{"start":{"line":20,"column":2},"end":{"line":23,"column":3}},{"start":{"line":20,"column":2},"end":{"line":23,"column":3}}],"line":20},"4":{"loc":{"start":{"line":40,"column":4},"end":{"line":42,"column":5}},"type":"if","locations":[{"start":{"line":40,"column":4},"end":{"line":42,"column":5}},{"start":{"line":40,"column":4},"end":{"line":42,"column":5}}],"line":40},"5":{"loc":{"start":{"line":43,"column":11},"end":{"line":43,"column":55}},"type":"cond-expr","locations":[{"start":{"line":43,"column":19},"end":{"line":43,"column":36}},{"start":{"line":43,"column":39},"end":{"line":43,"column":55}}],"line":43}},"s":{"0":1,"1":1,"2":1,"3":1,"4":1,"5":21,"6":21,"7":18,"8":3,"9":0,"10":3,"11":0,"12":21,"13":18,"14":21,"15":1,"16":1,"17":0,"18":0,"19":0,"20":0,"21":1},"f":{"0":21,"1":0,"2":0},"b":{"0":[18,3],"1":[0,3],"2":[0,3],"3":[18,3],"4":[0,0],"5":[0,0]},"_coverageSchema":"1a1c01bbd47fc00a2c39e90264f33305004495a9","hash":"2a5f6d11fe8dd2a143dc415320b6542af6cc41a1","contentHash":"a68830be5aa594982d692461580bce31763819e4f0246ea3475a4d32af0bafd9"}
}
