TN:
SF:clean.js
FN:10,(anonymous_0)
FN:14,(anonymous_1)
FN:15,(anonymous_2)
FN:17,(anonymous_3)
FN:27,(anonymous_4)
FN:30,(anonymous_5)
FNF:6
FNH:0
FNDA:0,(anonymous_0)
FNDA:0,(anonymous_1)
FNDA:0,(anonymous_2)
FNDA:0,(anonymous_3)
FNDA:0,(anonymous_4)
FNDA:0,(anonymous_5)
DA:1,0
DA:2,0
DA:3,0
DA:4,0
DA:5,0
DA:7,0
DA:10,0
DA:11,0
DA:14,0
DA:15,0
DA:16,0
DA:17,0
DA:18,0
DA:19,0
DA:21,0
DA:27,0
DA:28,0
DA:29,0
DA:30,0
DA:32,0
DA:33,0
DA:34,0
DA:36,0
DA:37,0
DA:41,0
LF:25
LH:0
BRDA:18,0,0,0
BRDA:18,0,1,0
BRF:2
BRH:0
end_of_record
TN:
SF:seed.js
FN:12,(anonymous_0)
FNF:1
FNH:0
FNDA:0,(anonymous_0)
DA:1,0
DA:2,0
DA:3,0
DA:4,0
DA:9,0
DA:10,0
DA:12,0
DA:13,0
DA:14,0
DA:15,0
DA:16,0
DA:18,0
DA:19,0
DA:23,0
LF:14
LH:0
BRF:0
BRH:0
end_of_record
TN:
SF:server.js
FNF:0
FNH:0
DA:1,1
DA:2,1
DA:3,1
DA:4,1
DA:5,1
DA:6,1
DA:7,1
DA:8,1
DA:9,1
DA:10,1
DA:11,1
DA:12,1
DA:15,1
DA:18,1
DA:19,0
DA:23,1
DA:24,0
DA:25,0
DA:35,0
DA:39,1
DA:45,1
DA:53,1
DA:59,1
DA:62,1
DA:63,1
DA:64,1
DA:65,1
DA:66,1
DA:67,1
DA:68,1
DA:69,1
DA:70,1
DA:71,1
DA:74,1
DA:76,1
LF:35
LH:31
BRDA:15,0,0,1
BRDA:15,0,1,0
BRDA:18,1,0,0
BRDA:18,1,1,1
BRDA:23,2,0,0
BRDA:23,2,1,1
BRF:6
BRH:3
end_of_record
TN:
SF:app/controllers/auth/forgotPassword.js
FN:15,(anonymous_0)
FNF:1
FNH:1
FNDA:1,(anonymous_0)
DA:1,1
DA:6,1
DA:7,1
DA:8,1
DA:15,1
DA:16,1
DA:18,1
DA:19,1
DA:20,1
DA:21,1
DA:22,1
DA:23,1
DA:25,0
DA:29,1
LF:14
LH:13
BRF:0
BRH:0
end_of_record
TN:
SF:app/controllers/auth/getRefreshToken.js
FN:13,(anonymous_0)
FNF:1
FNH:1
FNDA:1,(anonymous_0)
DA:5,1
DA:6,1
DA:13,1
DA:14,1
DA:15,1
DA:18,1
DA:19,1
DA:20,1
DA:21,1
DA:23,1
DA:24,1
DA:26,0
DA:30,1
LF:13
LH:12
BRF:0
BRH:0
end_of_record
TN:
SF:app/controllers/auth/index.js
FNF:0
FNH:0
DA:1,1
DA:2,1
DA:3,1
DA:4,1
DA:5,1
DA:6,1
DA:7,1
DA:9,1
LF:8
LH:8
BRF:0
BRH:0
end_of_record
TN:
SF:app/controllers/auth/login.js
FN:20,(anonymous_0)
FNF:1
FNH:1
FNDA:12,(anonymous_0)
DA:1,1
DA:10,1
DA:12,1
DA:13,1
DA:20,1
DA:21,12
DA:22,12
DA:23,12
DA:24,12
DA:25,11
DA:26,11
DA:27,11
DA:28,6
DA:31,5
DA:32,5
DA:33,5
DA:36,6
DA:40,1
LF:18
LH:18
BRDA:27,0,0,6
BRDA:27,0,1,5
BRF:2
BRH:2
end_of_record
TN:
SF:app/controllers/auth/register.js
FN:16,(anonymous_0)
FNF:1
FNH:1
FNDA:3,(anonymous_0)
DA:1,1
DA:3,1
DA:5,1
DA:9,1
DA:16,1
DA:17,3
DA:19,3
DA:20,3
DA:21,3
DA:22,2
DA:23,2
DA:24,2
DA:25,2
DA:26,2
DA:27,2
DA:30,1
DA:34,1
LF:17
LH:17
BRDA:22,0,0,2
BRDA:22,0,1,0
BRF:2
BRH:1
end_of_record
TN:
SF:app/controllers/auth/resetPassword.js
FN:15,(anonymous_0)
FNF:1
FNH:1
FNDA:1,(anonymous_0)
DA:1,1
DA:7,1
DA:8,1
DA:15,1
DA:16,1
DA:17,1
DA:18,1
DA:19,1
DA:20,1
DA:21,1
DA:22,1
DA:24,0
DA:28,1
LF:13
LH:12
BRF:0
BRH:0
end_of_record
TN:
SF:app/controllers/auth/roleAuthorization.js
FN:9,(anonymous_0)
FN:9,(anonymous_1)
FNF:2
FNH:2
FNDA:14,(anonymous_0)
FNDA:32,(anonymous_1)
DA:1,1
DA:3,1
DA:9,14
DA:10,32
DA:11,32
DA:15,32
DA:17,1
DA:21,1
LF:8
LH:8
BRF:0
BRH:0
end_of_record
TN:
SF:app/controllers/auth/verify.js
FN:11,(anonymous_0)
FNF:1
FNH:1
FNDA:1,(anonymous_0)
DA:1,1
DA:2,1
DA:4,1
DA:11,1
DA:12,1
DA:13,1
DA:14,1
DA:15,1
DA:17,0
DA:21,1
LF:10
LH:9
BRF:0
BRH:0
end_of_record
TN:
SF:app/controllers/auth/helpers/blockIsExpired.js
FN:7,(anonymous_0)
FNF:1
FNH:1
FNDA:11,(anonymous_0)
DA:1,1
DA:7,1
DA:8,11
DA:10,1
LF:4
LH:4
BRDA:7,0,0,0
BRDA:7,1,0,0
BRDA:8,2,0,11
BRDA:8,2,1,0
BRF:4
BRH:1
end_of_record
TN:
SF:app/controllers/auth/helpers/blockUser.js
FN:10,(anonymous_0)
FN:11,(anonymous_1)
FN:13,(anonymous_2)
FNF:3
FNH:3
FNDA:1,(anonymous_0)
FNDA:1,(anonymous_1)
FNDA:1,(anonymous_2)
DA:1,1
DA:2,1
DA:4,1
DA:10,1
DA:11,1
DA:12,1
DA:13,1
DA:14,1
DA:15,0
DA:17,1
DA:18,1
DA:24,1
LF:12
LH:11
BRDA:10,0,0,0
BRDA:14,1,0,0
BRDA:14,1,1,1
BRDA:17,2,0,1
BRDA:17,2,1,0
BRF:5
BRH:2
end_of_record
TN:
SF:app/controllers/auth/helpers/checkLoginAttemptsAndBlockExpires.js
FN:8,(anonymous_0)
FN:9,(anonymous_1)
FN:13,(anonymous_2)
FNF:3
FNH:2
FNDA:11,(anonymous_0)
FNDA:11,(anonymous_1)
FNDA:0,(anonymous_2)
DA:1,1
DA:2,1
DA:8,1
DA:9,11
DA:11,11
DA:12,0
DA:13,0
DA:14,0
DA:15,0
DA:17,0
DA:18,0
DA:23,11
DA:27,1
LF:13
LH:7
BRDA:8,0,0,0
BRDA:11,1,0,0
BRDA:11,1,1,11
BRDA:14,2,0,0
BRDA:14,2,1,0
BRDA:17,3,0,0
BRDA:17,3,1,0
BRF:7
BRH:1
end_of_record
TN:
SF:app/controllers/auth/helpers/checkPermissions.js
FN:9,(anonymous_0)
FN:10,(anonymous_1)
FN:11,(anonymous_2)
FNF:3
FNH:3
FNDA:32,(anonymous_0)
FNDA:32,(anonymous_1)
FNDA:32,(anonymous_2)
DA:1,1
DA:2,1
DA:9,1
DA:10,32
DA:11,32
DA:12,32
DA:13,32
DA:14,32
DA:15,31
DA:17,1
DA:19,0
DA:25,1
LF:12
LH:11
BRDA:9,0,0,0
BRDA:9,1,0,0
BRDA:14,2,0,31
BRDA:14,2,1,1
BRF:4
BRH:2
end_of_record
TN:
SF:app/controllers/auth/helpers/findForgotPassword.js
FN:8,(anonymous_0)
FN:9,(anonymous_1)
FN:15,(anonymous_2)
FNF:3
FNH:3
FNDA:1,(anonymous_0)
FNDA:1,(anonymous_1)
FNDA:1,(anonymous_2)
DA:1,1
DA:2,1
DA:8,1
DA:9,1
DA:10,1
DA:16,1
DA:17,1
DA:18,1
DA:20,0
DA:27,1
LF:10
LH:9
BRDA:8,0,0,0
BRF:1
BRH:0
end_of_record
TN:
SF:app/controllers/auth/helpers/findUser.js
FN:8,(anonymous_0)
FN:9,(anonymous_1)
FN:15,(anonymous_2)
FNF:3
FNH:3
FNDA:13,(anonymous_0)
FNDA:13,(anonymous_1)
FNDA:13,(anonymous_2)
DA:1,1
DA:2,1
DA:8,1
DA:9,13
DA:10,13
DA:16,13
DA:17,13
DA:18,13
DA:20,0
DA:27,1
LF:10
LH:9
BRDA:8,0,0,0
BRF:1
BRH:0
end_of_record
TN:
SF:app/controllers/auth/helpers/findUserById.js
FN:8,(anonymous_0)
FN:9,(anonymous_1)
FN:10,(anonymous_2)
FNF:3
FNH:3
FNDA:1,(anonymous_0)
FNDA:1,(anonymous_1)
FNDA:1,(anonymous_2)
DA:1,1
DA:2,1
DA:8,1
DA:9,1
DA:10,1
DA:11,1
DA:12,1
DA:13,1
DA:15,0
DA:21,1
LF:10
LH:9
BRDA:8,0,0,0
BRF:1
BRH:0
end_of_record
TN:
SF:app/controllers/auth/helpers/findUserToResetPassword.js
FN:8,(anonymous_0)
FN:9,(anonymous_1)
FN:14,(anonymous_2)
FNF:3
FNH:3
FNDA:1,(anonymous_0)
FNDA:1,(anonymous_1)
FNDA:1,(anonymous_2)
DA:1,1
DA:2,1
DA:8,1
DA:9,1
DA:10,1
DA:15,1
DA:16,1
DA:17,1
DA:19,0
DA:26,1
LF:10
LH:9
BRDA:8,0,0,0
BRF:1
BRH:0
end_of_record
TN:
SF:app/controllers/auth/helpers/forgotPasswordResponse.js
FN:5,(anonymous_0)
FNF:1
FNH:1
FNDA:1,(anonymous_0)
DA:5,1
DA:6,1
DA:10,1
DA:11,1
DA:16,1
DA:19,1
LF:6
LH:6
BRDA:5,0,0,0
BRDA:5,1,0,0
BRDA:10,2,0,1
BRDA:10,2,1,0
BRF:4
BRH:1
end_of_record
TN:
SF:app/controllers/auth/helpers/generateToken.js
FN:8,(anonymous_0)
FNF:1
FNH:1
FNDA:8,(anonymous_0)
DA:1,1
DA:2,1
DA:8,1
DA:9,8
DA:12,8
DA:15,8
DA:27,0
DA:31,1
LF:8
LH:7
BRDA:8,0,0,0
BRF:1
BRH:0
end_of_record
TN:
SF:app/controllers/auth/helpers/getUserIdFromToken.js
FN:9,(anonymous_0)
FN:10,(anonymous_1)
FN:12,(anonymous_2)
FNF:3
FNH:3
FNDA:1,(anonymous_0)
FNDA:1,(anonymous_1)
FNDA:1,(anonymous_2)
DA:1,1
DA:2,1
DA:3,1
DA:9,1
DA:10,1
DA:12,1
DA:13,1
DA:14,0
DA:16,1
DA:21,1
LF:10
LH:9
BRDA:9,0,0,0
BRDA:13,1,0,0
BRDA:13,1,1,1
BRF:3
BRH:1
end_of_record
TN:
SF:app/controllers/auth/helpers/index.js
FNF:0
FNH:0
DA:1,1
DA:2,1
DA:5,1
DA:6,1
DA:7,1
DA:8,1
DA:9,1
DA:10,1
DA:11,1
DA:12,1
DA:13,1
DA:14,1
DA:15,1
DA:16,1
DA:17,1
DA:18,1
DA:19,1
DA:22,1
DA:23,1
DA:24,1
DA:25,1
DA:26,1
DA:27,1
DA:29,1
LF:24
LH:24
BRF:0
BRH:0
end_of_record
TN:
SF:app/controllers/auth/helpers/markResetPasswordAsUsed.js
FN:14,(anonymous_0)
FN:15,(anonymous_1)
FN:20,(anonymous_2)
FNF:3
FNH:3
FNDA:1,(anonymous_0)
FNDA:1,(anonymous_1)
FNDA:1,(anonymous_2)
DA:7,1
DA:14,1
DA:15,1
DA:16,1
DA:17,1
DA:18,1
DA:19,1
DA:20,1
DA:21,1
DA:22,1
DA:23,1
DA:25,0
DA:31,1
LF:13
LH:12
BRDA:14,0,0,0
BRDA:14,1,0,0
BRF:2
BRH:0
end_of_record
TN:
SF:app/controllers/auth/helpers/passwordsDoNotMatch.js
FN:10,(anonymous_0)
FN:11,(anonymous_1)
FNF:2
FNH:2
FNDA:6,(anonymous_0)
FNDA:6,(anonymous_1)
DA:1,1
DA:2,1
DA:3,1
DA:4,1
DA:10,1
DA:11,6
DA:12,6
DA:13,6
DA:14,6
DA:15,6
DA:16,5
DA:19,1
DA:21,0
DA:26,1
LF:14
LH:13
BRDA:10,0,0,0
BRDA:15,1,0,5
BRDA:15,1,1,1
BRF:3
BRH:2
end_of_record
TN:
SF:app/controllers/auth/helpers/registerUser.js
FN:9,(anonymous_0)
FN:10,(anonymous_1)
FN:17,(anonymous_2)
FNF:3
FNH:3
FNDA:2,(anonymous_0)
FNDA:2,(anonymous_1)
FNDA:2,(anonymous_2)
DA:1,1
DA:2,1
DA:3,1
DA:9,1
DA:10,2
DA:11,2
DA:17,2
DA:18,2
DA:19,0
DA:21,2
DA:26,1
LF:11
LH:10
BRDA:9,0,0,0
BRDA:18,1,0,0
BRDA:18,1,1,2
BRF:3
BRH:1
end_of_record
TN:
SF:app/controllers/auth/helpers/returnRegisterToken.js
FN:8,(anonymous_0)
FN:12,(anonymous_1)
FNF:2
FNH:2
FNDA:2,(anonymous_0)
FNDA:2,(anonymous_1)
DA:1,1
DA:8,1
DA:12,2
DA:13,2
DA:14,2
DA:16,2
DA:20,2
DA:24,1
LF:8
LH:8
BRDA:9,0,0,0
BRDA:9,1,0,0
BRDA:10,2,0,0
BRDA:13,3,0,2
BRDA:13,3,1,0
BRF:5
BRH:1
end_of_record
TN:
SF:app/controllers/auth/helpers/saveForgotPassword.js
FN:14,(anonymous_0)
FN:15,(anonymous_1)
FN:23,(anonymous_2)
FNF:3
FNH:3
FNDA:1,(anonymous_0)
FNDA:1,(anonymous_1)
FNDA:1,(anonymous_2)
DA:1,1
DA:2,1
DA:8,1
DA:14,1
DA:15,1
DA:16,1
DA:23,1
DA:24,1
DA:25,0
DA:27,1
DA:32,1
LF:11
LH:10
BRDA:14,0,0,0
BRDA:24,1,0,0
BRDA:24,1,1,1
BRF:3
BRH:1
end_of_record
TN:
SF:app/controllers/auth/helpers/saveLoginAttemptsToDB.js
FN:7,(anonymous_0)
FN:8,(anonymous_1)
FN:9,(anonymous_2)
FNF:3
FNH:3
FNDA:11,(anonymous_0)
FNDA:11,(anonymous_1)
FNDA:11,(anonymous_2)
DA:1,1
DA:7,1
DA:8,11
DA:9,11
DA:10,11
DA:11,0
DA:13,11
DA:14,11
DA:20,1
LF:9
LH:8
BRDA:7,0,0,0
BRDA:10,1,0,0
BRDA:10,1,1,11
BRDA:13,2,0,11
BRDA:13,2,1,0
BRF:5
BRH:2
end_of_record
TN:
SF:app/controllers/auth/helpers/saveUserAccessAndReturnToken.js
FN:16,(anonymous_0)
FN:17,(anonymous_1)
FN:24,(anonymous_2)
FNF:3
FNH:3
FNDA:6,(anonymous_0)
FNDA:6,(anonymous_1)
FNDA:6,(anonymous_2)
DA:1,1
DA:2,1
DA:3,1
DA:9,1
DA:16,1
DA:17,6
DA:18,6
DA:24,6
DA:25,6
DA:26,6
DA:27,0
DA:29,6
DA:31,6
DA:36,0
DA:42,1
LF:15
LH:13
BRDA:16,0,0,0
BRDA:16,1,0,0
BRDA:26,2,0,0
BRDA:26,2,1,6
BRF:4
BRH:1
end_of_record
TN:
SF:app/controllers/auth/helpers/setUserInfo.js
FN:5,(anonymous_0)
FN:6,(anonymous_1)
FNF:2
FNH:2
FNDA:8,(anonymous_0)
FNDA:8,(anonymous_1)
DA:5,1
DA:6,8
DA:7,8
DA:15,8
DA:16,8
DA:21,8
DA:25,1
LF:7
LH:7
BRDA:5,0,0,0
BRDA:15,1,0,8
BRDA:15,1,1,0
BRF:3
BRH:1
end_of_record
TN:
SF:app/controllers/auth/helpers/updatePassword.js
FN:8,(anonymous_0)
FN:9,(anonymous_1)
FN:11,(anonymous_2)
FNF:3
FNH:3
FNDA:1,(anonymous_0)
FNDA:1,(anonymous_1)
FNDA:1,(anonymous_2)
DA:1,1
DA:8,1
DA:9,1
DA:10,1
DA:11,1
DA:12,1
DA:13,1
DA:14,1
DA:16,0
DA:22,1
LF:10
LH:9
BRDA:8,0,0,0
BRDA:8,1,0,0
BRF:2
BRH:0
end_of_record
TN:
SF:app/controllers/auth/helpers/userIsBlocked.js
FN:7,(anonymous_0)
FN:8,(anonymous_1)
FNF:2
FNH:2
FNDA:12,(anonymous_0)
FNDA:12,(anonymous_1)
DA:1,1
DA:7,1
DA:8,12
DA:9,12
DA:10,1
DA:12,11
DA:16,1
LF:7
LH:7
BRDA:7,0,0,0
BRDA:9,1,0,1
BRDA:9,1,1,11
BRF:3
BRH:2
end_of_record
TN:
SF:app/controllers/auth/helpers/verificationExists.js
FN:8,(anonymous_0)
FN:9,(anonymous_1)
FN:15,(anonymous_2)
FNF:3
FNH:3
FNDA:1,(anonymous_0)
FNDA:1,(anonymous_1)
FNDA:1,(anonymous_2)
DA:1,1
DA:2,1
DA:8,1
DA:9,1
DA:10,1
DA:16,1
DA:17,1
DA:18,1
DA:20,0
DA:27,1
LF:10
LH:9
BRDA:8,0,0,0
BRF:1
BRH:0
end_of_record
TN:
SF:app/controllers/auth/helpers/verifyUser.js
FN:7,(anonymous_0)
FN:8,(anonymous_1)
FN:10,(anonymous_2)
FNF:3
FNH:3
FNDA:1,(anonymous_0)
FNDA:1,(anonymous_1)
FNDA:1,(anonymous_2)
DA:1,1
DA:7,1
DA:8,1
DA:9,1
DA:10,1
DA:11,1
DA:12,0
DA:14,1
DA:22,1
LF:9
LH:8
BRDA:7,0,0,0
BRDA:11,1,0,0
BRDA:11,1,1,1
BRF:3
BRH:1
end_of_record
TN:
SF:app/controllers/auth/validators/index.js
FNF:0
FNH:0
DA:1,1
DA:2,1
DA:3,1
DA:4,1
DA:5,1
DA:7,1
LF:6
LH:6
BRF:0
BRH:0
end_of_record
TN:
SF:app/controllers/auth/validators/validateForgotPassword.js
FN:16,(anonymous_0)
FNF:1
FNH:1
FNDA:1,(anonymous_0)
DA:1,1
DA:2,1
DA:7,1
DA:17,1
DA:21,1
LF:5
LH:5
BRF:0
BRH:0
end_of_record
TN:
SF:app/controllers/auth/validators/validateLogin.js
FN:29,(anonymous_0)
FNF:1
FNH:1
FNDA:12,(anonymous_0)
DA:1,1
DA:2,1
DA:10,1
DA:30,12
DA:34,1
LF:5
LH:5
BRF:0
BRH:0
end_of_record
TN:
SF:app/controllers/auth/validators/validateRegister.js
FN:32,(anonymous_0)
FNF:1
FNH:1
FNDA:3,(anonymous_0)
DA:1,1
DA:2,1
DA:7,1
DA:33,3
DA:37,1
LF:5
LH:5
BRF:0
BRH:0
end_of_record
TN:
SF:app/controllers/auth/validators/validateResetPassword.js
FN:24,(anonymous_0)
FNF:1
FNH:1
FNDA:1,(anonymous_0)
DA:1,1
DA:2,1
DA:7,1
DA:25,1
DA:29,1
LF:5
LH:5
BRF:0
BRH:0
end_of_record
TN:
SF:app/controllers/auth/validators/validateVerify.js
FN:14,(anonymous_0)
FNF:1
FNH:1
FNDA:1,(anonymous_0)
DA:1,1
DA:2,1
DA:7,1
DA:15,1
DA:19,1
LF:5
LH:5
BRF:0
BRH:0
end_of_record
TN:
SF:app/controllers/cities/createCity.js
FN:12,(anonymous_0)
FNF:1
FNH:1
FNDA:4,(anonymous_0)
DA:1,1
DA:2,1
DA:3,1
DA:4,1
DA:5,1
DA:12,1
DA:13,4
DA:14,4
DA:15,4
DA:16,3
DA:17,3
DA:20,1
DA:24,1
LF:13
LH:13
BRDA:16,0,0,3
BRDA:16,0,1,0
BRF:2
BRH:1
end_of_record
TN:
SF:app/controllers/cities/deleteCity.js
FN:11,(anonymous_0)
FNF:1
FNH:1
FNDA:1,(anonymous_0)
DA:1,1
DA:2,1
DA:3,1
DA:4,1
DA:11,1
DA:12,1
DA:13,1
DA:14,1
DA:15,1
DA:17,0
DA:21,1
LF:11
LH:10
BRF:0
BRH:0
end_of_record
TN:
SF:app/controllers/cities/getAllCities.js
FN:9,(anonymous_0)
FNF:1
FNH:0
FNDA:0,(anonymous_0)
DA:1,1
DA:2,1
DA:9,1
DA:10,0
DA:11,0
DA:13,0
DA:17,1
LF:7
LH:4
BRF:0
BRH:0
end_of_record
TN:
SF:app/controllers/cities/getCities.js
FN:10,(anonymous_0)
FNF:1
FNH:1
FNDA:2,(anonymous_0)
DA:1,1
DA:2,1
DA:3,1
DA:10,1
DA:11,2
DA:12,2
DA:13,2
DA:15,0
DA:19,1
LF:9
LH:8
BRF:0
BRH:0
end_of_record
TN:
SF:app/controllers/cities/getCity.js
FN:11,(anonymous_0)
FNF:1
FNH:1
FNDA:1,(anonymous_0)
DA:1,1
DA:2,1
DA:3,1
DA:4,1
DA:11,1
DA:12,1
DA:13,1
DA:14,1
DA:15,1
DA:17,0
DA:21,1
LF:11
LH:10
BRF:0
BRH:0
end_of_record
TN:
SF:app/controllers/cities/index.js
FNF:0
FNH:0
DA:1,1
DA:2,1
DA:3,1
DA:4,1
DA:5,1
DA:6,1
DA:8,1
LF:7
LH:7
BRF:0
BRH:0
end_of_record
TN:
SF:app/controllers/cities/updateCity.js
FN:12,(anonymous_0)
FNF:1
FNH:1
FNDA:2,(anonymous_0)
DA:1,1
DA:2,1
DA:3,1
DA:4,1
DA:5,1
DA:12,1
DA:13,2
DA:14,2
DA:15,2
DA:16,2
DA:17,1
DA:18,1
DA:21,1
DA:25,1
LF:14
LH:14
BRDA:17,0,0,1
BRDA:17,0,1,0
BRF:2
BRH:1
end_of_record
TN:
SF:app/controllers/cities/helpers/cityExists.js
FN:8,(anonymous_0)
FN:9,(anonymous_1)
FN:14,(anonymous_2)
FNF:3
FNH:3
FNDA:4,(anonymous_0)
FNDA:4,(anonymous_1)
FNDA:4,(anonymous_2)
DA:1,1
DA:2,1
DA:8,1
DA:9,4
DA:10,4
DA:15,4
DA:16,0
DA:19,4
DA:20,1
DA:22,3
DA:28,1
LF:11
LH:10
BRDA:8,0,0,0
BRDA:15,1,0,0
BRDA:15,1,1,4
BRDA:19,2,0,1
BRDA:19,2,1,3
BRF:5
BRH:3
end_of_record
TN:
SF:app/controllers/cities/helpers/cityExistsExcludingItself.js
FN:9,(anonymous_0)
FN:10,(anonymous_1)
FN:18,(anonymous_2)
FNF:3
FNH:3
FNDA:2,(anonymous_0)
FNDA:2,(anonymous_1)
FNDA:2,(anonymous_2)
DA:1,1
DA:2,1
DA:9,1
DA:10,2
DA:11,2
DA:19,2
DA:20,0
DA:23,2
DA:24,1
DA:27,1
DA:33,1
LF:11
LH:10
BRDA:9,0,0,0
BRDA:9,1,0,0
BRDA:19,2,0,0
BRDA:19,2,1,2
BRDA:23,3,0,1
BRDA:23,3,1,1
BRF:6
BRH:3
end_of_record
TN:
SF:app/controllers/cities/helpers/getAllItemsFromDB.js
FN:7,(anonymous_0)
FN:8,(anonymous_1)
FN:17,(anonymous_2)
FNF:3
FNH:0
FNDA:0,(anonymous_0)
FNDA:0,(anonymous_1)
FNDA:0,(anonymous_2)
DA:1,1
DA:2,1
DA:7,1
DA:8,0
DA:9,0
DA:18,0
DA:19,0
DA:21,0
DA:27,1
LF:9
LH:4
BRDA:18,0,0,0
BRDA:18,0,1,0
BRF:2
BRH:0
end_of_record
TN:
SF:app/controllers/cities/helpers/index.js
FNF:0
FNH:0
DA:1,1
DA:2,1
DA:3,1
DA:5,1
LF:4
LH:4
BRF:0
BRH:0
end_of_record
TN:
SF:app/controllers/cities/validators/index.js
FNF:0
FNH:0
DA:1,1
DA:2,1
DA:3,1
DA:4,1
DA:6,1
LF:5
LH:5
BRF:0
BRH:0
end_of_record
TN:
SF:app/controllers/cities/validators/validateCreateCity.js
FN:15,(anonymous_0)
FNF:1
FNH:1
FNDA:5,(anonymous_0)
DA:1,1
DA:2,1
DA:7,1
DA:16,5
DA:20,1
LF:5
LH:5
BRF:0
BRH:0
end_of_record
TN:
SF:app/controllers/cities/validators/validateDeleteCity.js
FN:14,(anonymous_0)
FNF:1
FNH:1
FNDA:1,(anonymous_0)
DA:1,1
DA:2,1
DA:7,1
DA:15,1
DA:19,1
LF:5
LH:5
BRF:0
BRH:0
end_of_record
TN:
SF:app/controllers/cities/validators/validateGetCity.js
FN:14,(anonymous_0)
FNF:1
FNH:1
FNDA:1,(anonymous_0)
DA:1,1
DA:2,1
DA:7,1
DA:15,1
DA:19,1
LF:5
LH:5
BRF:0
BRH:0
end_of_record
TN:
SF:app/controllers/cities/validators/validateUpdateCity.js
FN:20,(anonymous_0)
FNF:1
FNH:1
FNDA:2,(anonymous_0)
DA:1,1
DA:2,1
DA:7,1
DA:21,2
DA:25,1
LF:5
LH:5
BRF:0
BRH:0
end_of_record
TN:
SF:app/controllers/profile/changePassword.js
FN:15,(anonymous_0)
FNF:1
FNH:1
FNDA:2,(anonymous_0)
DA:5,1
DA:6,1
DA:7,1
DA:8,1
DA:15,1
DA:16,2
DA:17,2
DA:18,2
DA:19,2
DA:20,2
DA:21,2
DA:22,1
DA:25,1
DA:28,0
DA:32,1
LF:15
LH:14
BRDA:21,0,0,1
BRDA:21,0,1,1
BRF:2
BRH:2
end_of_record
TN:
SF:app/controllers/profile/getProfile.js
FN:9,(anonymous_0)
FNF:1
FNH:1
FNDA:1,(anonymous_0)
DA:1,1
DA:2,1
DA:9,1
DA:10,1
DA:11,1
DA:12,1
DA:14,0
DA:18,1
LF:8
LH:7
BRF:0
BRH:0
end_of_record
TN:
SF:app/controllers/profile/index.js
FNF:0
FNH:0
DA:1,1
DA:2,1
DA:3,1
DA:5,1
LF:4
LH:4
BRF:0
BRH:0
end_of_record
TN:
SF:app/controllers/profile/updateProfile.js
FN:10,(anonymous_0)
FNF:1
FNH:1
FNDA:1,(anonymous_0)
DA:1,1
DA:2,1
DA:3,1
DA:10,1
DA:11,1
DA:12,1
DA:13,1
DA:14,1
DA:16,0
DA:20,1
LF:10
LH:9
BRF:0
BRH:0
end_of_record
TN:
SF:app/controllers/profile/helpers/changePasswordInDB.js
FN:13,(anonymous_0)
FN:14,(anonymous_1)
FN:15,(anonymous_2)
FN:23,(anonymous_3)
FNF:4
FNH:4
FNDA:1,(anonymous_0)
FNDA:1,(anonymous_1)
FNDA:1,(anonymous_2)
FNDA:1,(anonymous_3)
DA:1,1
DA:6,1
DA:13,1
DA:14,1
DA:15,1
DA:16,1
DA:17,1
DA:20,1
DA:23,1
DA:24,1
DA:25,0
DA:27,1
DA:30,0
DA:36,1
LF:14
LH:12
BRDA:13,0,0,0
BRDA:13,1,0,0
BRDA:24,2,0,0
BRDA:24,2,1,1
BRF:4
BRH:1
end_of_record
TN:
SF:app/controllers/profile/helpers/findUser.js
FN:8,(anonymous_0)
FN:9,(anonymous_1)
FN:10,(anonymous_2)
FNF:3
FNH:3
FNDA:2,(anonymous_0)
FNDA:2,(anonymous_1)
FNDA:2,(anonymous_2)
DA:1,1
DA:2,1
DA:8,1
DA:9,2
DA:10,2
DA:11,2
DA:12,2
DA:13,2
DA:15,0
DA:21,1
LF:10
LH:9
BRDA:8,0,0,0
BRF:1
BRH:0
end_of_record
TN:
SF:app/controllers/profile/helpers/getProfileFromDB.js
FN:8,(anonymous_0)
FN:9,(anonymous_1)
FN:10,(anonymous_2)
FNF:3
FNH:3
FNDA:1,(anonymous_0)
FNDA:1,(anonymous_1)
FNDA:1,(anonymous_2)
DA:1,1
DA:2,1
DA:8,1
DA:9,1
DA:10,1
DA:11,1
DA:12,1
DA:13,1
DA:15,0
DA:21,1
LF:10
LH:9
BRDA:8,0,0,0
BRF:1
BRH:0
end_of_record
TN:
SF:app/controllers/profile/helpers/index.js
FNF:0
FNH:0
DA:1,1
DA:2,1
DA:3,1
DA:4,1
DA:6,1
LF:5
LH:5
BRF:0
BRH:0
end_of_record
TN:
SF:app/controllers/profile/helpers/updateProfileInDB.js
FN:9,(anonymous_0)
FN:10,(anonymous_1)
FN:19,(anonymous_2)
FNF:3
FNH:3
FNDA:1,(anonymous_0)
FNDA:1,(anonymous_1)
FNDA:1,(anonymous_2)
DA:1,1
DA:2,1
DA:9,1
DA:10,1
DA:11,1
DA:20,1
DA:21,1
DA:22,1
DA:24,0
DA:31,1
LF:10
LH:9
BRDA:9,0,0,0
BRDA:9,1,0,0
BRF:2
BRH:0
end_of_record
TN:
SF:app/controllers/profile/validators/index.js
FNF:0
FNH:0
DA:1,1
DA:2,1
DA:4,1
LF:3
LH:3
BRF:0
BRH:0
end_of_record
TN:
SF:app/controllers/profile/validators/validateChangePassword.js
FN:26,(anonymous_0)
FNF:1
FNH:1
FNDA:3,(anonymous_0)
DA:1,1
DA:2,1
DA:7,1
DA:27,3
DA:31,1
LF:5
LH:5
BRF:0
BRH:0
end_of_record
TN:
SF:app/controllers/profile/validators/validateUpdateProfile.js
FN:38,(anonymous_0)
FN:42,(anonymous_1)
FN:44,(anonymous_2)
FNF:3
FNH:3
FNDA:2,(anonymous_0)
FNDA:2,(anonymous_1)
FNDA:4,(anonymous_2)
DA:1,1
DA:2,1
DA:3,1
DA:8,1
DA:38,2
DA:42,2
DA:45,4
DA:49,1
LF:8
LH:8
BRDA:38,0,0,0
BRDA:38,0,1,2
BRDA:42,1,0,0
BRDA:42,1,1,2
BRF:4
BRH:2
end_of_record
TN:
SF:app/controllers/users/createUser.js
FN:14,(anonymous_0)
FNF:1
FNH:1
FNDA:2,(anonymous_0)
DA:1,1
DA:2,1
DA:6,1
DA:7,1
DA:14,1
DA:15,2
DA:17,2
DA:18,2
DA:19,2
DA:20,2
DA:21,2
DA:22,2
DA:23,2
DA:26,0
DA:30,1
LF:15
LH:14
BRDA:20,0,0,2
BRDA:20,0,1,0
BRF:2
BRH:1
end_of_record
TN:
SF:app/controllers/users/deleteUser.js
FN:11,(anonymous_0)
FNF:1
FNH:1
FNDA:1,(anonymous_0)
DA:1,1
DA:2,1
DA:3,1
DA:4,1
DA:11,1
DA:12,1
DA:13,1
DA:14,1
DA:15,1
DA:17,0
DA:21,1
LF:11
LH:10
BRF:0
BRH:0
end_of_record
TN:
SF:app/controllers/users/getUser.js
FN:11,(anonymous_0)
FNF:1
FNH:1
FNDA:1,(anonymous_0)
DA:1,1
DA:2,1
DA:3,1
DA:4,1
DA:11,1
DA:12,1
DA:13,1
DA:14,1
DA:15,1
DA:17,0
DA:21,1
LF:11
LH:10
BRF:0
BRH:0
end_of_record
TN:
SF:app/controllers/users/getUsers.js
FN:10,(anonymous_0)
FNF:1
FNH:1
FNDA:2,(anonymous_0)
DA:1,1
DA:2,1
DA:3,1
DA:10,1
DA:11,2
DA:12,2
DA:13,2
DA:15,0
DA:19,1
LF:9
LH:8
BRF:0
BRH:0
end_of_record
TN:
SF:app/controllers/users/index.js
FNF:0
FNH:0
DA:1,1
DA:2,1
DA:3,1
DA:4,1
DA:5,1
DA:7,1
LF:6
LH:6
BRF:0
BRH:0
end_of_record
TN:
SF:app/controllers/users/updateUser.js
FN:12,(anonymous_0)
FNF:1
FNH:1
FNDA:1,(anonymous_0)
DA:1,1
DA:2,1
DA:3,1
DA:4,1
DA:5,1
DA:12,1
DA:13,1
DA:14,1
DA:15,1
DA:16,1
DA:17,1
DA:18,1
DA:21,0
DA:25,1
LF:14
LH:13
BRDA:17,0,0,1
BRDA:17,0,1,0
BRF:2
BRH:1
end_of_record
TN:
SF:app/controllers/users/helpers/createItemInDb.js
FN:9,(anonymous_0)
FN:18,(anonymous_1)
FN:29,(anonymous_2)
FNF:3
FNH:3
FNDA:2,(anonymous_0)
FNDA:2,(anonymous_1)
FNDA:2,(anonymous_2)
DA:1,1
DA:2,1
DA:3,1
DA:9,1
DA:18,2
DA:19,2
DA:29,2
DA:30,2
DA:31,0
DA:34,2
DA:36,2
DA:37,2
DA:38,2
DA:40,2
DA:45,1
LF:15
LH:14
BRDA:10,0,0,0
BRDA:11,1,0,0
BRDA:12,2,0,0
BRDA:13,3,0,0
BRDA:14,4,0,0
BRDA:15,5,0,0
BRDA:16,6,0,0
BRDA:30,7,0,0
BRDA:30,7,1,2
BRF:9
BRH:1
end_of_record
TN:
SF:app/controllers/users/helpers/index.js
FNF:0
FNH:0
DA:1,1
DA:3,1
LF:2
LH:2
BRF:0
BRH:0
end_of_record
TN:
SF:app/controllers/users/validators/index.js
FNF:0
FNH:0
DA:1,1
DA:2,1
DA:3,1
DA:4,1
DA:6,1
LF:5
LH:5
BRF:0
BRH:0
end_of_record
TN:
SF:app/controllers/users/validators/validateCreateUser.js
FN:64,(anonymous_0)
FN:68,(anonymous_1)
FN:70,(anonymous_2)
FNF:3
FNH:3
FNDA:2,(anonymous_0)
FNDA:2,(anonymous_1)
FNDA:5,(anonymous_2)
DA:1,1
DA:2,1
DA:3,1
DA:8,1
DA:64,2
DA:68,2
DA:71,5
DA:75,1
LF:8
LH:8
BRDA:64,0,0,0
BRDA:64,0,1,2
BRDA:68,1,0,0
BRDA:68,1,1,2
BRF:4
BRH:2
end_of_record
TN:
SF:app/controllers/users/validators/validateDeleteUser.js
FN:14,(anonymous_0)
FNF:1
FNH:1
FNDA:1,(anonymous_0)
DA:1,1
DA:2,1
DA:7,1
DA:15,1
DA:19,1
LF:5
LH:5
BRF:0
BRH:0
end_of_record
TN:
SF:app/controllers/users/validators/validateGetUser.js
FN:14,(anonymous_0)
FNF:1
FNH:1
FNDA:1,(anonymous_0)
DA:1,1
DA:2,1
DA:7,1
DA:15,1
DA:19,1
LF:5
LH:5
BRF:0
BRH:0
end_of_record
TN:
SF:app/controllers/users/validators/validateUpdateUser.js
FN:50,(anonymous_0)
FN:54,(anonymous_1)
FN:62,(anonymous_2)
FNF:3
FNH:3
FNDA:1,(anonymous_0)
FNDA:1,(anonymous_1)
FNDA:2,(anonymous_2)
DA:1,1
DA:2,1
DA:3,1
DA:8,1
DA:50,1
DA:54,1
DA:63,2
DA:67,1
LF:8
LH:8
BRDA:50,0,0,0
BRDA:50,0,1,1
BRDA:54,1,0,0
BRDA:54,1,1,1
BRF:4
BRH:2
end_of_record
TN:
SF:app/middleware/auth/checkPassword.js
FN:9,(anonymous_0)
FN:10,(anonymous_1)
FN:11,(anonymous_2)
FNF:3
FNH:3
FNDA:13,(anonymous_0)
FNDA:13,(anonymous_1)
FNDA:13,(anonymous_2)
DA:1,1
DA:9,1
DA:10,13
DA:11,13
DA:12,13
DA:13,0
DA:15,13
DA:16,7
DA:18,13
DA:23,1
LF:10
LH:9
BRDA:9,0,0,0
BRDA:9,1,0,0
BRDA:12,2,0,0
BRDA:12,2,1,13
BRDA:15,3,0,7
BRDA:15,3,1,6
BRF:6
BRH:3
end_of_record
TN:
SF:app/middleware/auth/decrypt.js
FN:14,(anonymous_0)
FNF:1
FNH:1
FNDA:33,(anonymous_0)
DA:1,1
DA:3,1
DA:4,1
DA:7,1
DA:8,1
DA:14,1
DA:15,33
DA:17,33
DA:18,33
DA:19,33
DA:20,33
DA:22,0
DA:26,1
LF:13
LH:12
BRDA:14,0,0,0
BRF:1
BRH:0
end_of_record
TN:
SF:app/middleware/auth/encrypt.js
FN:14,(anonymous_0)
FNF:1
FNH:1
FNDA:8,(anonymous_0)
DA:1,1
DA:3,1
DA:4,1
DA:7,1
DA:8,1
DA:14,1
DA:15,8
DA:17,8
DA:18,8
DA:20,8
DA:23,1
LF:11
LH:11
BRDA:14,0,0,0
BRF:1
BRH:0
end_of_record
TN:
SF:app/middleware/auth/index.js
FNF:0
FNH:0
DA:1,1
DA:2,1
DA:3,1
DA:5,1
LF:4
LH:4
BRF:0
BRH:0
end_of_record
TN:
SF:app/middleware/db/buildSort.js
FN:6,(anonymous_0)
FNF:1
FNH:1
FNDA:4,(anonymous_0)
DA:6,1
DA:7,4
DA:8,4
DA:9,4
DA:12,1
LF:5
LH:5
BRDA:6,0,0,0
BRDA:6,1,0,0
BRF:2
BRH:0
end_of_record
TN:
SF:app/middleware/db/checkQueryString.js
FN:9,(anonymous_0)
FN:10,(anonymous_1)
FN:23,(anonymous_2)
FNF:3
FNH:3
FNDA:4,(anonymous_0)
FNDA:4,(anonymous_1)
FNDA:6,(anonymous_2)
DA:1,1
DA:9,1
DA:10,4
DA:11,4
DA:12,4
DA:16,2
DA:19,2
DA:21,2
DA:23,2
DA:24,6
DA:31,2
DA:32,2
DA:34,2
DA:37,0
DA:38,0
DA:43,1
LF:16
LH:14
BRDA:9,0,0,0
BRDA:12,1,0,2
BRDA:12,1,1,2
BRDA:13,2,0,4
BRDA:13,2,1,2
BRF:5
BRH:4
end_of_record
TN:
SF:app/middleware/db/cleanPaginationID.js
FN:5,(anonymous_0)
FN:6,(anonymous_1)
FNF:2
FNH:2
FNDA:4,(anonymous_0)
FNDA:9,(anonymous_1)
DA:5,1
DA:6,9
DA:7,4
DA:10,1
LF:4
LH:4
BRDA:5,0,0,0
BRF:1
BRH:0
end_of_record
TN:
SF:app/middleware/db/createItem.js
FN:7,(anonymous_0)
FN:8,(anonymous_1)
FN:9,(anonymous_2)
FNF:3
FNH:3
FNDA:3,(anonymous_0)
FNDA:3,(anonymous_1)
FNDA:3,(anonymous_2)
DA:1,1
DA:7,1
DA:8,3
DA:9,3
DA:10,3
DA:11,0
DA:13,3
DA:18,1
LF:8
LH:7
BRDA:7,0,0,0
BRDA:7,1,0,0
BRDA:10,2,0,0
BRDA:10,2,1,3
BRF:4
BRH:1
end_of_record
TN:
SF:app/middleware/db/deleteItem.js
FN:7,(anonymous_0)
FN:8,(anonymous_1)
FN:9,(anonymous_2)
FNF:3
FNH:3
FNDA:2,(anonymous_0)
FNDA:2,(anonymous_1)
FNDA:2,(anonymous_2)
DA:1,1
DA:7,1
DA:8,2
DA:9,2
DA:10,2
DA:11,2
DA:12,2
DA:14,0
DA:20,1
LF:9
LH:8
BRDA:7,0,0,0
BRDA:7,1,0,0
BRF:2
BRH:0
end_of_record
TN:
SF:app/middleware/db/getItem.js
FN:7,(anonymous_0)
FN:8,(anonymous_1)
FN:9,(anonymous_2)
FNF:3
FNH:3
FNDA:2,(anonymous_0)
FNDA:2,(anonymous_1)
FNDA:2,(anonymous_2)
DA:1,1
DA:7,1
DA:8,2
DA:9,2
DA:10,2
DA:11,2
DA:12,2
DA:14,0
DA:20,1
LF:9
LH:8
BRDA:7,0,0,0
BRDA:7,1,0,0
BRF:2
BRH:0
end_of_record
TN:
SF:app/middleware/db/getItems.js
FN:11,(anonymous_0)
FN:13,(anonymous_1)
FN:14,(anonymous_2)
FNF:3
FNH:3
FNDA:4,(anonymous_0)
FNDA:4,(anonymous_1)
FNDA:4,(anonymous_2)
DA:1,1
DA:3,1
DA:4,1
DA:11,1
DA:12,4
DA:13,4
DA:14,4
DA:15,4
DA:16,0
DA:18,4
DA:23,1
LF:11
LH:10
BRDA:11,0,0,0
BRDA:11,1,0,0
BRDA:11,2,0,0
BRDA:15,3,0,0
BRDA:15,3,1,4
BRF:5
BRH:1
end_of_record
TN:
SF:app/middleware/db/index.js
FNF:0
FNH:0
DA:1,1
DA:2,1
DA:3,1
DA:4,1
DA:5,1
DA:6,1
DA:7,1
DA:8,1
DA:9,1
DA:11,1
LF:10
LH:10
BRF:0
BRH:0
end_of_record
TN:
SF:app/middleware/db/listInitOptions.js
FN:8,(anonymous_0)
FN:9,(anonymous_1)
FNF:2
FNH:2
FNDA:4,(anonymous_0)
FNDA:4,(anonymous_1)
DA:1,1
DA:2,1
DA:8,1
DA:9,4
DA:10,4
DA:11,4
DA:12,4
DA:13,4
DA:14,4
DA:15,4
DA:16,4
DA:22,4
DA:24,0
DA:25,0
DA:30,1
LF:15
LH:13
BRDA:8,0,0,0
BRDA:11,1,0,4
BRDA:11,1,1,4
BRDA:12,2,0,4
BRDA:12,2,1,4
BRDA:14,3,0,4
BRDA:14,3,1,4
BRDA:15,4,0,4
BRDA:15,4,1,4
BRF:9
BRH:8
end_of_record
TN:
SF:app/middleware/db/updateItem.js
FN:8,(anonymous_0)
FN:9,(anonymous_1)
FN:17,(anonymous_2)
FNF:3
FNH:3
FNDA:2,(anonymous_0)
FNDA:2,(anonymous_1)
FNDA:2,(anonymous_2)
DA:1,1
DA:8,1
DA:9,2
DA:10,2
DA:18,2
DA:19,2
DA:20,2
DA:22,0
DA:29,1
LF:9
LH:8
BRDA:8,0,0,0
BRDA:8,1,0,0
BRDA:8,2,0,0
BRF:3
BRH:0
end_of_record
TN:
SF:app/middleware/emailer/emailExists.js
FN:8,(anonymous_0)
FN:9,(anonymous_1)
FN:14,(anonymous_2)
FNF:3
FNH:3
FNDA:5,(anonymous_0)
FNDA:5,(anonymous_1)
FNDA:5,(anonymous_2)
DA:1,1
DA:2,1
DA:8,1
DA:9,5
DA:10,5
DA:15,5
DA:16,0
DA:19,5
DA:20,1
DA:22,4
DA:28,1
LF:11
LH:10
BRDA:8,0,0,0
BRDA:15,1,0,0
BRDA:15,1,1,5
BRDA:19,2,0,1
BRDA:19,2,1,4
BRF:5
BRH:3
end_of_record
TN:
SF:app/middleware/emailer/emailExistsExcludingMyself.js
FN:9,(anonymous_0)
FN:10,(anonymous_1)
FN:18,(anonymous_2)
FNF:3
FNH:3
FNDA:1,(anonymous_0)
FNDA:1,(anonymous_1)
FNDA:1,(anonymous_2)
DA:1,1
DA:2,1
DA:9,1
DA:10,1
DA:11,1
DA:19,1
DA:20,0
DA:23,1
DA:24,0
DA:27,1
DA:33,1
LF:11
LH:9
BRDA:9,0,0,0
BRDA:9,1,0,0
BRDA:19,2,0,0
BRDA:19,2,1,1
BRDA:23,3,0,0
BRDA:23,3,1,1
BRF:6
BRH:2
end_of_record
TN:
SF:app/middleware/emailer/index.js
FNF:0
FNH:0
DA:1,1
DA:2,1
DA:3,1
DA:4,1
DA:7,1
DA:10,1
DA:12,1
LF:7
LH:7
BRF:0
BRH:0
end_of_record
TN:
SF:app/middleware/emailer/prepareToSendEmail.js
FN:9,(anonymous_0)
FN:21,(anonymous_1)
FNF:2
FNH:1
FNDA:5,(anonymous_0)
FNDA:0,(anonymous_1)
DA:1,1
DA:9,1
DA:10,5
DA:15,5
DA:20,5
DA:21,0
DA:22,0
DA:26,5
DA:27,0
DA:31,1
LF:10
LH:7
BRDA:9,0,0,0
BRDA:9,1,0,0
BRDA:9,2,0,0
BRDA:20,3,0,0
BRDA:20,3,1,5
BRDA:22,4,0,0
BRDA:22,4,1,0
BRDA:26,5,0,0
BRDA:26,5,1,5
BRF:9
BRH:2
end_of_record
TN:
SF:app/middleware/emailer/sendEmail.js
FN:9,(anonymous_0)
FN:25,(anonymous_1)
FNF:2
FNH:0
FNDA:0,(anonymous_0)
FNDA:0,(anonymous_1)
DA:1,1
DA:2,1
DA:9,1
DA:10,0
DA:18,0
DA:19,0
DA:25,0
DA:26,0
DA:27,0
DA:29,0
DA:33,1
LF:11
LH:4
BRDA:9,0,0,0
BRDA:26,1,0,0
BRDA:26,1,1,0
BRF:3
BRH:0
end_of_record
TN:
SF:app/middleware/emailer/sendRegistrationEmailMessage.js
FN:9,(anonymous_0)
FNF:1
FNH:1
FNDA:4,(anonymous_0)
DA:1,1
DA:2,1
DA:9,1
DA:10,4
DA:11,4
DA:12,4
DA:18,4
DA:21,1
LF:8
LH:8
BRDA:9,0,0,0
BRDA:9,1,0,0
BRF:2
BRH:0
end_of_record
TN:
SF:app/middleware/emailer/sendResetPasswordEmailMessage.js
FN:9,(anonymous_0)
FNF:1
FNH:1
FNDA:1,(anonymous_0)
DA:1,1
DA:2,1
DA:9,1
DA:10,1
DA:11,1
DA:12,1
DA:18,1
DA:21,1
LF:8
LH:8
BRDA:9,0,0,0
BRDA:9,1,0,0
BRF:2
BRH:0
end_of_record
TN:
SF:app/middleware/utils/buildErrObject.js
FN:6,(anonymous_0)
FNF:1
FNH:1
FNDA:21,(anonymous_0)
DA:6,1
DA:7,21
DA:13,1
LF:3
LH:3
BRDA:6,0,0,0
BRDA:6,1,0,0
BRF:2
BRH:0
end_of_record
TN:
SF:app/middleware/utils/buildSuccObject.js
FN:5,(anonymous_0)
FNF:1
FNH:1
FNDA:4,(anonymous_0)
DA:5,1
DA:6,4
DA:11,1
LF:3
LH:3
BRDA:5,0,0,0
BRF:1
BRH:0
end_of_record
TN:
SF:app/middleware/utils/getBrowserInfo.js
FN:5,(anonymous_0)
FNF:1
FNH:1
FNDA:8,(anonymous_0)
DA:5,8
DA:7,1
LF:2
LH:2
BRF:0
BRH:0
end_of_record
TN:
SF:app/middleware/utils/getCountry.js
FN:5,(anonymous_0)
FNF:1
FNH:1
FNDA:8,(anonymous_0)
DA:5,1
DA:6,8
DA:8,1
LF:3
LH:3
BRDA:6,0,0,0
BRDA:6,0,1,8
BRF:2
BRH:1
end_of_record
TN:
SF:app/middleware/utils/getIP.js
FN:7,(anonymous_0)
FNF:1
FNH:1
FNDA:8,(anonymous_0)
DA:1,1
DA:7,8
DA:9,1
LF:3
LH:3
BRF:0
BRH:0
end_of_record
TN:
SF:app/middleware/utils/handleError.js
FN:6,(anonymous_0)
FNF:1
FNH:1
FNDA:21,(anonymous_0)
DA:6,1
DA:8,21
DA:9,0
DA:12,21
DA:19,1
LF:5
LH:4
BRDA:6,0,0,0
BRDA:6,1,0,0
BRDA:8,2,0,0
BRDA:8,2,1,21
BRF:4
BRH:1
end_of_record
TN:
SF:app/middleware/utils/index.js
FNF:0
FNH:0
DA:1,1
DA:2,1
DA:3,1
DA:4,1
DA:5,1
DA:6,1
DA:7,1
DA:8,1
DA:9,1
DA:10,1
DA:12,1
LF:11
LH:11
BRF:0
BRH:0
end_of_record
TN:
SF:app/middleware/utils/isIDGood.js
FN:8,(anonymous_0)
FN:9,(anonymous_1)
FNF:2
FNH:2
FNDA:12,(anonymous_0)
FNDA:12,(anonymous_1)
DA:1,1
DA:2,1
DA:8,1
DA:9,12
DA:10,12
DA:11,12
DA:15,1
LF:7
LH:7
BRDA:8,0,0,0
BRDA:11,1,0,12
BRDA:11,1,1,0
BRF:3
BRH:1
end_of_record
TN:
SF:app/middleware/utils/itemNotFound.js
FN:9,(anonymous_0)
FN:10,(anonymous_1)
FNF:2
FNH:2
FNDA:62,(anonymous_0)
FNDA:62,(anonymous_1)
DA:1,1
DA:9,1
DA:10,62
DA:11,62
DA:12,0
DA:14,62
DA:15,0
DA:17,62
DA:21,1
LF:9
LH:7
BRDA:9,0,0,0
BRDA:9,1,0,0
BRDA:9,2,0,0
BRDA:11,3,0,0
BRDA:11,3,1,62
BRDA:14,4,0,0
BRDA:14,4,1,62
BRF:7
BRH:2
end_of_record
TN:
SF:app/middleware/utils/removeExtensionFromFile.js
FN:5,(anonymous_0)
FNF:1
FNH:1
FNDA:10,(anonymous_0)
DA:5,1
DA:6,10
DA:9,1
LF:3
LH:3
BRF:0
BRH:0
end_of_record
TN:
SF:app/middleware/utils/validateResult.js
FN:11,(anonymous_0)
FNF:1
FNH:1
FNDA:43,(anonymous_0)
DA:1,1
DA:2,1
DA:3,1
DA:11,1
DA:12,43
DA:13,43
DA:14,34
DA:15,19
DA:17,34
DA:19,9
DA:23,1
LF:11
LH:11
BRDA:14,0,0,19
BRDA:14,0,1,15
BRF:2
BRH:2
end_of_record
TN:
SF:app/models/city.js
FNF:0
FNH:0
DA:1,1
DA:2,1
DA:4,1
DA:16,1
DA:17,1
LF:5
LH:5
BRF:0
BRH:0
end_of_record
TN:
SF:app/models/forgotPassword.js
FNF:0
FNH:0
DA:1,1
DA:2,1
DA:4,1
DA:46,1
LF:4
LH:4
BRF:0
BRH:0
end_of_record
TN:
SF:app/models/index.js
FN:5,(anonymous_0)
FN:11,(anonymous_1)
FNF:2
FNH:2
FNDA:1,(anonymous_0)
FNDA:5,(anonymous_1)
DA:1,1
DA:2,1
DA:3,1
DA:5,1
DA:11,1
DA:13,5
DA:15,5
LF:7
LH:7
BRDA:15,0,0,4
BRDA:15,0,1,1
BRF:2
BRH:2
end_of_record
TN:
SF:app/models/user.js
FN:51,(anonymous_0)
FN:61,(anonymous_1)
FN:85,(anonymous_2)
FN:86,(anonymous_3)
FN:95,(anonymous_4)
FN:96,(anonymous_5)
FN:104,(anonymous_6)
FN:113,(anonymous_7)
FN:114,(anonymous_8)
FNF:9
FNH:9
FNDA:3,(anonymous_0)
FNDA:3,(anonymous_1)
FNDA:6,(anonymous_2)
FNDA:6,(anonymous_3)
FNDA:6,(anonymous_4)
FNDA:6,(anonymous_5)
FNDA:19,(anonymous_6)
FNDA:13,(anonymous_7)
FNDA:13,(anonymous_8)
DA:1,1
DA:2,1
DA:3,1
DA:4,1
DA:6,1
DA:52,3
DA:62,3
DA:85,1
DA:86,6
DA:87,6
DA:88,0
DA:90,6
DA:91,6
DA:95,1
DA:96,6
DA:97,6
DA:98,0
DA:100,6
DA:104,1
DA:105,19
DA:106,19
DA:107,19
DA:108,13
DA:110,6
DA:113,1
DA:114,13
DA:115,13
DA:118,1
DA:119,1
LF:29
LH:27
BRDA:52,0,0,0
BRDA:52,0,1,3
BRDA:62,1,0,0
BRDA:62,1,1,3
BRDA:87,2,0,0
BRDA:87,2,1,6
BRDA:97,3,0,0
BRDA:97,3,1,6
BRDA:107,4,0,13
BRDA:107,4,1,6
BRDA:115,5,0,0
BRDA:115,5,1,13
BRF:12
BRH:7
end_of_record
TN:
SF:app/models/userAccess.js
FNF:0
FNH:0
DA:1,1
DA:2,1
DA:4,1
DA:33,1
LF:4
LH:4
BRF:0
BRH:0
end_of_record
TN:
SF:app/routes/auth.js
FNF:0
FNH:0
DA:1,1
DA:2,1
DA:3,1
DA:4,1
DA:5,1
DA:8,1
DA:18,1
DA:26,1
DA:35,1
DA:40,1
DA:45,1
DA:50,1
DA:55,1
DA:66,1
DA:68,1
LF:15
LH:15
BRF:0
BRH:0
end_of_record
TN:
SF:app/routes/cities.js
FNF:0
FNH:0
DA:1,1
DA:2,1
DA:3,1
DA:4,1
DA:5,1
DA:8,1
DA:10,1
DA:19,1
DA:26,1
DA:35,1
DA:40,1
DA:51,1
DA:63,1
DA:75,1
DA:87,1
DA:96,1
LF:16
LH:16
BRF:0
BRH:0
end_of_record
TN:
SF:app/routes/index.js
FN:15,(anonymous_0)
FN:27,(anonymous_1)
FN:34,(anonymous_2)
FNF:3
FNH:3
FNDA:5,(anonymous_0)
FNDA:1,(anonymous_1)
FNDA:1,(anonymous_2)
DA:1,1
DA:2,1
DA:3,1
DA:4,1
DA:5,1
DA:12,1
DA:15,1
DA:17,5
DA:19,5
DA:27,1
DA:28,1
DA:34,1
DA:35,1
DA:42,1
LF:14
LH:14
BRDA:19,0,0,3
BRDA:19,0,1,2
BRDA:19,1,0,5
BRDA:19,1,1,4
BRDA:19,1,2,3
BRF:5
BRH:5
end_of_record
TN:
SF:app/routes/profile.js
FNF:0
FNH:0
DA:1,1
DA:2,1
DA:3,1
DA:4,1
DA:5,1
DA:8,1
DA:10,1
DA:16,1
DA:21,1
DA:30,1
DA:41,1
DA:53,1
DA:62,1
LF:13
LH:13
BRF:0
BRH:0
end_of_record
TN:
SF:app/routes/users.js
FNF:0
FNH:0
DA:1,1
DA:2,1
DA:3,1
DA:4,1
DA:5,1
DA:8,1
DA:10,1
DA:18,1
DA:25,1
DA:34,1
DA:45,1
DA:57,1
DA:69,1
DA:81,1
DA:90,1
LF:15
LH:15
BRF:0
BRH:0
end_of_record
TN:
SF:config/mongo.js
FN:5,(anonymous_0)
FN:6,(anonymous_1)
FN:16,(anonymous_2)
FNF:3
FNH:3
FNDA:1,(anonymous_0)
FNDA:1,(anonymous_1)
FNDA:1,(anonymous_2)
DA:1,1
DA:2,1
DA:3,1
DA:5,1
DA:6,1
DA:7,1
DA:9,1
DA:17,1
DA:18,1
DA:19,0
DA:21,1
DA:22,1
DA:24,0
DA:25,0
DA:26,0
DA:27,0
DA:28,0
DA:29,0
DA:33,1
DA:34,1
DA:36,1
DA:38,1
DA:39,1
DA:41,1
LF:24
LH:17
BRDA:18,0,0,0
BRDA:18,0,1,1
BRDA:22,1,0,0
BRDA:22,1,1,1
BRDA:26,2,0,0
BRDA:26,2,1,0
BRF:6
BRH:2
end_of_record
TN:
SF:config/passport.js
FN:11,(anonymous_0)
FN:38,(anonymous_1)
FN:39,(anonymous_2)
FNF:3
FNH:3
FNDA:36,(anonymous_0)
FNDA:32,(anonymous_1)
FNDA:32,(anonymous_2)
DA:1,1
DA:2,1
DA:3,1
DA:4,1
DA:11,1
DA:12,36
DA:13,36
DA:14,32
DA:15,4
DA:16,0
DA:17,4
DA:18,0
DA:20,36
DA:22,32
DA:24,36
DA:30,1
DA:38,1
DA:39,32
DA:40,32
DA:41,0
DA:43,32
DA:47,1
LF:22
LH:19
BRDA:13,0,0,32
BRDA:13,0,1,4
BRDA:15,1,0,0
BRDA:15,1,1,4
BRDA:17,2,0,0
BRDA:17,2,1,4
BRDA:20,3,0,32
BRDA:20,3,1,4
BRDA:40,4,0,0
BRDA:40,4,1,32
BRDA:43,5,0,0
BRDA:43,5,1,32
BRF:12
BRH:8
end_of_record
