{"/Users/nishantmathur/Documents/prem-green/Vup-node/clean.js": {"path":"/Users/nishantmathur/Documents/prem-green/Vup-node/clean.js","statementMap":{"0":{"start":{"line":1,"column":0},"end":{"line":1,"column":31}},"1":{"start":{"line":2,"column":18},"end":{"line":2,"column":43}},"2":{"start":{"line":3,"column":11},"end":{"line":3,"column":24}},"3":{"start":{"line":4,"column":19},"end":{"line":4,"column":33}},"4":{"start":{"line":5,"column":36},"end":{"line":5,"column":69}},"5":{"start":{"line":7,"column":0},"end":{"line":7,"column":11}},"6":{"start":{"line":10,"column":15},"end":{"line":12,"column":2}},"7":{"start":{"line":11,"column":2},"end":{"line":11,"column":50}},"8":{"start":{"line":14,"column":26},"end":{"line":25,"column":1}},"9":{"start":{"line":15,"column":2},"end":{"line":24,"column":4}},"10":{"start":{"line":16,"column":4},"end":{"line":16,"column":44}},"11":{"start":{"line":17,"column":4},"end":{"line":23,"column":6}},"12":{"start":{"line":18,"column":6},"end":{"line":22,"column":7}},"13":{"start":{"line":19,"column":8},"end":{"line":19,"column":19}},"14":{"start":{"line":21,"column":8},"end":{"line":21,"column":20}},"15":{"start":{"line":27,"column":14},"end":{"line":39,"column":1}},"16":{"start":{"line":28,"column":2},"end":{"line":38,"column":3}},"17":{"start":{"line":29,"column":25},"end":{"line":31,"column":5}},"18":{"start":{"line":30,"column":23},"end":{"line":30,"column":53}},"19":{"start":{"line":32,"column":4},"end":{"line":32,"column":35}},"20":{"start":{"line":33,"column":4},"end":{"line":33,"column":36}},"21":{"start":{"line":34,"column":4},"end":{"line":34,"column":19}},"22":{"start":{"line":36,"column":4},"end":{"line":36,"column":20}},"23":{"start":{"line":37,"column":4},"end":{"line":37,"column":19}},"24":{"start":{"line":41,"column":0},"end":{"line":41,"column":7}}},"fnMap":{"0":{"name":"(anonymous_0)","decl":{"start":{"line":10,"column":49},"end":{"line":10,"column":50}},"loc":{"start":{"line":10,"column":59},"end":{"line":12,"column":1}},"line":10},"1":{"name":"(anonymous_1)","decl":{"start":{"line":14,"column":26},"end":{"line":14,"column":27}},"loc":{"start":{"line":14,"column":37},"end":{"line":25,"column":1}},"line":14},"2":{"name":"(anonymous_2)","decl":{"start":{"line":15,"column":21},"end":{"line":15,"column":22}},"loc":{"start":{"line":15,"column":42},"end":{"line":24,"column":3}},"line":15},"3":{"name":"(anonymous_3)","decl":{"start":{"line":17,"column":25},"end":{"line":17,"column":26}},"loc":{"start":{"line":17,"column":39},"end":{"line":23,"column":5}},"line":17},"4":{"name":"(anonymous_4)","decl":{"start":{"line":27,"column":14},"end":{"line":27,"column":15}},"loc":{"start":{"line":27,"column":26},"end":{"line":39,"column":1}},"line":27},"5":{"name":"(anonymous_5)","decl":{"start":{"line":30,"column":6},"end":{"line":30,"column":7}},"loc":{"start":{"line":30,"column":23},"end":{"line":30,"column":53}},"line":30}},"branchMap":{"0":{"loc":{"start":{"line":18,"column":6},"end":{"line":22,"column":7}},"type":"if","locations":[{"start":{"line":18,"column":6},"end":{"line":22,"column":7}},{"start":{"line":18,"column":6},"end":{"line":22,"column":7}}],"line":18}},"s":{"0":0,"1":0,"2":0,"3":0,"4":0,"5":0,"6":0,"7":0,"8":0,"9":0,"10":0,"11":0,"12":0,"13":0,"14":0,"15":0,"16":0,"17":0,"18":0,"19":0,"20":0,"21":0,"22":0,"23":0,"24":0},"f":{"0":0,"1":0,"2":0,"3":0,"4":0,"5":0},"b":{"0":[0,0]}}
,"/Users/nishantmathur/Documents/prem-green/Vup-node/seed.js": {"path":"/Users/nishantmathur/Documents/prem-green/Vup-node/seed.js","statementMap":{"0":{"start":{"line":1,"column":0},"end":{"line":1,"column":31}},"1":{"start":{"line":2,"column":19},"end":{"line":2,"column":43}},"2":{"start":{"line":3,"column":13},"end":{"line":3,"column":28}},"3":{"start":{"line":4,"column":15},"end":{"line":8,"column":1}},"4":{"start":{"line":9,"column":15},"end":{"line":9,"column":33}},"5":{"start":{"line":10,"column":20},"end":{"line":10,"column":74}},"6":{"start":{"line":12,"column":13},"end":{"line":21,"column":1}},"7":{"start":{"line":13,"column":2},"end":{"line":20,"column":3}},"8":{"start":{"line":14,"column":4},"end":{"line":14,"column":36}},"9":{"start":{"line":15,"column":4},"end":{"line":15,"column":33}},"10":{"start":{"line":16,"column":4},"end":{"line":16,"column":19}},"11":{"start":{"line":18,"column":4},"end":{"line":18,"column":20}},"12":{"start":{"line":19,"column":4},"end":{"line":19,"column":19}},"13":{"start":{"line":23,"column":0},"end":{"line":23,"column":6}}},"fnMap":{"0":{"name":"(anonymous_0)","decl":{"start":{"line":12,"column":13},"end":{"line":12,"column":14}},"loc":{"start":{"line":12,"column":25},"end":{"line":21,"column":1}},"line":12}},"branchMap":{},"s":{"0":0,"1":0,"2":0,"3":0,"4":0,"5":0,"6":0,"7":0,"8":0,"9":0,"10":0,"11":0,"12":0,"13":0},"f":{"0":0},"b":{}}
,"/Users/nishantmathur/Documents/prem-green/Vup-node/server.js": {"path":"/Users/nishantmathur/Documents/prem-green/Vup-node/server.js","statementMap":{"0":{"start":{"line":1,"column":0},"end":{"line":1,"column":31}},"1":{"start":{"line":2,"column":16},"end":{"line":2,"column":34}},"2":{"start":{"line":3,"column":19},"end":{"line":3,"column":41}},"3":{"start":{"line":4,"column":15},"end":{"line":4,"column":32}},"4":{"start":{"line":5,"column":20},"end":{"line":5,"column":42}},"5":{"start":{"line":6,"column":15},"end":{"line":6,"column":32}},"6":{"start":{"line":7,"column":13},"end":{"line":7,"column":28}},"7":{"start":{"line":8,"column":17},"end":{"line":8,"column":36}},"8":{"start":{"line":9,"column":12},"end":{"line":9,"column":21}},"9":{"start":{"line":10,"column":13},"end":{"line":10,"column":28}},"10":{"start":{"line":11,"column":18},"end":{"line":11,"column":43}},"11":{"start":{"line":12,"column":13},"end":{"line":12,"column":28}},"12":{"start":{"line":15,"column":0},"end":{"line":15,"column":41}},"13":{"start":{"line":18,"column":0},"end":{"line":20,"column":1}},"14":{"start":{"line":19,"column":2},"end":{"line":19,"column":24}},"15":{"start":{"line":23,"column":0},"end":{"line":36,"column":1}},"16":{"start":{"line":24,"column":30},"end":{"line":24,"column":60}},"17":{"start":{"line":25,"column":16},"end":{"line":34,"column":4}},"18":{"start":{"line":35,"column":2},"end":{"line":35,"column":16}},"19":{"start":{"line":39,"column":0},"end":{"line":43,"column":1}},"20":{"start":{"line":45,"column":0},"end":{"line":50,"column":1}},"21":{"start":{"line":53,"column":0},"end":{"line":58,"column":2}},"22":{"start":{"line":59,"column":0},"end":{"line":59,"column":18}},"23":{"start":{"line":62,"column":0},"end":{"line":62,"column":15}},"24":{"start":{"line":63,"column":0},"end":{"line":63,"column":30}},"25":{"start":{"line":64,"column":0},"end":{"line":64,"column":22}},"26":{"start":{"line":65,"column":0},"end":{"line":65,"column":17}},"27":{"start":{"line":66,"column":0},"end":{"line":66,"column":33}},"28":{"start":{"line":67,"column":0},"end":{"line":67,"column":47}},"29":{"start":{"line":68,"column":0},"end":{"line":68,"column":45}},"30":{"start":{"line":69,"column":0},"end":{"line":69,"column":30}},"31":{"start":{"line":70,"column":0},"end":{"line":70,"column":32}},"32":{"start":{"line":71,"column":0},"end":{"line":71,"column":27}},"33":{"start":{"line":74,"column":0},"end":{"line":74,"column":11}},"34":{"start":{"line":76,"column":0},"end":{"line":76,"column":20}}},"fnMap":{},"branchMap":{"0":{"loc":{"start":{"line":15,"column":16},"end":{"line":15,"column":40}},"type":"binary-expr","locations":[{"start":{"line":15,"column":16},"end":{"line":15,"column":32}},{"start":{"line":15,"column":36},"end":{"line":15,"column":40}}],"line":15},"1":{"loc":{"start":{"line":18,"column":0},"end":{"line":20,"column":1}},"type":"if","locations":[{"start":{"line":18,"column":0},"end":{"line":20,"column":1}},{"start":{"line":18,"column":0},"end":{"line":20,"column":1}}],"line":18},"2":{"loc":{"start":{"line":23,"column":0},"end":{"line":36,"column":1}},"type":"if","locations":[{"start":{"line":23,"column":0},"end":{"line":36,"column":1}},{"start":{"line":23,"column":0},"end":{"line":36,"column":1}}],"line":23}},"s":{"0":0,"1":0,"2":0,"3":0,"4":0,"5":0,"6":0,"7":0,"8":0,"9":0,"10":0,"11":0,"12":0,"13":0,"14":0,"15":0,"16":0,"17":0,"18":0,"19":0,"20":0,"21":0,"22":0,"23":0,"24":0,"25":0,"26":0,"27":0,"28":0,"29":0,"30":0,"31":0,"32":0,"33":0,"34":0},"f":{},"b":{"0":[0,0],"1":[0,0],"2":[0,0]}}
,"/Users/nishantmathur/Documents/prem-green/Vup-node/app/controllers/auth/forgotPassword.js": {"path":"/Users/nishantmathur/Documents/prem-green/Vup-node/app/controllers/auth/forgotPassword.js","statementMap":{"0":{"start":{"line":1,"column":24},"end":{"line":1,"column":52}},"1":{"start":{"line":6,"column":4},"end":{"line":6,"column":24}},"2":{"start":{"line":7,"column":24},"end":{"line":7,"column":57}},"3":{"start":{"line":8,"column":42},"end":{"line":8,"column":77}},"4":{"start":{"line":15,"column":23},"end":{"line":27,"column":1}},"5":{"start":{"line":16,"column":2},"end":{"line":26,"column":3}},"6":{"start":{"line":18,"column":19},"end":{"line":18,"column":34}},"7":{"start":{"line":19,"column":17},"end":{"line":19,"column":33}},"8":{"start":{"line":20,"column":4},"end":{"line":20,"column":30}},"9":{"start":{"line":21,"column":17},"end":{"line":21,"column":46}},"10":{"start":{"line":22,"column":4},"end":{"line":22,"column":47}},"11":{"start":{"line":23,"column":4},"end":{"line":23,"column":54}},"12":{"start":{"line":25,"column":4},"end":{"line":25,"column":27}},"13":{"start":{"line":29,"column":0},"end":{"line":29,"column":35}}},"fnMap":{"0":{"name":"(anonymous_0)","decl":{"start":{"line":15,"column":23},"end":{"line":15,"column":24}},"loc":{"start":{"line":15,"column":43},"end":{"line":27,"column":1}},"line":15}},"branchMap":{},"s":{"0":0,"1":0,"2":0,"3":0,"4":0,"5":0,"6":0,"7":0,"8":0,"9":0,"10":0,"11":0,"12":0,"13":0},"f":{"0":0},"b":{}}
,"/Users/nishantmathur/Documents/prem-green/Vup-node/app/controllers/auth/getRefreshToken.js": {"path":"/Users/nishantmathur/Documents/prem-green/Vup-node/app/controllers/auth/getRefreshToken.js","statementMap":{"0":{"start":{"line":5,"column":4},"end":{"line":5,"column":24}},"1":{"start":{"line":6,"column":34},"end":{"line":6,"column":67}},"2":{"start":{"line":13,"column":24},"end":{"line":28,"column":1}},"3":{"start":{"line":14,"column":2},"end":{"line":27,"column":3}},"4":{"start":{"line":15,"column":27},"end":{"line":17,"column":13}},"5":{"start":{"line":18,"column":17},"end":{"line":18,"column":57}},"6":{"start":{"line":19,"column":4},"end":{"line":19,"column":35}},"7":{"start":{"line":20,"column":17},"end":{"line":20,"column":43}},"8":{"start":{"line":21,"column":18},"end":{"line":21,"column":63}},"9":{"start":{"line":23,"column":4},"end":{"line":23,"column":21}},"10":{"start":{"line":24,"column":4},"end":{"line":24,"column":31}},"11":{"start":{"line":26,"column":4},"end":{"line":26,"column":27}},"12":{"start":{"line":30,"column":0},"end":{"line":30,"column":36}}},"fnMap":{"0":{"name":"(anonymous_0)","decl":{"start":{"line":13,"column":24},"end":{"line":13,"column":25}},"loc":{"start":{"line":13,"column":44},"end":{"line":28,"column":1}},"line":13}},"branchMap":{},"s":{"0":0,"1":0,"2":0,"3":0,"4":0,"5":0,"6":0,"7":0,"8":0,"9":0,"10":0,"11":0,"12":0},"f":{"0":0},"b":{}}
,"/Users/nishantmathur/Documents/prem-green/Vup-node/app/controllers/auth/index.js": {"path":"/Users/nishantmathur/Documents/prem-green/Vup-node/app/controllers/auth/index.js","statementMap":{"0":{"start":{"line":1,"column":27},"end":{"line":1,"column":54}},"1":{"start":{"line":2,"column":28},"end":{"line":2,"column":56}},"2":{"start":{"line":3,"column":18},"end":{"line":3,"column":36}},"3":{"start":{"line":4,"column":21},"end":{"line":4,"column":42}},"4":{"start":{"line":5,"column":26},"end":{"line":5,"column":52}},"5":{"start":{"line":6,"column":30},"end":{"line":6,"column":60}},"6":{"start":{"line":7,"column":19},"end":{"line":7,"column":38}},"7":{"start":{"line":9,"column":0},"end":{"line":17,"column":1}}},"fnMap":{},"branchMap":{},"s":{"0":0,"1":0,"2":0,"3":0,"4":0,"5":0,"6":0,"7":0},"f":{},"b":{}}
,"/Users/nishantmathur/Documents/prem-green/Vup-node/app/controllers/auth/login.js": {"path":"/Users/nishantmathur/Documents/prem-green/Vup-node/app/controllers/auth/login.js","statementMap":{"0":{"start":{"line":1,"column":24},"end":{"line":1,"column":52}},"1":{"start":{"line":10,"column":4},"end":{"line":10,"column":24}},"2":{"start":{"line":12,"column":24},"end":{"line":12,"column":57}},"3":{"start":{"line":13,"column":26},"end":{"line":13,"column":58}},"4":{"start":{"line":20,"column":14},"end":{"line":38,"column":1}},"5":{"start":{"line":21,"column":2},"end":{"line":37,"column":3}},"6":{"start":{"line":22,"column":17},"end":{"line":22,"column":33}},"7":{"start":{"line":23,"column":17},"end":{"line":23,"column":43}},"8":{"start":{"line":24,"column":4},"end":{"line":24,"column":29}},"9":{"start":{"line":25,"column":4},"end":{"line":25,"column":49}},"10":{"start":{"line":26,"column":28},"end":{"line":26,"column":68}},"11":{"start":{"line":27,"column":4},"end":{"line":34,"column":5}},"12":{"start":{"line":28,"column":6},"end":{"line":28,"column":55}},"13":{"start":{"line":31,"column":6},"end":{"line":31,"column":28}},"14":{"start":{"line":32,"column":6},"end":{"line":32,"column":39}},"15":{"start":{"line":33,"column":6},"end":{"line":33,"column":73}},"16":{"start":{"line":36,"column":4},"end":{"line":36,"column":27}},"17":{"start":{"line":40,"column":0},"end":{"line":40,"column":26}}},"fnMap":{"0":{"name":"(anonymous_0)","decl":{"start":{"line":20,"column":14},"end":{"line":20,"column":15}},"loc":{"start":{"line":20,"column":34},"end":{"line":38,"column":1}},"line":20}},"branchMap":{"0":{"loc":{"start":{"line":27,"column":4},"end":{"line":34,"column":5}},"type":"if","locations":[{"start":{"line":27,"column":4},"end":{"line":34,"column":5}},{"start":{"line":27,"column":4},"end":{"line":34,"column":5}}],"line":27}},"s":{"0":0,"1":0,"2":0,"3":0,"4":0,"5":0,"6":0,"7":0,"8":0,"9":0,"10":0,"11":0,"12":0,"13":0,"14":0,"15":0,"16":0,"17":0},"f":{"0":0},"b":{"0":[0,0]}}
,"/Users/nishantmathur/Documents/prem-green/Vup-node/app/controllers/auth/register.js": {"path":"/Users/nishantmathur/Documents/prem-green/Vup-node/app/controllers/auth/register.js","statementMap":{"0":{"start":{"line":1,"column":24},"end":{"line":1,"column":52}},"1":{"start":{"line":3,"column":59},"end":{"line":3,"column":79}},"2":{"start":{"line":5,"column":24},"end":{"line":5,"column":57}},"3":{"start":{"line":9,"column":4},"end":{"line":9,"column":39}},"4":{"start":{"line":16,"column":17},"end":{"line":32,"column":1}},"5":{"start":{"line":17,"column":2},"end":{"line":31,"column":3}},"6":{"start":{"line":19,"column":19},"end":{"line":19,"column":34}},"7":{"start":{"line":20,"column":4},"end":{"line":20,"column":26}},"8":{"start":{"line":21,"column":28},"end":{"line":21,"column":56}},"9":{"start":{"line":22,"column":4},"end":{"line":28,"column":5}},"10":{"start":{"line":23,"column":19},"end":{"line":23,"column":42}},"11":{"start":{"line":24,"column":23},"end":{"line":24,"column":46}},"12":{"start":{"line":25,"column":23},"end":{"line":25,"column":64}},"13":{"start":{"line":26,"column":6},"end":{"line":26,"column":48}},"14":{"start":{"line":27,"column":6},"end":{"line":27,"column":36}},"15":{"start":{"line":30,"column":4},"end":{"line":30,"column":27}},"16":{"start":{"line":34,"column":0},"end":{"line":34,"column":29}}},"fnMap":{"0":{"name":"(anonymous_0)","decl":{"start":{"line":16,"column":17},"end":{"line":16,"column":18}},"loc":{"start":{"line":16,"column":37},"end":{"line":32,"column":1}},"line":16}},"branchMap":{"0":{"loc":{"start":{"line":22,"column":4},"end":{"line":28,"column":5}},"type":"if","locations":[{"start":{"line":22,"column":4},"end":{"line":28,"column":5}},{"start":{"line":22,"column":4},"end":{"line":28,"column":5}}],"line":22}},"s":{"0":0,"1":0,"2":0,"3":0,"4":0,"5":0,"6":0,"7":0,"8":0,"9":0,"10":0,"11":0,"12":0,"13":0,"14":0,"15":0,"16":0},"f":{"0":0},"b":{"0":[0,0]}}
,"/Users/nishantmathur/Documents/prem-green/Vup-node/app/controllers/auth/resetPassword.js": {"path":"/Users/nishantmathur/Documents/prem-green/Vup-node/app/controllers/auth/resetPassword.js","statementMap":{"0":{"start":{"line":1,"column":24},"end":{"line":1,"column":52}},"1":{"start":{"line":7,"column":4},"end":{"line":7,"column":24}},"2":{"start":{"line":8,"column":24},"end":{"line":8,"column":57}},"3":{"start":{"line":15,"column":22},"end":{"line":26,"column":1}},"4":{"start":{"line":16,"column":2},"end":{"line":25,"column":3}},"5":{"start":{"line":17,"column":17},"end":{"line":17,"column":33}},"6":{"start":{"line":18,"column":27},"end":{"line":18,"column":60}},"7":{"start":{"line":19,"column":17},"end":{"line":19,"column":68}},"8":{"start":{"line":20,"column":4},"end":{"line":20,"column":45}},"9":{"start":{"line":21,"column":19},"end":{"line":21,"column":69}},"10":{"start":{"line":22,"column":4},"end":{"line":22,"column":32}},"11":{"start":{"line":24,"column":4},"end":{"line":24,"column":27}},"12":{"start":{"line":28,"column":0},"end":{"line":28,"column":34}}},"fnMap":{"0":{"name":"(anonymous_0)","decl":{"start":{"line":15,"column":22},"end":{"line":15,"column":23}},"loc":{"start":{"line":15,"column":42},"end":{"line":26,"column":1}},"line":15}},"branchMap":{},"s":{"0":0,"1":0,"2":0,"3":0,"4":0,"5":0,"6":0,"7":0,"8":0,"9":0,"10":0,"11":0,"12":0},"f":{"0":0},"b":{}}
,"/Users/nishantmathur/Documents/prem-green/Vup-node/app/controllers/auth/roleAuthorization.js": {"path":"/Users/nishantmathur/Documents/prem-green/Vup-node/app/controllers/auth/roleAuthorization.js","statementMap":{"0":{"start":{"line":1,"column":29},"end":{"line":1,"column":49}},"1":{"start":{"line":3,"column":24},"end":{"line":3,"column":57}},"2":{"start":{"line":9,"column":26},"end":{"line":19,"column":1}},"3":{"start":{"line":9,"column":37},"end":{"line":19,"column":1}},"4":{"start":{"line":10,"column":2},"end":{"line":18,"column":3}},"5":{"start":{"line":11,"column":17},"end":{"line":14,"column":5}},"6":{"start":{"line":15,"column":4},"end":{"line":15,"column":38}},"7":{"start":{"line":17,"column":4},"end":{"line":17,"column":27}},"8":{"start":{"line":21,"column":0},"end":{"line":21,"column":38}}},"fnMap":{"0":{"name":"(anonymous_0)","decl":{"start":{"line":9,"column":26},"end":{"line":9,"column":27}},"loc":{"start":{"line":9,"column":37},"end":{"line":19,"column":1}},"line":9},"1":{"name":"(anonymous_1)","decl":{"start":{"line":9,"column":37},"end":{"line":9,"column":38}},"loc":{"start":{"line":9,"column":63},"end":{"line":19,"column":1}},"line":9}},"branchMap":{},"s":{"0":0,"1":0,"2":0,"3":0,"4":0,"5":0,"6":0,"7":0,"8":0},"f":{"0":0,"1":0},"b":{}}
,"/Users/nishantmathur/Documents/prem-green/Vup-node/app/controllers/auth/verify.js": {"path":"/Users/nishantmathur/Documents/prem-green/Vup-node/app/controllers/auth/verify.js","statementMap":{"0":{"start":{"line":1,"column":24},"end":{"line":1,"column":52}},"1":{"start":{"line":2,"column":43},"end":{"line":2,"column":63}},"2":{"start":{"line":4,"column":24},"end":{"line":4,"column":57}},"3":{"start":{"line":11,"column":15},"end":{"line":19,"column":1}},"4":{"start":{"line":12,"column":2},"end":{"line":18,"column":3}},"5":{"start":{"line":13,"column":4},"end":{"line":13,"column":26}},"6":{"start":{"line":14,"column":17},"end":{"line":14,"column":49}},"7":{"start":{"line":15,"column":4},"end":{"line":15,"column":48}},"8":{"start":{"line":17,"column":4},"end":{"line":17,"column":27}},"9":{"start":{"line":21,"column":0},"end":{"line":21,"column":27}}},"fnMap":{"0":{"name":"(anonymous_0)","decl":{"start":{"line":11,"column":15},"end":{"line":11,"column":16}},"loc":{"start":{"line":11,"column":35},"end":{"line":19,"column":1}},"line":11}},"branchMap":{},"s":{"0":0,"1":0,"2":0,"3":0,"4":0,"5":0,"6":0,"7":0,"8":0,"9":0},"f":{"0":0},"b":{}}
,"/Users/nishantmathur/Documents/prem-green/Vup-node/app/controllers/auth/helpers/blockIsExpired.js": {"path":"/Users/nishantmathur/Documents/prem-green/Vup-node/app/controllers/auth/helpers/blockIsExpired.js","statementMap":{"0":{"start":{"line":1,"column":23},"end":{"line":1,"column":24}},"1":{"start":{"line":7,"column":23},"end":{"line":8,"column":62}},"2":{"start":{"line":8,"column":2},"end":{"line":8,"column":62}},"3":{"start":{"line":10,"column":0},"end":{"line":10,"column":35}}},"fnMap":{"0":{"name":"(anonymous_0)","decl":{"start":{"line":7,"column":23},"end":{"line":7,"column":24}},"loc":{"start":{"line":8,"column":2},"end":{"line":8,"column":62}},"line":8}},"branchMap":{"0":{"loc":{"start":{"line":7,"column":26},"end":{"line":7,"column":43}},"type":"default-arg","locations":[{"start":{"line":7,"column":42},"end":{"line":7,"column":43}}],"line":7},"1":{"loc":{"start":{"line":7,"column":45},"end":{"line":7,"column":62}},"type":"default-arg","locations":[{"start":{"line":7,"column":60},"end":{"line":7,"column":62}}],"line":7},"2":{"loc":{"start":{"line":8,"column":2},"end":{"line":8,"column":62}},"type":"binary-expr","locations":[{"start":{"line":8,"column":2},"end":{"line":8,"column":32}},{"start":{"line":8,"column":36},"end":{"line":8,"column":62}}],"line":8}},"s":{"0":0,"1":0,"2":0,"3":0},"f":{"0":0},"b":{"0":[0],"1":[0],"2":[0,0]}}
,"/Users/nishantmathur/Documents/prem-green/Vup-node/app/controllers/auth/helpers/blockUser.js": {"path":"/Users/nishantmathur/Documents/prem-green/Vup-node/app/controllers/auth/helpers/blockUser.js","statementMap":{"0":{"start":{"line":1,"column":21},"end":{"line":1,"column":40}},"1":{"start":{"line":2,"column":23},"end":{"line":2,"column":24}},"2":{"start":{"line":4,"column":27},"end":{"line":4,"column":63}},"3":{"start":{"line":10,"column":18},"end":{"line":22,"column":1}},"4":{"start":{"line":11,"column":2},"end":{"line":21,"column":4}},"5":{"start":{"line":12,"column":4},"end":{"line":12,"column":60}},"6":{"start":{"line":13,"column":4},"end":{"line":20,"column":6}},"7":{"start":{"line":14,"column":6},"end":{"line":16,"column":7}},"8":{"start":{"line":15,"column":8},"end":{"line":15,"column":55}},"9":{"start":{"line":17,"column":6},"end":{"line":19,"column":7}},"10":{"start":{"line":18,"column":8},"end":{"line":18,"column":59}},"11":{"start":{"line":24,"column":0},"end":{"line":24,"column":30}}},"fnMap":{"0":{"name":"(anonymous_0)","decl":{"start":{"line":10,"column":18},"end":{"line":10,"column":19}},"loc":{"start":{"line":10,"column":33},"end":{"line":22,"column":1}},"line":10},"1":{"name":"(anonymous_1)","decl":{"start":{"line":11,"column":21},"end":{"line":11,"column":22}},"loc":{"start":{"line":11,"column":42},"end":{"line":21,"column":3}},"line":11},"2":{"name":"(anonymous_2)","decl":{"start":{"line":13,"column":14},"end":{"line":13,"column":15}},"loc":{"start":{"line":13,"column":31},"end":{"line":20,"column":5}},"line":13}},"branchMap":{"0":{"loc":{"start":{"line":10,"column":19},"end":{"line":10,"column":28}},"type":"default-arg","locations":[{"start":{"line":10,"column":26},"end":{"line":10,"column":28}}],"line":10},"1":{"loc":{"start":{"line":14,"column":6},"end":{"line":16,"column":7}},"type":"if","locations":[{"start":{"line":14,"column":6},"end":{"line":16,"column":7}},{"start":{"line":14,"column":6},"end":{"line":16,"column":7}}],"line":14},"2":{"loc":{"start":{"line":17,"column":6},"end":{"line":19,"column":7}},"type":"if","locations":[{"start":{"line":17,"column":6},"end":{"line":19,"column":7}},{"start":{"line":17,"column":6},"end":{"line":19,"column":7}}],"line":17}},"s":{"0":0,"1":0,"2":0,"3":0,"4":0,"5":0,"6":0,"7":0,"8":0,"9":0,"10":0,"11":0},"f":{"0":0,"1":0,"2":0},"b":{"0":[0],"1":[0,0],"2":[0,0]}}
,"/Users/nishantmathur/Documents/prem-green/Vup-node/app/controllers/auth/helpers/checkLoginAttemptsAndBlockExpires.js": {"path":"/Users/nishantmathur/Documents/prem-green/Vup-node/app/controllers/auth/helpers/checkLoginAttemptsAndBlockExpires.js","statementMap":{"0":{"start":{"line":1,"column":27},"end":{"line":1,"column":54}},"1":{"start":{"line":2,"column":27},"end":{"line":2,"column":63}},"2":{"start":{"line":8,"column":42},"end":{"line":25,"column":1}},"3":{"start":{"line":9,"column":2},"end":{"line":24,"column":4}},"4":{"start":{"line":11,"column":4},"end":{"line":21,"column":5}},"5":{"start":{"line":12,"column":6},"end":{"line":12,"column":28}},"6":{"start":{"line":13,"column":6},"end":{"line":20,"column":8}},"7":{"start":{"line":14,"column":8},"end":{"line":16,"column":9}},"8":{"start":{"line":15,"column":10},"end":{"line":15,"column":57}},"9":{"start":{"line":17,"column":8},"end":{"line":19,"column":9}},"10":{"start":{"line":18,"column":10},"end":{"line":18,"column":30}},"11":{"start":{"line":23,"column":4},"end":{"line":23,"column":17}},"12":{"start":{"line":27,"column":0},"end":{"line":27,"column":54}}},"fnMap":{"0":{"name":"(anonymous_0)","decl":{"start":{"line":8,"column":42},"end":{"line":8,"column":43}},"loc":{"start":{"line":8,"column":57},"end":{"line":25,"column":1}},"line":8},"1":{"name":"(anonymous_1)","decl":{"start":{"line":9,"column":21},"end":{"line":9,"column":22}},"loc":{"start":{"line":9,"column":42},"end":{"line":24,"column":3}},"line":9},"2":{"name":"(anonymous_2)","decl":{"start":{"line":13,"column":16},"end":{"line":13,"column":17}},"loc":{"start":{"line":13,"column":33},"end":{"line":20,"column":7}},"line":13}},"branchMap":{"0":{"loc":{"start":{"line":8,"column":43},"end":{"line":8,"column":52}},"type":"default-arg","locations":[{"start":{"line":8,"column":50},"end":{"line":8,"column":52}}],"line":8},"1":{"loc":{"start":{"line":11,"column":4},"end":{"line":21,"column":5}},"type":"if","locations":[{"start":{"line":11,"column":4},"end":{"line":21,"column":5}},{"start":{"line":11,"column":4},"end":{"line":21,"column":5}}],"line":11},"2":{"loc":{"start":{"line":14,"column":8},"end":{"line":16,"column":9}},"type":"if","locations":[{"start":{"line":14,"column":8},"end":{"line":16,"column":9}},{"start":{"line":14,"column":8},"end":{"line":16,"column":9}}],"line":14},"3":{"loc":{"start":{"line":17,"column":8},"end":{"line":19,"column":9}},"type":"if","locations":[{"start":{"line":17,"column":8},"end":{"line":19,"column":9}},{"start":{"line":17,"column":8},"end":{"line":19,"column":9}}],"line":17}},"s":{"0":0,"1":0,"2":0,"3":0,"4":0,"5":0,"6":0,"7":0,"8":0,"9":0,"10":0,"11":0,"12":0},"f":{"0":0,"1":0,"2":0},"b":{"0":[0],"1":[0,0],"2":[0,0],"3":[0,0]}}
,"/Users/nishantmathur/Documents/prem-green/Vup-node/app/controllers/auth/helpers/checkPermissions.js": {"path":"/Users/nishantmathur/Documents/prem-green/Vup-node/app/controllers/auth/helpers/checkPermissions.js","statementMap":{"0":{"start":{"line":1,"column":13},"end":{"line":1,"column":44}},"1":{"start":{"line":2,"column":41},"end":{"line":2,"column":77}},"2":{"start":{"line":9,"column":25},"end":{"line":23,"column":1}},"3":{"start":{"line":10,"column":2},"end":{"line":22,"column":4}},"4":{"start":{"line":11,"column":4},"end":{"line":21,"column":6}},"5":{"start":{"line":12,"column":6},"end":{"line":20,"column":7}},"6":{"start":{"line":13,"column":8},"end":{"line":13,"column":57}},"7":{"start":{"line":14,"column":8},"end":{"line":16,"column":9}},"8":{"start":{"line":15,"column":10},"end":{"line":15,"column":32}},"9":{"start":{"line":17,"column":8},"end":{"line":17,"column":51}},"10":{"start":{"line":19,"column":8},"end":{"line":19,"column":21}},"11":{"start":{"line":25,"column":0},"end":{"line":25,"column":37}}},"fnMap":{"0":{"name":"(anonymous_0)","decl":{"start":{"line":9,"column":25},"end":{"line":9,"column":26}},"loc":{"start":{"line":9,"column":60},"end":{"line":23,"column":1}},"line":9},"1":{"name":"(anonymous_1)","decl":{"start":{"line":10,"column":21},"end":{"line":10,"column":22}},"loc":{"start":{"line":10,"column":42},"end":{"line":22,"column":3}},"line":10},"2":{"name":"(anonymous_2)","decl":{"start":{"line":11,"column":22},"end":{"line":11,"column":23}},"loc":{"start":{"line":11,"column":45},"end":{"line":21,"column":5}},"line":11}},"branchMap":{"0":{"loc":{"start":{"line":9,"column":28},"end":{"line":9,"column":35}},"type":"default-arg","locations":[{"start":{"line":9,"column":33},"end":{"line":9,"column":35}}],"line":9},"1":{"loc":{"start":{"line":9,"column":37},"end":{"line":9,"column":47}},"type":"default-arg","locations":[{"start":{"line":9,"column":45},"end":{"line":9,"column":47}}],"line":9},"2":{"loc":{"start":{"line":14,"column":8},"end":{"line":16,"column":9}},"type":"if","locations":[{"start":{"line":14,"column":8},"end":{"line":16,"column":9}},{"start":{"line":14,"column":8},"end":{"line":16,"column":9}}],"line":14}},"s":{"0":0,"1":0,"2":0,"3":0,"4":0,"5":0,"6":0,"7":0,"8":0,"9":0,"10":0,"11":0},"f":{"0":0,"1":0,"2":0},"b":{"0":[0],"1":[0],"2":[0,0]}}
,"/Users/nishantmathur/Documents/prem-green/Vup-node/app/controllers/auth/helpers/findForgotPassword.js": {"path":"/Users/nishantmathur/Documents/prem-green/Vup-node/app/controllers/auth/helpers/findForgotPassword.js","statementMap":{"0":{"start":{"line":1,"column":23},"end":{"line":1,"column":64}},"1":{"start":{"line":2,"column":25},"end":{"line":2,"column":61}},"2":{"start":{"line":8,"column":27},"end":{"line":25,"column":1}},"3":{"start":{"line":9,"column":2},"end":{"line":24,"column":4}},"4":{"start":{"line":10,"column":4},"end":{"line":23,"column":5}},"5":{"start":{"line":16,"column":8},"end":{"line":21,"column":9}},"6":{"start":{"line":17,"column":10},"end":{"line":17,"column":68}},"7":{"start":{"line":18,"column":10},"end":{"line":18,"column":23}},"8":{"start":{"line":20,"column":10},"end":{"line":20,"column":23}},"9":{"start":{"line":27,"column":0},"end":{"line":27,"column":39}}},"fnMap":{"0":{"name":"(anonymous_0)","decl":{"start":{"line":8,"column":27},"end":{"line":8,"column":28}},"loc":{"start":{"line":8,"column":40},"end":{"line":25,"column":1}},"line":8},"1":{"name":"(anonymous_1)","decl":{"start":{"line":9,"column":21},"end":{"line":9,"column":22}},"loc":{"start":{"line":9,"column":42},"end":{"line":24,"column":3}},"line":9},"2":{"name":"(anonymous_2)","decl":{"start":{"line":15,"column":6},"end":{"line":15,"column":7}},"loc":{"start":{"line":15,"column":27},"end":{"line":22,"column":7}},"line":15}},"branchMap":{"0":{"loc":{"start":{"line":8,"column":28},"end":{"line":8,"column":35}},"type":"default-arg","locations":[{"start":{"line":8,"column":33},"end":{"line":8,"column":35}}],"line":8}},"s":{"0":0,"1":0,"2":0,"3":0,"4":0,"5":0,"6":0,"7":0,"8":0,"9":0},"f":{"0":0,"1":0,"2":0},"b":{"0":[0]}}
,"/Users/nishantmathur/Documents/prem-green/Vup-node/app/controllers/auth/helpers/findUser.js": {"path":"/Users/nishantmathur/Documents/prem-green/Vup-node/app/controllers/auth/helpers/findUser.js","statementMap":{"0":{"start":{"line":1,"column":13},"end":{"line":1,"column":44}},"1":{"start":{"line":2,"column":25},"end":{"line":2,"column":61}},"2":{"start":{"line":8,"column":17},"end":{"line":25,"column":1}},"3":{"start":{"line":9,"column":2},"end":{"line":24,"column":4}},"4":{"start":{"line":10,"column":4},"end":{"line":23,"column":5}},"5":{"start":{"line":16,"column":8},"end":{"line":21,"column":9}},"6":{"start":{"line":17,"column":10},"end":{"line":17,"column":62}},"7":{"start":{"line":18,"column":10},"end":{"line":18,"column":23}},"8":{"start":{"line":20,"column":10},"end":{"line":20,"column":23}},"9":{"start":{"line":27,"column":0},"end":{"line":27,"column":29}}},"fnMap":{"0":{"name":"(anonymous_0)","decl":{"start":{"line":8,"column":17},"end":{"line":8,"column":18}},"loc":{"start":{"line":8,"column":33},"end":{"line":25,"column":1}},"line":8},"1":{"name":"(anonymous_1)","decl":{"start":{"line":9,"column":21},"end":{"line":9,"column":22}},"loc":{"start":{"line":9,"column":42},"end":{"line":24,"column":3}},"line":9},"2":{"name":"(anonymous_2)","decl":{"start":{"line":15,"column":6},"end":{"line":15,"column":7}},"loc":{"start":{"line":15,"column":27},"end":{"line":22,"column":7}},"line":15}},"branchMap":{"0":{"loc":{"start":{"line":8,"column":18},"end":{"line":8,"column":28}},"type":"default-arg","locations":[{"start":{"line":8,"column":26},"end":{"line":8,"column":28}}],"line":8}},"s":{"0":0,"1":0,"2":0,"3":0,"4":0,"5":0,"6":0,"7":0,"8":0,"9":0},"f":{"0":0,"1":0,"2":0},"b":{"0":[0]}}
,"/Users/nishantmathur/Documents/prem-green/Vup-node/app/controllers/auth/helpers/findUserById.js": {"path":"/Users/nishantmathur/Documents/prem-green/Vup-node/app/controllers/auth/helpers/findUserById.js","statementMap":{"0":{"start":{"line":1,"column":13},"end":{"line":1,"column":44}},"1":{"start":{"line":2,"column":25},"end":{"line":2,"column":61}},"2":{"start":{"line":8,"column":21},"end":{"line":19,"column":1}},"3":{"start":{"line":9,"column":2},"end":{"line":18,"column":4}},"4":{"start":{"line":10,"column":4},"end":{"line":17,"column":6}},"5":{"start":{"line":11,"column":6},"end":{"line":16,"column":7}},"6":{"start":{"line":12,"column":8},"end":{"line":12,"column":60}},"7":{"start":{"line":13,"column":8},"end":{"line":13,"column":21}},"8":{"start":{"line":15,"column":8},"end":{"line":15,"column":21}},"9":{"start":{"line":21,"column":0},"end":{"line":21,"column":33}}},"fnMap":{"0":{"name":"(anonymous_0)","decl":{"start":{"line":8,"column":21},"end":{"line":8,"column":22}},"loc":{"start":{"line":8,"column":38},"end":{"line":19,"column":1}},"line":8},"1":{"name":"(anonymous_1)","decl":{"start":{"line":9,"column":21},"end":{"line":9,"column":22}},"loc":{"start":{"line":9,"column":42},"end":{"line":18,"column":3}},"line":9},"2":{"name":"(anonymous_2)","decl":{"start":{"line":10,"column":26},"end":{"line":10,"column":27}},"loc":{"start":{"line":10,"column":47},"end":{"line":17,"column":5}},"line":10}},"branchMap":{"0":{"loc":{"start":{"line":8,"column":22},"end":{"line":8,"column":33}},"type":"default-arg","locations":[{"start":{"line":8,"column":31},"end":{"line":8,"column":33}}],"line":8}},"s":{"0":0,"1":0,"2":0,"3":0,"4":0,"5":0,"6":0,"7":0,"8":0,"9":0},"f":{"0":0,"1":0,"2":0},"b":{"0":[0]}}
,"/Users/nishantmathur/Documents/prem-green/Vup-node/app/controllers/auth/helpers/findUserToResetPassword.js": {"path":"/Users/nishantmathur/Documents/prem-green/Vup-node/app/controllers/auth/helpers/findUserToResetPassword.js","statementMap":{"0":{"start":{"line":1,"column":13},"end":{"line":1,"column":44}},"1":{"start":{"line":2,"column":25},"end":{"line":2,"column":61}},"2":{"start":{"line":8,"column":32},"end":{"line":24,"column":1}},"3":{"start":{"line":9,"column":2},"end":{"line":23,"column":4}},"4":{"start":{"line":10,"column":4},"end":{"line":22,"column":5}},"5":{"start":{"line":15,"column":8},"end":{"line":20,"column":9}},"6":{"start":{"line":16,"column":10},"end":{"line":16,"column":52}},"7":{"start":{"line":17,"column":10},"end":{"line":17,"column":23}},"8":{"start":{"line":19,"column":10},"end":{"line":19,"column":23}},"9":{"start":{"line":26,"column":0},"end":{"line":26,"column":44}}},"fnMap":{"0":{"name":"(anonymous_0)","decl":{"start":{"line":8,"column":32},"end":{"line":8,"column":33}},"loc":{"start":{"line":8,"column":48},"end":{"line":24,"column":1}},"line":8},"1":{"name":"(anonymous_1)","decl":{"start":{"line":9,"column":21},"end":{"line":9,"column":22}},"loc":{"start":{"line":9,"column":42},"end":{"line":23,"column":3}},"line":9},"2":{"name":"(anonymous_2)","decl":{"start":{"line":14,"column":6},"end":{"line":14,"column":7}},"loc":{"start":{"line":14,"column":27},"end":{"line":21,"column":7}},"line":14}},"branchMap":{"0":{"loc":{"start":{"line":8,"column":33},"end":{"line":8,"column":43}},"type":"default-arg","locations":[{"start":{"line":8,"column":41},"end":{"line":8,"column":43}}],"line":8}},"s":{"0":0,"1":0,"2":0,"3":0,"4":0,"5":0,"6":0,"7":0,"8":0,"9":0},"f":{"0":0,"1":0,"2":0},"b":{"0":[0]}}
,"/Users/nishantmathur/Documents/prem-green/Vup-node/app/controllers/auth/helpers/forgotPasswordResponse.js": {"path":"/Users/nishantmathur/Documents/prem-green/Vup-node/app/controllers/auth/helpers/forgotPasswordResponse.js","statementMap":{"0":{"start":{"line":5,"column":31},"end":{"line":17,"column":1}},"1":{"start":{"line":6,"column":13},"end":{"line":9,"column":3}},"2":{"start":{"line":10,"column":2},"end":{"line":15,"column":3}},"3":{"start":{"line":11,"column":4},"end":{"line":14,"column":5}},"4":{"start":{"line":16,"column":2},"end":{"line":16,"column":13}},"5":{"start":{"line":19,"column":0},"end":{"line":19,"column":43}}},"fnMap":{"0":{"name":"(anonymous_0)","decl":{"start":{"line":5,"column":31},"end":{"line":5,"column":32}},"loc":{"start":{"line":5,"column":70},"end":{"line":17,"column":1}},"line":5}},"branchMap":{"0":{"loc":{"start":{"line":5,"column":34},"end":{"line":5,"column":44}},"type":"default-arg","locations":[{"start":{"line":5,"column":42},"end":{"line":5,"column":44}}],"line":5},"1":{"loc":{"start":{"line":5,"column":46},"end":{"line":5,"column":63}},"type":"default-arg","locations":[{"start":{"line":5,"column":61},"end":{"line":5,"column":63}}],"line":5},"2":{"loc":{"start":{"line":10,"column":2},"end":{"line":15,"column":3}},"type":"if","locations":[{"start":{"line":10,"column":2},"end":{"line":15,"column":3}},{"start":{"line":10,"column":2},"end":{"line":15,"column":3}}],"line":10}},"s":{"0":0,"1":0,"2":0,"3":0,"4":0,"5":0},"f":{"0":0},"b":{"0":[0],"1":[0],"2":[0,0]}}
,"/Users/nishantmathur/Documents/prem-green/Vup-node/app/controllers/auth/helpers/generateToken.js": {"path":"/Users/nishantmathur/Documents/prem-green/Vup-node/app/controllers/auth/helpers/generateToken.js","statementMap":{"0":{"start":{"line":1,"column":12},"end":{"line":1,"column":35}},"1":{"start":{"line":2,"column":20},"end":{"line":2,"column":55}},"2":{"start":{"line":8,"column":22},"end":{"line":29,"column":1}},"3":{"start":{"line":9,"column":2},"end":{"line":28,"column":3}},"4":{"start":{"line":12,"column":6},"end":{"line":12,"column":80}},"5":{"start":{"line":15,"column":4},"end":{"line":25,"column":5}},"6":{"start":{"line":27,"column":4},"end":{"line":27,"column":15}},"7":{"start":{"line":31,"column":0},"end":{"line":31,"column":34}}},"fnMap":{"0":{"name":"(anonymous_0)","decl":{"start":{"line":8,"column":22},"end":{"line":8,"column":23}},"loc":{"start":{"line":8,"column":37},"end":{"line":29,"column":1}},"line":8}},"branchMap":{"0":{"loc":{"start":{"line":8,"column":23},"end":{"line":8,"column":32}},"type":"default-arg","locations":[{"start":{"line":8,"column":30},"end":{"line":8,"column":32}}],"line":8}},"s":{"0":0,"1":0,"2":0,"3":0,"4":0,"5":0,"6":0,"7":0},"f":{"0":0},"b":{"0":[0]}}
,"/Users/nishantmathur/Documents/prem-green/Vup-node/app/controllers/auth/helpers/getUserIdFromToken.js": {"path":"/Users/nishantmathur/Documents/prem-green/Vup-node/app/controllers/auth/helpers/getUserIdFromToken.js","statementMap":{"0":{"start":{"line":1,"column":12},"end":{"line":1,"column":35}},"1":{"start":{"line":2,"column":27},"end":{"line":2,"column":63}},"2":{"start":{"line":3,"column":20},"end":{"line":3,"column":55}},"3":{"start":{"line":9,"column":27},"end":{"line":19,"column":1}},"4":{"start":{"line":10,"column":2},"end":{"line":18,"column":4}},"5":{"start":{"line":12,"column":4},"end":{"line":17,"column":6}},"6":{"start":{"line":13,"column":6},"end":{"line":15,"column":7}},"7":{"start":{"line":14,"column":8},"end":{"line":14,"column":48}},"8":{"start":{"line":16,"column":6},"end":{"line":16,"column":31}},"9":{"start":{"line":21,"column":0},"end":{"line":21,"column":39}}},"fnMap":{"0":{"name":"(anonymous_0)","decl":{"start":{"line":9,"column":27},"end":{"line":9,"column":28}},"loc":{"start":{"line":9,"column":43},"end":{"line":19,"column":1}},"line":9},"1":{"name":"(anonymous_1)","decl":{"start":{"line":10,"column":21},"end":{"line":10,"column":22}},"loc":{"start":{"line":10,"column":42},"end":{"line":18,"column":3}},"line":10},"2":{"name":"(anonymous_2)","decl":{"start":{"line":12,"column":55},"end":{"line":12,"column":56}},"loc":{"start":{"line":12,"column":73},"end":{"line":17,"column":5}},"line":12}},"branchMap":{"0":{"loc":{"start":{"line":9,"column":28},"end":{"line":9,"column":38}},"type":"default-arg","locations":[{"start":{"line":9,"column":36},"end":{"line":9,"column":38}}],"line":9},"1":{"loc":{"start":{"line":13,"column":6},"end":{"line":15,"column":7}},"type":"if","locations":[{"start":{"line":13,"column":6},"end":{"line":15,"column":7}},{"start":{"line":13,"column":6},"end":{"line":15,"column":7}}],"line":13}},"s":{"0":0,"1":0,"2":0,"3":0,"4":0,"5":0,"6":0,"7":0,"8":0,"9":0},"f":{"0":0,"1":0,"2":0},"b":{"0":[0],"1":[0,0]}}
,"/Users/nishantmathur/Documents/prem-green/Vup-node/app/controllers/auth/helpers/index.js": {"path":"/Users/nishantmathur/Documents/prem-green/Vup-node/app/controllers/auth/helpers/index.js","statementMap":{"0":{"start":{"line":1,"column":27},"end":{"line":1,"column":54}},"1":{"start":{"line":2,"column":22},"end":{"line":2,"column":44}},"2":{"start":{"line":5,"column":4},"end":{"line":5,"column":50}},"3":{"start":{"line":6,"column":29},"end":{"line":6,"column":58}},"4":{"start":{"line":7,"column":31},"end":{"line":7,"column":62}},"5":{"start":{"line":8,"column":21},"end":{"line":8,"column":42}},"6":{"start":{"line":9,"column":25},"end":{"line":9,"column":50}},"7":{"start":{"line":10,"column":36},"end":{"line":10,"column":72}},"8":{"start":{"line":11,"column":35},"end":{"line":11,"column":70}},"9":{"start":{"line":12,"column":26},"end":{"line":12,"column":52}},"10":{"start":{"line":13,"column":31},"end":{"line":13,"column":62}},"11":{"start":{"line":14,"column":36},"end":{"line":14,"column":72}},"12":{"start":{"line":15,"column":32},"end":{"line":15,"column":64}},"13":{"start":{"line":16,"column":25},"end":{"line":16,"column":50}},"14":{"start":{"line":17,"column":32},"end":{"line":17,"column":64}},"15":{"start":{"line":18,"column":31},"end":{"line":18,"column":62}},"16":{"start":{"line":19,"column":34},"end":{"line":19,"column":68}},"17":{"start":{"line":22,"column":4},"end":{"line":22,"column":45}},"18":{"start":{"line":23,"column":24},"end":{"line":23,"column":48}},"19":{"start":{"line":24,"column":27},"end":{"line":24,"column":54}},"20":{"start":{"line":25,"column":26},"end":{"line":25,"column":52}},"21":{"start":{"line":26,"column":31},"end":{"line":26,"column":62}},"22":{"start":{"line":27,"column":23},"end":{"line":27,"column":46}},"23":{"start":{"line":29,"column":0},"end":{"line":53,"column":1}}},"fnMap":{},"branchMap":{},"s":{"0":0,"1":0,"2":0,"3":0,"4":0,"5":0,"6":0,"7":0,"8":0,"9":0,"10":0,"11":0,"12":0,"13":0,"14":0,"15":0,"16":0,"17":0,"18":0,"19":0,"20":0,"21":0,"22":0,"23":0},"f":{},"b":{}}
,"/Users/nishantmathur/Documents/prem-green/Vup-node/app/controllers/auth/helpers/markResetPasswordAsUsed.js": {"path":"/Users/nishantmathur/Documents/prem-green/Vup-node/app/controllers/auth/helpers/markResetPasswordAsUsed.js","statementMap":{"0":{"start":{"line":7,"column":4},"end":{"line":7,"column":40}},"1":{"start":{"line":14,"column":32},"end":{"line":29,"column":1}},"2":{"start":{"line":15,"column":2},"end":{"line":28,"column":4}},"3":{"start":{"line":16,"column":4},"end":{"line":16,"column":22}},"4":{"start":{"line":17,"column":4},"end":{"line":17,"column":33}},"5":{"start":{"line":18,"column":4},"end":{"line":18,"column":47}},"6":{"start":{"line":19,"column":4},"end":{"line":19,"column":43}},"7":{"start":{"line":20,"column":4},"end":{"line":27,"column":6}},"8":{"start":{"line":21,"column":6},"end":{"line":26,"column":7}},"9":{"start":{"line":22,"column":8},"end":{"line":22,"column":50}},"10":{"start":{"line":23,"column":8},"end":{"line":23,"column":52}},"11":{"start":{"line":25,"column":8},"end":{"line":25,"column":21}},"12":{"start":{"line":31,"column":0},"end":{"line":31,"column":44}}},"fnMap":{"0":{"name":"(anonymous_0)","decl":{"start":{"line":14,"column":32},"end":{"line":14,"column":33}},"loc":{"start":{"line":14,"column":59},"end":{"line":29,"column":1}},"line":14},"1":{"name":"(anonymous_1)","decl":{"start":{"line":15,"column":21},"end":{"line":15,"column":22}},"loc":{"start":{"line":15,"column":42},"end":{"line":28,"column":3}},"line":15},"2":{"name":"(anonymous_2)","decl":{"start":{"line":20,"column":16},"end":{"line":20,"column":17}},"loc":{"start":{"line":20,"column":37},"end":{"line":27,"column":5}},"line":20}},"branchMap":{"0":{"loc":{"start":{"line":14,"column":33},"end":{"line":14,"column":41}},"type":"default-arg","locations":[{"start":{"line":14,"column":39},"end":{"line":14,"column":41}}],"line":14},"1":{"loc":{"start":{"line":14,"column":43},"end":{"line":14,"column":54}},"type":"default-arg","locations":[{"start":{"line":14,"column":52},"end":{"line":14,"column":54}}],"line":14}},"s":{"0":0,"1":0,"2":0,"3":0,"4":0,"5":0,"6":0,"7":0,"8":0,"9":0,"10":0,"11":0,"12":0},"f":{"0":0,"1":0,"2":0},"b":{"0":[0],"1":[0]}}
,"/Users/nishantmathur/Documents/prem-green/Vup-node/app/controllers/auth/helpers/passwordsDoNotMatch.js": {"path":"/Users/nishantmathur/Documents/prem-green/Vup-node/app/controllers/auth/helpers/passwordsDoNotMatch.js","statementMap":{"0":{"start":{"line":1,"column":34},"end":{"line":1,"column":68}},"1":{"start":{"line":2,"column":22},"end":{"line":2,"column":44}},"2":{"start":{"line":3,"column":27},"end":{"line":3,"column":63}},"3":{"start":{"line":4,"column":23},"end":{"line":4,"column":24}},"4":{"start":{"line":10,"column":28},"end":{"line":24,"column":1}},"5":{"start":{"line":11,"column":2},"end":{"line":23,"column":4}},"6":{"start":{"line":12,"column":4},"end":{"line":22,"column":5}},"7":{"start":{"line":13,"column":6},"end":{"line":13,"column":29}},"8":{"start":{"line":14,"column":6},"end":{"line":14,"column":39}},"9":{"start":{"line":15,"column":6},"end":{"line":17,"column":7}},"10":{"start":{"line":16,"column":8},"end":{"line":16,"column":60}},"11":{"start":{"line":19,"column":6},"end":{"line":19,"column":36}},"12":{"start":{"line":21,"column":6},"end":{"line":21,"column":17}},"13":{"start":{"line":26,"column":0},"end":{"line":26,"column":40}}},"fnMap":{"0":{"name":"(anonymous_0)","decl":{"start":{"line":10,"column":28},"end":{"line":10,"column":29}},"loc":{"start":{"line":10,"column":49},"end":{"line":24,"column":1}},"line":10},"1":{"name":"(anonymous_1)","decl":{"start":{"line":11,"column":21},"end":{"line":11,"column":22}},"loc":{"start":{"line":11,"column":48},"end":{"line":23,"column":3}},"line":11}},"branchMap":{"0":{"loc":{"start":{"line":10,"column":35},"end":{"line":10,"column":44}},"type":"default-arg","locations":[{"start":{"line":10,"column":42},"end":{"line":10,"column":44}}],"line":10},"1":{"loc":{"start":{"line":15,"column":6},"end":{"line":17,"column":7}},"type":"if","locations":[{"start":{"line":15,"column":6},"end":{"line":17,"column":7}},{"start":{"line":15,"column":6},"end":{"line":17,"column":7}}],"line":15}},"s":{"0":0,"1":0,"2":0,"3":0,"4":0,"5":0,"6":0,"7":0,"8":0,"9":0,"10":0,"11":0,"12":0,"13":0},"f":{"0":0,"1":0},"b":{"0":[0],"1":[0,0]}}
,"/Users/nishantmathur/Documents/prem-green/Vup-node/app/controllers/auth/helpers/registerUser.js": {"path":"/Users/nishantmathur/Documents/prem-green/Vup-node/app/controllers/auth/helpers/registerUser.js","statementMap":{"0":{"start":{"line":1,"column":13},"end":{"line":1,"column":28}},"1":{"start":{"line":2,"column":13},"end":{"line":2,"column":44}},"2":{"start":{"line":3,"column":27},"end":{"line":3,"column":63}},"3":{"start":{"line":9,"column":21},"end":{"line":24,"column":1}},"4":{"start":{"line":10,"column":2},"end":{"line":23,"column":4}},"5":{"start":{"line":11,"column":17},"end":{"line":16,"column":6}},"6":{"start":{"line":17,"column":4},"end":{"line":22,"column":6}},"7":{"start":{"line":18,"column":6},"end":{"line":20,"column":7}},"8":{"start":{"line":19,"column":8},"end":{"line":19,"column":48}},"9":{"start":{"line":21,"column":6},"end":{"line":21,"column":19}},"10":{"start":{"line":26,"column":0},"end":{"line":26,"column":33}}},"fnMap":{"0":{"name":"(anonymous_0)","decl":{"start":{"line":9,"column":21},"end":{"line":9,"column":22}},"loc":{"start":{"line":9,"column":35},"end":{"line":24,"column":1}},"line":9},"1":{"name":"(anonymous_1)","decl":{"start":{"line":10,"column":21},"end":{"line":10,"column":22}},"loc":{"start":{"line":10,"column":42},"end":{"line":23,"column":3}},"line":10},"2":{"name":"(anonymous_2)","decl":{"start":{"line":17,"column":14},"end":{"line":17,"column":15}},"loc":{"start":{"line":17,"column":29},"end":{"line":22,"column":5}},"line":17}},"branchMap":{"0":{"loc":{"start":{"line":9,"column":22},"end":{"line":9,"column":30}},"type":"default-arg","locations":[{"start":{"line":9,"column":28},"end":{"line":9,"column":30}}],"line":9},"1":{"loc":{"start":{"line":18,"column":6},"end":{"line":20,"column":7}},"type":"if","locations":[{"start":{"line":18,"column":6},"end":{"line":20,"column":7}},{"start":{"line":18,"column":6},"end":{"line":20,"column":7}}],"line":18}},"s":{"0":0,"1":0,"2":0,"3":0,"4":0,"5":0,"6":0,"7":0,"8":0,"9":0,"10":0},"f":{"0":0,"1":0,"2":0},"b":{"0":[0],"1":[0,0]}}
,"/Users/nishantmathur/Documents/prem-green/Vup-node/app/controllers/auth/helpers/returnRegisterToken.js": {"path":"/Users/nishantmathur/Documents/prem-green/Vup-node/app/controllers/auth/helpers/returnRegisterToken.js","statementMap":{"0":{"start":{"line":1,"column":26},"end":{"line":1,"column":52}},"1":{"start":{"line":8,"column":28},"end":{"line":22,"column":1}},"2":{"start":{"line":12,"column":2},"end":{"line":21,"column":4}},"3":{"start":{"line":13,"column":4},"end":{"line":15,"column":5}},"4":{"start":{"line":14,"column":6},"end":{"line":14,"column":42}},"5":{"start":{"line":16,"column":17},"end":{"line":19,"column":5}},"6":{"start":{"line":20,"column":4},"end":{"line":20,"column":17}},"7":{"start":{"line":24,"column":0},"end":{"line":24,"column":40}}},"fnMap":{"0":{"name":"(anonymous_0)","decl":{"start":{"line":8,"column":28},"end":{"line":8,"column":29}},"loc":{"start":{"line":11,"column":5},"end":{"line":22,"column":1}},"line":11},"1":{"name":"(anonymous_1)","decl":{"start":{"line":12,"column":21},"end":{"line":12,"column":22}},"loc":{"start":{"line":12,"column":34},"end":{"line":21,"column":3}},"line":12}},"branchMap":{"0":{"loc":{"start":{"line":9,"column":4},"end":{"line":9,"column":12}},"type":"default-arg","locations":[{"start":{"line":9,"column":10},"end":{"line":9,"column":12}}],"line":9},"1":{"loc":{"start":{"line":9,"column":14},"end":{"line":9,"column":31}},"type":"default-arg","locations":[{"start":{"line":9,"column":29},"end":{"line":9,"column":31}}],"line":9},"2":{"loc":{"start":{"line":10,"column":2},"end":{"line":10,"column":15}},"type":"default-arg","locations":[{"start":{"line":10,"column":13},"end":{"line":10,"column":15}}],"line":10},"3":{"loc":{"start":{"line":13,"column":4},"end":{"line":15,"column":5}},"type":"if","locations":[{"start":{"line":13,"column":4},"end":{"line":15,"column":5}},{"start":{"line":13,"column":4},"end":{"line":15,"column":5}}],"line":13}},"s":{"0":0,"1":0,"2":0,"3":0,"4":0,"5":0,"6":0,"7":0},"f":{"0":0,"1":0},"b":{"0":[0],"1":[0],"2":[0],"3":[0,0]}}
,"/Users/nishantmathur/Documents/prem-green/Vup-node/app/controllers/auth/helpers/saveForgotPassword.js": {"path":"/Users/nishantmathur/Documents/prem-green/Vup-node/app/controllers/auth/helpers/saveForgotPassword.js","statementMap":{"0":{"start":{"line":1,"column":13},"end":{"line":1,"column":28}},"1":{"start":{"line":2,"column":23},"end":{"line":2,"column":64}},"2":{"start":{"line":8,"column":4},"end":{"line":8,"column":40}},"3":{"start":{"line":14,"column":27},"end":{"line":30,"column":1}},"4":{"start":{"line":15,"column":2},"end":{"line":29,"column":4}},"5":{"start":{"line":16,"column":19},"end":{"line":22,"column":6}},"6":{"start":{"line":23,"column":4},"end":{"line":28,"column":6}},"7":{"start":{"line":24,"column":6},"end":{"line":26,"column":7}},"8":{"start":{"line":25,"column":8},"end":{"line":25,"column":55}},"9":{"start":{"line":27,"column":6},"end":{"line":27,"column":19}},"10":{"start":{"line":32,"column":0},"end":{"line":32,"column":39}}},"fnMap":{"0":{"name":"(anonymous_0)","decl":{"start":{"line":14,"column":27},"end":{"line":14,"column":28}},"loc":{"start":{"line":14,"column":41},"end":{"line":30,"column":1}},"line":14},"1":{"name":"(anonymous_1)","decl":{"start":{"line":15,"column":21},"end":{"line":15,"column":22}},"loc":{"start":{"line":15,"column":42},"end":{"line":29,"column":3}},"line":15},"2":{"name":"(anonymous_2)","decl":{"start":{"line":23,"column":16},"end":{"line":23,"column":17}},"loc":{"start":{"line":23,"column":31},"end":{"line":28,"column":5}},"line":23}},"branchMap":{"0":{"loc":{"start":{"line":14,"column":28},"end":{"line":14,"column":36}},"type":"default-arg","locations":[{"start":{"line":14,"column":34},"end":{"line":14,"column":36}}],"line":14},"1":{"loc":{"start":{"line":24,"column":6},"end":{"line":26,"column":7}},"type":"if","locations":[{"start":{"line":24,"column":6},"end":{"line":26,"column":7}},{"start":{"line":24,"column":6},"end":{"line":26,"column":7}}],"line":24}},"s":{"0":0,"1":0,"2":0,"3":0,"4":0,"5":0,"6":0,"7":0,"8":0,"9":0,"10":0},"f":{"0":0,"1":0,"2":0},"b":{"0":[0],"1":[0,0]}}
,"/Users/nishantmathur/Documents/prem-green/Vup-node/app/controllers/auth/helpers/saveLoginAttemptsToDB.js": {"path":"/Users/nishantmathur/Documents/prem-green/Vup-node/app/controllers/auth/helpers/saveLoginAttemptsToDB.js","statementMap":{"0":{"start":{"line":1,"column":27},"end":{"line":1,"column":63}},"1":{"start":{"line":7,"column":30},"end":{"line":18,"column":1}},"2":{"start":{"line":8,"column":2},"end":{"line":17,"column":4}},"3":{"start":{"line":9,"column":4},"end":{"line":16,"column":6}},"4":{"start":{"line":10,"column":6},"end":{"line":12,"column":7}},"5":{"start":{"line":11,"column":8},"end":{"line":11,"column":55}},"6":{"start":{"line":13,"column":6},"end":{"line":15,"column":7}},"7":{"start":{"line":14,"column":8},"end":{"line":14,"column":21}},"8":{"start":{"line":20,"column":0},"end":{"line":20,"column":42}}},"fnMap":{"0":{"name":"(anonymous_0)","decl":{"start":{"line":7,"column":30},"end":{"line":7,"column":31}},"loc":{"start":{"line":7,"column":45},"end":{"line":18,"column":1}},"line":7},"1":{"name":"(anonymous_1)","decl":{"start":{"line":8,"column":21},"end":{"line":8,"column":22}},"loc":{"start":{"line":8,"column":42},"end":{"line":17,"column":3}},"line":8},"2":{"name":"(anonymous_2)","decl":{"start":{"line":9,"column":14},"end":{"line":9,"column":15}},"loc":{"start":{"line":9,"column":31},"end":{"line":16,"column":5}},"line":9}},"branchMap":{"0":{"loc":{"start":{"line":7,"column":31},"end":{"line":7,"column":40}},"type":"default-arg","locations":[{"start":{"line":7,"column":38},"end":{"line":7,"column":40}}],"line":7},"1":{"loc":{"start":{"line":10,"column":6},"end":{"line":12,"column":7}},"type":"if","locations":[{"start":{"line":10,"column":6},"end":{"line":12,"column":7}},{"start":{"line":10,"column":6},"end":{"line":12,"column":7}}],"line":10},"2":{"loc":{"start":{"line":13,"column":6},"end":{"line":15,"column":7}},"type":"if","locations":[{"start":{"line":13,"column":6},"end":{"line":15,"column":7}},{"start":{"line":13,"column":6},"end":{"line":15,"column":7}}],"line":13}},"s":{"0":0,"1":0,"2":0,"3":0,"4":0,"5":0,"6":0,"7":0,"8":0},"f":{"0":0,"1":0,"2":0},"b":{"0":[0],"1":[0,0],"2":[0,0]}}
,"/Users/nishantmathur/Documents/prem-green/Vup-node/app/controllers/auth/helpers/saveUserAccessAndReturnToken.js": {"path":"/Users/nishantmathur/Documents/prem-green/Vup-node/app/controllers/auth/helpers/saveUserAccessAndReturnToken.js","statementMap":{"0":{"start":{"line":1,"column":19},"end":{"line":1,"column":56}},"1":{"start":{"line":2,"column":24},"end":{"line":2,"column":48}},"2":{"start":{"line":3,"column":26},"end":{"line":3,"column":52}},"3":{"start":{"line":9,"column":4},"end":{"line":9,"column":40}},"4":{"start":{"line":16,"column":37},"end":{"line":40,"column":1}},"5":{"start":{"line":17,"column":2},"end":{"line":39,"column":4}},"6":{"start":{"line":18,"column":23},"end":{"line":23,"column":6}},"7":{"start":{"line":24,"column":4},"end":{"line":38,"column":6}},"8":{"start":{"line":25,"column":6},"end":{"line":37,"column":7}},"9":{"start":{"line":26,"column":8},"end":{"line":28,"column":9}},"10":{"start":{"line":27,"column":10},"end":{"line":27,"column":57}},"11":{"start":{"line":29,"column":25},"end":{"line":29,"column":48}},"12":{"start":{"line":31,"column":8},"end":{"line":34,"column":10}},"13":{"start":{"line":36,"column":8},"end":{"line":36,"column":21}},"14":{"start":{"line":42,"column":0},"end":{"line":42,"column":49}}},"fnMap":{"0":{"name":"(anonymous_0)","decl":{"start":{"line":16,"column":37},"end":{"line":16,"column":38}},"loc":{"start":{"line":16,"column":62},"end":{"line":40,"column":1}},"line":16},"1":{"name":"(anonymous_1)","decl":{"start":{"line":17,"column":21},"end":{"line":17,"column":22}},"loc":{"start":{"line":17,"column":42},"end":{"line":39,"column":3}},"line":17},"2":{"name":"(anonymous_2)","decl":{"start":{"line":24,"column":20},"end":{"line":24,"column":21}},"loc":{"start":{"line":24,"column":35},"end":{"line":38,"column":5}},"line":24}},"branchMap":{"0":{"loc":{"start":{"line":16,"column":38},"end":{"line":16,"column":46}},"type":"default-arg","locations":[{"start":{"line":16,"column":44},"end":{"line":16,"column":46}}],"line":16},"1":{"loc":{"start":{"line":16,"column":48},"end":{"line":16,"column":57}},"type":"default-arg","locations":[{"start":{"line":16,"column":55},"end":{"line":16,"column":57}}],"line":16},"2":{"loc":{"start":{"line":26,"column":8},"end":{"line":28,"column":9}},"type":"if","locations":[{"start":{"line":26,"column":8},"end":{"line":28,"column":9}},{"start":{"line":26,"column":8},"end":{"line":28,"column":9}}],"line":26}},"s":{"0":0,"1":0,"2":0,"3":0,"4":0,"5":0,"6":0,"7":0,"8":0,"9":0,"10":0,"11":0,"12":0,"13":0,"14":0},"f":{"0":0,"1":0,"2":0},"b":{"0":[0],"1":[0],"2":[0,0]}}
,"/Users/nishantmathur/Documents/prem-green/Vup-node/app/controllers/auth/helpers/setUserInfo.js": {"path":"/Users/nishantmathur/Documents/prem-green/Vup-node/app/controllers/auth/helpers/setUserInfo.js","statementMap":{"0":{"start":{"line":5,"column":20},"end":{"line":23,"column":1}},"1":{"start":{"line":6,"column":2},"end":{"line":22,"column":4}},"2":{"start":{"line":7,"column":15},"end":{"line":13,"column":5}},"3":{"start":{"line":15,"column":4},"end":{"line":20,"column":5}},"4":{"start":{"line":16,"column":6},"end":{"line":19,"column":7}},"5":{"start":{"line":21,"column":4},"end":{"line":21,"column":17}},"6":{"start":{"line":25,"column":0},"end":{"line":25,"column":32}}},"fnMap":{"0":{"name":"(anonymous_0)","decl":{"start":{"line":5,"column":20},"end":{"line":5,"column":21}},"loc":{"start":{"line":5,"column":34},"end":{"line":23,"column":1}},"line":5},"1":{"name":"(anonymous_1)","decl":{"start":{"line":6,"column":21},"end":{"line":6,"column":22}},"loc":{"start":{"line":6,"column":34},"end":{"line":22,"column":3}},"line":6}},"branchMap":{"0":{"loc":{"start":{"line":5,"column":21},"end":{"line":5,"column":29}},"type":"default-arg","locations":[{"start":{"line":5,"column":27},"end":{"line":5,"column":29}}],"line":5},"1":{"loc":{"start":{"line":15,"column":4},"end":{"line":20,"column":5}},"type":"if","locations":[{"start":{"line":15,"column":4},"end":{"line":20,"column":5}},{"start":{"line":15,"column":4},"end":{"line":20,"column":5}}],"line":15}},"s":{"0":0,"1":0,"2":0,"3":0,"4":0,"5":0,"6":0},"f":{"0":0,"1":0},"b":{"0":[0],"1":[0,0]}}
,"/Users/nishantmathur/Documents/prem-green/Vup-node/app/controllers/auth/helpers/updatePassword.js": {"path":"/Users/nishantmathur/Documents/prem-green/Vup-node/app/controllers/auth/helpers/updatePassword.js","statementMap":{"0":{"start":{"line":1,"column":25},"end":{"line":1,"column":61}},"1":{"start":{"line":8,"column":23},"end":{"line":20,"column":1}},"2":{"start":{"line":9,"column":2},"end":{"line":19,"column":4}},"3":{"start":{"line":10,"column":4},"end":{"line":10,"column":28}},"4":{"start":{"line":11,"column":4},"end":{"line":18,"column":6}},"5":{"start":{"line":12,"column":6},"end":{"line":17,"column":7}},"6":{"start":{"line":13,"column":8},"end":{"line":13,"column":50}},"7":{"start":{"line":14,"column":8},"end":{"line":14,"column":21}},"8":{"start":{"line":16,"column":8},"end":{"line":16,"column":21}},"9":{"start":{"line":22,"column":0},"end":{"line":22,"column":35}}},"fnMap":{"0":{"name":"(anonymous_0)","decl":{"start":{"line":8,"column":23},"end":{"line":8,"column":24}},"loc":{"start":{"line":8,"column":53},"end":{"line":20,"column":1}},"line":8},"1":{"name":"(anonymous_1)","decl":{"start":{"line":9,"column":21},"end":{"line":9,"column":22}},"loc":{"start":{"line":9,"column":42},"end":{"line":19,"column":3}},"line":9},"2":{"name":"(anonymous_2)","decl":{"start":{"line":11,"column":14},"end":{"line":11,"column":15}},"loc":{"start":{"line":11,"column":35},"end":{"line":18,"column":5}},"line":11}},"branchMap":{"0":{"loc":{"start":{"line":8,"column":24},"end":{"line":8,"column":37}},"type":"default-arg","locations":[{"start":{"line":8,"column":35},"end":{"line":8,"column":37}}],"line":8},"1":{"loc":{"start":{"line":8,"column":39},"end":{"line":8,"column":48}},"type":"default-arg","locations":[{"start":{"line":8,"column":46},"end":{"line":8,"column":48}}],"line":8}},"s":{"0":0,"1":0,"2":0,"3":0,"4":0,"5":0,"6":0,"7":0,"8":0,"9":0},"f":{"0":0,"1":0,"2":0},"b":{"0":[0],"1":[0]}}
,"/Users/nishantmathur/Documents/prem-green/Vup-node/app/controllers/auth/helpers/userIsBlocked.js": {"path":"/Users/nishantmathur/Documents/prem-green/Vup-node/app/controllers/auth/helpers/userIsBlocked.js","statementMap":{"0":{"start":{"line":1,"column":27},"end":{"line":1,"column":63}},"1":{"start":{"line":7,"column":22},"end":{"line":14,"column":1}},"2":{"start":{"line":8,"column":2},"end":{"line":13,"column":4}},"3":{"start":{"line":9,"column":4},"end":{"line":11,"column":5}},"4":{"start":{"line":10,"column":6},"end":{"line":10,"column":56}},"5":{"start":{"line":12,"column":4},"end":{"line":12,"column":17}},"6":{"start":{"line":16,"column":0},"end":{"line":16,"column":34}}},"fnMap":{"0":{"name":"(anonymous_0)","decl":{"start":{"line":7,"column":22},"end":{"line":7,"column":23}},"loc":{"start":{"line":7,"column":37},"end":{"line":14,"column":1}},"line":7},"1":{"name":"(anonymous_1)","decl":{"start":{"line":8,"column":21},"end":{"line":8,"column":22}},"loc":{"start":{"line":8,"column":42},"end":{"line":13,"column":3}},"line":8}},"branchMap":{"0":{"loc":{"start":{"line":7,"column":23},"end":{"line":7,"column":32}},"type":"default-arg","locations":[{"start":{"line":7,"column":30},"end":{"line":7,"column":32}}],"line":7},"1":{"loc":{"start":{"line":9,"column":4},"end":{"line":11,"column":5}},"type":"if","locations":[{"start":{"line":9,"column":4},"end":{"line":11,"column":5}},{"start":{"line":9,"column":4},"end":{"line":11,"column":5}}],"line":9}},"s":{"0":0,"1":0,"2":0,"3":0,"4":0,"5":0,"6":0},"f":{"0":0,"1":0},"b":{"0":[0],"1":[0,0]}}
,"/Users/nishantmathur/Documents/prem-green/Vup-node/app/controllers/auth/helpers/verificationExists.js": {"path":"/Users/nishantmathur/Documents/prem-green/Vup-node/app/controllers/auth/helpers/verificationExists.js","statementMap":{"0":{"start":{"line":1,"column":13},"end":{"line":1,"column":44}},"1":{"start":{"line":2,"column":25},"end":{"line":2,"column":61}},"2":{"start":{"line":8,"column":27},"end":{"line":25,"column":1}},"3":{"start":{"line":9,"column":2},"end":{"line":24,"column":4}},"4":{"start":{"line":10,"column":4},"end":{"line":23,"column":5}},"5":{"start":{"line":16,"column":8},"end":{"line":21,"column":9}},"6":{"start":{"line":17,"column":10},"end":{"line":17,"column":72}},"7":{"start":{"line":18,"column":10},"end":{"line":18,"column":23}},"8":{"start":{"line":20,"column":10},"end":{"line":20,"column":23}},"9":{"start":{"line":27,"column":0},"end":{"line":27,"column":39}}},"fnMap":{"0":{"name":"(anonymous_0)","decl":{"start":{"line":8,"column":27},"end":{"line":8,"column":28}},"loc":{"start":{"line":8,"column":40},"end":{"line":25,"column":1}},"line":8},"1":{"name":"(anonymous_1)","decl":{"start":{"line":9,"column":21},"end":{"line":9,"column":22}},"loc":{"start":{"line":9,"column":42},"end":{"line":24,"column":3}},"line":9},"2":{"name":"(anonymous_2)","decl":{"start":{"line":15,"column":6},"end":{"line":15,"column":7}},"loc":{"start":{"line":15,"column":27},"end":{"line":22,"column":7}},"line":15}},"branchMap":{"0":{"loc":{"start":{"line":8,"column":28},"end":{"line":8,"column":35}},"type":"default-arg","locations":[{"start":{"line":8,"column":33},"end":{"line":8,"column":35}}],"line":8}},"s":{"0":0,"1":0,"2":0,"3":0,"4":0,"5":0,"6":0,"7":0,"8":0,"9":0},"f":{"0":0,"1":0,"2":0},"b":{"0":[0]}}
,"/Users/nishantmathur/Documents/prem-green/Vup-node/app/controllers/auth/helpers/verifyUser.js": {"path":"/Users/nishantmathur/Documents/prem-green/Vup-node/app/controllers/auth/helpers/verifyUser.js","statementMap":{"0":{"start":{"line":1,"column":27},"end":{"line":1,"column":63}},"1":{"start":{"line":7,"column":19},"end":{"line":20,"column":1}},"2":{"start":{"line":8,"column":2},"end":{"line":19,"column":4}},"3":{"start":{"line":9,"column":4},"end":{"line":9,"column":24}},"4":{"start":{"line":10,"column":4},"end":{"line":18,"column":6}},"5":{"start":{"line":11,"column":6},"end":{"line":13,"column":7}},"6":{"start":{"line":12,"column":8},"end":{"line":12,"column":55}},"7":{"start":{"line":14,"column":6},"end":{"line":17,"column":8}},"8":{"start":{"line":22,"column":0},"end":{"line":22,"column":31}}},"fnMap":{"0":{"name":"(anonymous_0)","decl":{"start":{"line":7,"column":19},"end":{"line":7,"column":20}},"loc":{"start":{"line":7,"column":34},"end":{"line":20,"column":1}},"line":7},"1":{"name":"(anonymous_1)","decl":{"start":{"line":8,"column":21},"end":{"line":8,"column":22}},"loc":{"start":{"line":8,"column":42},"end":{"line":19,"column":3}},"line":8},"2":{"name":"(anonymous_2)","decl":{"start":{"line":10,"column":14},"end":{"line":10,"column":15}},"loc":{"start":{"line":10,"column":29},"end":{"line":18,"column":5}},"line":10}},"branchMap":{"0":{"loc":{"start":{"line":7,"column":20},"end":{"line":7,"column":29}},"type":"default-arg","locations":[{"start":{"line":7,"column":27},"end":{"line":7,"column":29}}],"line":7},"1":{"loc":{"start":{"line":11,"column":6},"end":{"line":13,"column":7}},"type":"if","locations":[{"start":{"line":11,"column":6},"end":{"line":13,"column":7}},{"start":{"line":11,"column":6},"end":{"line":13,"column":7}}],"line":11}},"s":{"0":0,"1":0,"2":0,"3":0,"4":0,"5":0,"6":0,"7":0,"8":0},"f":{"0":0,"1":0,"2":0},"b":{"0":[0],"1":[0,0]}}
,"/Users/nishantmathur/Documents/prem-green/Vup-node/app/controllers/auth/validators/index.js": {"path":"/Users/nishantmathur/Documents/prem-green/Vup-node/app/controllers/auth/validators/index.js","statementMap":{"0":{"start":{"line":1,"column":35},"end":{"line":1,"column":70}},"1":{"start":{"line":2,"column":26},"end":{"line":2,"column":52}},"2":{"start":{"line":3,"column":29},"end":{"line":3,"column":58}},"3":{"start":{"line":4,"column":34},"end":{"line":4,"column":68}},"4":{"start":{"line":5,"column":27},"end":{"line":5,"column":54}},"5":{"start":{"line":7,"column":0},"end":{"line":13,"column":1}}},"fnMap":{},"branchMap":{},"s":{"0":0,"1":0,"2":0,"3":0,"4":0,"5":0},"f":{},"b":{}}
,"/Users/nishantmathur/Documents/prem-green/Vup-node/app/controllers/auth/validators/validateForgotPassword.js": {"path":"/Users/nishantmathur/Documents/prem-green/Vup-node/app/controllers/auth/validators/validateForgotPassword.js","statementMap":{"0":{"start":{"line":1,"column":27},"end":{"line":1,"column":63}},"1":{"start":{"line":2,"column":18},"end":{"line":2,"column":46}},"2":{"start":{"line":7,"column":31},"end":{"line":19,"column":1}},"3":{"start":{"line":17,"column":4},"end":{"line":17,"column":34}},"4":{"start":{"line":21,"column":0},"end":{"line":21,"column":43}}},"fnMap":{"0":{"name":"(anonymous_0)","decl":{"start":{"line":16,"column":2},"end":{"line":16,"column":3}},"loc":{"start":{"line":16,"column":22},"end":{"line":18,"column":3}},"line":16}},"branchMap":{},"s":{"0":0,"1":0,"2":0,"3":0,"4":0},"f":{"0":0},"b":{}}
,"/Users/nishantmathur/Documents/prem-green/Vup-node/app/controllers/auth/validators/validateLogin.js": {"path":"/Users/nishantmathur/Documents/prem-green/Vup-node/app/controllers/auth/validators/validateLogin.js","statementMap":{"0":{"start":{"line":1,"column":27},"end":{"line":1,"column":63}},"1":{"start":{"line":2,"column":18},"end":{"line":2,"column":46}},"2":{"start":{"line":10,"column":22},"end":{"line":32,"column":1}},"3":{"start":{"line":30,"column":4},"end":{"line":30,"column":34}},"4":{"start":{"line":34,"column":0},"end":{"line":34,"column":34}}},"fnMap":{"0":{"name":"(anonymous_0)","decl":{"start":{"line":29,"column":2},"end":{"line":29,"column":3}},"loc":{"start":{"line":29,"column":22},"end":{"line":31,"column":3}},"line":29}},"branchMap":{},"s":{"0":0,"1":0,"2":0,"3":0,"4":0},"f":{"0":0},"b":{}}
,"/Users/nishantmathur/Documents/prem-green/Vup-node/app/controllers/auth/validators/validateRegister.js": {"path":"/Users/nishantmathur/Documents/prem-green/Vup-node/app/controllers/auth/validators/validateRegister.js","statementMap":{"0":{"start":{"line":1,"column":27},"end":{"line":1,"column":63}},"1":{"start":{"line":2,"column":18},"end":{"line":2,"column":46}},"2":{"start":{"line":7,"column":25},"end":{"line":35,"column":1}},"3":{"start":{"line":33,"column":4},"end":{"line":33,"column":34}},"4":{"start":{"line":37,"column":0},"end":{"line":37,"column":37}}},"fnMap":{"0":{"name":"(anonymous_0)","decl":{"start":{"line":32,"column":2},"end":{"line":32,"column":3}},"loc":{"start":{"line":32,"column":22},"end":{"line":34,"column":3}},"line":32}},"branchMap":{},"s":{"0":0,"1":0,"2":0,"3":0,"4":0},"f":{"0":0},"b":{}}
,"/Users/nishantmathur/Documents/prem-green/Vup-node/app/controllers/auth/validators/validateResetPassword.js": {"path":"/Users/nishantmathur/Documents/prem-green/Vup-node/app/controllers/auth/validators/validateResetPassword.js","statementMap":{"0":{"start":{"line":1,"column":27},"end":{"line":1,"column":63}},"1":{"start":{"line":2,"column":18},"end":{"line":2,"column":46}},"2":{"start":{"line":7,"column":30},"end":{"line":27,"column":1}},"3":{"start":{"line":25,"column":4},"end":{"line":25,"column":34}},"4":{"start":{"line":29,"column":0},"end":{"line":29,"column":42}}},"fnMap":{"0":{"name":"(anonymous_0)","decl":{"start":{"line":24,"column":2},"end":{"line":24,"column":3}},"loc":{"start":{"line":24,"column":22},"end":{"line":26,"column":3}},"line":24}},"branchMap":{},"s":{"0":0,"1":0,"2":0,"3":0,"4":0},"f":{"0":0},"b":{}}
,"/Users/nishantmathur/Documents/prem-green/Vup-node/app/controllers/auth/validators/validateVerify.js": {"path":"/Users/nishantmathur/Documents/prem-green/Vup-node/app/controllers/auth/validators/validateVerify.js","statementMap":{"0":{"start":{"line":1,"column":27},"end":{"line":1,"column":63}},"1":{"start":{"line":2,"column":18},"end":{"line":2,"column":46}},"2":{"start":{"line":7,"column":23},"end":{"line":17,"column":1}},"3":{"start":{"line":15,"column":4},"end":{"line":15,"column":34}},"4":{"start":{"line":19,"column":0},"end":{"line":19,"column":35}}},"fnMap":{"0":{"name":"(anonymous_0)","decl":{"start":{"line":14,"column":2},"end":{"line":14,"column":3}},"loc":{"start":{"line":14,"column":22},"end":{"line":16,"column":3}},"line":14}},"branchMap":{},"s":{"0":0,"1":0,"2":0,"3":0,"4":0},"f":{"0":0},"b":{}}
,"/Users/nishantmathur/Documents/prem-green/Vup-node/app/controllers/cities/createCity.js": {"path":"/Users/nishantmathur/Documents/prem-green/Vup-node/app/controllers/cities/createCity.js","statementMap":{"0":{"start":{"line":1,"column":13},"end":{"line":1,"column":41}},"1":{"start":{"line":2,"column":23},"end":{"line":2,"column":53}},"2":{"start":{"line":3,"column":24},"end":{"line":3,"column":57}},"3":{"start":{"line":4,"column":24},"end":{"line":4,"column":52}},"4":{"start":{"line":5,"column":23},"end":{"line":5,"column":43}},"5":{"start":{"line":12,"column":19},"end":{"line":22,"column":1}},"6":{"start":{"line":13,"column":2},"end":{"line":21,"column":3}},"7":{"start":{"line":14,"column":4},"end":{"line":14,"column":26}},"8":{"start":{"line":15,"column":27},"end":{"line":15,"column":53}},"9":{"start":{"line":16,"column":4},"end":{"line":18,"column":5}},"10":{"start":{"line":17,"column":6},"end":{"line":17,"column":55}},"11":{"start":{"line":20,"column":4},"end":{"line":20,"column":27}},"12":{"start":{"line":24,"column":0},"end":{"line":24,"column":31}}},"fnMap":{"0":{"name":"(anonymous_0)","decl":{"start":{"line":12,"column":19},"end":{"line":12,"column":20}},"loc":{"start":{"line":12,"column":39},"end":{"line":22,"column":1}},"line":12}},"branchMap":{"0":{"loc":{"start":{"line":16,"column":4},"end":{"line":18,"column":5}},"type":"if","locations":[{"start":{"line":16,"column":4},"end":{"line":18,"column":5}},{"start":{"line":16,"column":4},"end":{"line":18,"column":5}}],"line":16}},"s":{"0":0,"1":0,"2":0,"3":0,"4":0,"5":0,"6":0,"7":0,"8":0,"9":0,"10":0,"11":0,"12":0},"f":{"0":0},"b":{"0":[0,0]}}
,"/Users/nishantmathur/Documents/prem-green/Vup-node/app/controllers/cities/deleteCity.js": {"path":"/Users/nishantmathur/Documents/prem-green/Vup-node/app/controllers/cities/deleteCity.js","statementMap":{"0":{"start":{"line":1,"column":13},"end":{"line":1,"column":41}},"1":{"start":{"line":2,"column":24},"end":{"line":2,"column":52}},"2":{"start":{"line":3,"column":34},"end":{"line":3,"column":67}},"3":{"start":{"line":4,"column":23},"end":{"line":4,"column":53}},"4":{"start":{"line":11,"column":19},"end":{"line":19,"column":1}},"5":{"start":{"line":12,"column":2},"end":{"line":18,"column":3}},"6":{"start":{"line":13,"column":4},"end":{"line":13,"column":26}},"7":{"start":{"line":14,"column":15},"end":{"line":14,"column":37}},"8":{"start":{"line":15,"column":4},"end":{"line":15,"column":52}},"9":{"start":{"line":17,"column":4},"end":{"line":17,"column":27}},"10":{"start":{"line":21,"column":0},"end":{"line":21,"column":31}}},"fnMap":{"0":{"name":"(anonymous_0)","decl":{"start":{"line":11,"column":19},"end":{"line":11,"column":20}},"loc":{"start":{"line":11,"column":39},"end":{"line":19,"column":1}},"line":11}},"branchMap":{},"s":{"0":0,"1":0,"2":0,"3":0,"4":0,"5":0,"6":0,"7":0,"8":0,"9":0,"10":0},"f":{"0":0},"b":{}}
,"/Users/nishantmathur/Documents/prem-green/Vup-node/app/controllers/cities/getAllCities.js": {"path":"/Users/nishantmathur/Documents/prem-green/Vup-node/app/controllers/cities/getAllCities.js","statementMap":{"0":{"start":{"line":1,"column":24},"end":{"line":1,"column":57}},"1":{"start":{"line":2,"column":30},"end":{"line":2,"column":50}},"2":{"start":{"line":9,"column":21},"end":{"line":15,"column":1}},"3":{"start":{"line":10,"column":2},"end":{"line":14,"column":3}},"4":{"start":{"line":11,"column":4},"end":{"line":11,"column":51}},"5":{"start":{"line":13,"column":4},"end":{"line":13,"column":27}},"6":{"start":{"line":17,"column":0},"end":{"line":17,"column":33}}},"fnMap":{"0":{"name":"(anonymous_0)","decl":{"start":{"line":9,"column":21},"end":{"line":9,"column":22}},"loc":{"start":{"line":9,"column":41},"end":{"line":15,"column":1}},"line":9}},"branchMap":{},"s":{"0":0,"1":0,"2":0,"3":0,"4":0,"5":0,"6":0},"f":{"0":0},"b":{}}
,"/Users/nishantmathur/Documents/prem-green/Vup-node/app/controllers/cities/getCities.js": {"path":"/Users/nishantmathur/Documents/prem-green/Vup-node/app/controllers/cities/getCities.js","statementMap":{"0":{"start":{"line":1,"column":13},"end":{"line":1,"column":41}},"1":{"start":{"line":2,"column":39},"end":{"line":2,"column":69}},"2":{"start":{"line":3,"column":24},"end":{"line":3,"column":57}},"3":{"start":{"line":10,"column":18},"end":{"line":17,"column":1}},"4":{"start":{"line":11,"column":2},"end":{"line":16,"column":3}},"5":{"start":{"line":12,"column":18},"end":{"line":12,"column":51}},"6":{"start":{"line":13,"column":4},"end":{"line":13,"column":58}},"7":{"start":{"line":15,"column":4},"end":{"line":15,"column":27}},"8":{"start":{"line":19,"column":0},"end":{"line":19,"column":30}}},"fnMap":{"0":{"name":"(anonymous_0)","decl":{"start":{"line":10,"column":18},"end":{"line":10,"column":19}},"loc":{"start":{"line":10,"column":38},"end":{"line":17,"column":1}},"line":10}},"branchMap":{},"s":{"0":0,"1":0,"2":0,"3":0,"4":0,"5":0,"6":0,"7":0,"8":0},"f":{"0":0},"b":{}}
,"/Users/nishantmathur/Documents/prem-green/Vup-node/app/controllers/cities/getCity.js": {"path":"/Users/nishantmathur/Documents/prem-green/Vup-node/app/controllers/cities/getCity.js","statementMap":{"0":{"start":{"line":1,"column":24},"end":{"line":1,"column":52}},"1":{"start":{"line":2,"column":13},"end":{"line":2,"column":41}},"2":{"start":{"line":3,"column":20},"end":{"line":3,"column":50}},"3":{"start":{"line":4,"column":34},"end":{"line":4,"column":67}},"4":{"start":{"line":11,"column":16},"end":{"line":19,"column":1}},"5":{"start":{"line":12,"column":2},"end":{"line":18,"column":3}},"6":{"start":{"line":13,"column":4},"end":{"line":13,"column":26}},"7":{"start":{"line":14,"column":15},"end":{"line":14,"column":37}},"8":{"start":{"line":15,"column":4},"end":{"line":15,"column":49}},"9":{"start":{"line":17,"column":4},"end":{"line":17,"column":27}},"10":{"start":{"line":21,"column":0},"end":{"line":21,"column":28}}},"fnMap":{"0":{"name":"(anonymous_0)","decl":{"start":{"line":11,"column":16},"end":{"line":11,"column":17}},"loc":{"start":{"line":11,"column":36},"end":{"line":19,"column":1}},"line":11}},"branchMap":{},"s":{"0":0,"1":0,"2":0,"3":0,"4":0,"5":0,"6":0,"7":0,"8":0,"9":0,"10":0},"f":{"0":0},"b":{}}
,"/Users/nishantmathur/Documents/prem-green/Vup-node/app/controllers/cities/index.js": {"path":"/Users/nishantmathur/Documents/prem-green/Vup-node/app/controllers/cities/index.js","statementMap":{"0":{"start":{"line":1,"column":23},"end":{"line":1,"column":46}},"1":{"start":{"line":2,"column":23},"end":{"line":2,"column":46}},"2":{"start":{"line":3,"column":25},"end":{"line":3,"column":50}},"3":{"start":{"line":4,"column":20},"end":{"line":4,"column":40}},"4":{"start":{"line":5,"column":22},"end":{"line":5,"column":44}},"5":{"start":{"line":6,"column":23},"end":{"line":6,"column":46}},"6":{"start":{"line":8,"column":0},"end":{"line":15,"column":1}}},"fnMap":{},"branchMap":{},"s":{"0":0,"1":0,"2":0,"3":0,"4":0,"5":0,"6":0},"f":{},"b":{}}
,"/Users/nishantmathur/Documents/prem-green/Vup-node/app/controllers/cities/updateCity.js": {"path":"/Users/nishantmathur/Documents/prem-green/Vup-node/app/controllers/cities/updateCity.js","statementMap":{"0":{"start":{"line":1,"column":13},"end":{"line":1,"column":41}},"1":{"start":{"line":2,"column":23},"end":{"line":2,"column":53}},"2":{"start":{"line":3,"column":34},"end":{"line":3,"column":67}},"3":{"start":{"line":4,"column":24},"end":{"line":4,"column":52}},"4":{"start":{"line":5,"column":38},"end":{"line":5,"column":58}},"5":{"start":{"line":12,"column":19},"end":{"line":23,"column":1}},"6":{"start":{"line":13,"column":2},"end":{"line":22,"column":3}},"7":{"start":{"line":14,"column":4},"end":{"line":14,"column":26}},"8":{"start":{"line":15,"column":15},"end":{"line":15,"column":37}},"9":{"start":{"line":16,"column":27},"end":{"line":16,"column":72}},"10":{"start":{"line":17,"column":4},"end":{"line":19,"column":5}},"11":{"start":{"line":18,"column":6},"end":{"line":18,"column":59}},"12":{"start":{"line":21,"column":4},"end":{"line":21,"column":27}},"13":{"start":{"line":25,"column":0},"end":{"line":25,"column":31}}},"fnMap":{"0":{"name":"(anonymous_0)","decl":{"start":{"line":12,"column":19},"end":{"line":12,"column":20}},"loc":{"start":{"line":12,"column":39},"end":{"line":23,"column":1}},"line":12}},"branchMap":{"0":{"loc":{"start":{"line":17,"column":4},"end":{"line":19,"column":5}},"type":"if","locations":[{"start":{"line":17,"column":4},"end":{"line":19,"column":5}},{"start":{"line":17,"column":4},"end":{"line":19,"column":5}}],"line":17}},"s":{"0":0,"1":0,"2":0,"3":0,"4":0,"5":0,"6":0,"7":0,"8":0,"9":0,"10":0,"11":0,"12":0,"13":0},"f":{"0":0},"b":{"0":[0,0]}}
[...]
umn":4},"end":{"line":89,"column":5}},"10":{"start":{"line":88,"column":6},"end":{"line":88,"column":24}},"11":{"start":{"line":90,"column":4},"end":{"line":90,"column":27}},"12":{"start":{"line":91,"column":4},"end":{"line":91,"column":17}},"13":{"start":{"line":95,"column":16},"end":{"line":102,"column":1}},"14":{"start":{"line":96,"column":2},"end":{"line":101,"column":4}},"15":{"start":{"line":97,"column":4},"end":{"line":99,"column":5}},"16":{"start":{"line":98,"column":6},"end":{"line":98,"column":22}},"17":{"start":{"line":100,"column":4},"end":{"line":100,"column":33}},"18":{"start":{"line":104,"column":0},"end":{"line":111,"column":2}},"19":{"start":{"line":105,"column":15},"end":{"line":105,"column":19}},"20":{"start":{"line":106,"column":22},"end":{"line":106,"column":23}},"21":{"start":{"line":107,"column":2},"end":{"line":109,"column":3}},"22":{"start":{"line":108,"column":4},"end":{"line":108,"column":17}},"23":{"start":{"line":110,"column":2},"end":{"line":110,"column":41}},"24":{"start":{"line":113,"column":0},"end":{"line":117,"column":1}},"25":{"start":{"line":114,"column":2},"end":{"line":116,"column":3}},"26":{"start":{"line":115,"column":4},"end":{"line":115,"column":37}},"27":{"start":{"line":118,"column":0},"end":{"line":118,"column":35}},"28":{"start":{"line":119,"column":0},"end":{"line":119,"column":51}}},"fnMap":{"0":{"name":"(anonymous_0)","decl":{"start":{"line":51,"column":8},"end":{"line":51,"column":9}},"loc":{"start":{"line":51,"column":21},"end":{"line":53,"column":9}},"line":51},"1":{"name":"(anonymous_1)","decl":{"start":{"line":61,"column":8},"end":{"line":61,"column":9}},"loc":{"start":{"line":61,"column":21},"end":{"line":63,"column":9}},"line":61},"2":{"name":"(anonymous_2)","decl":{"start":{"line":85,"column":13},"end":{"line":85,"column":14}},"loc":{"start":{"line":85,"column":35},"end":{"line":93,"column":1}},"line":85},"3":{"name":"(anonymous_3)","decl":{"start":{"line":86,"column":35},"end":{"line":86,"column":36}},"loc":{"start":{"line":86,"column":55},"end":{"line":92,"column":3}},"line":86},"4":{"name":"(anonymous_4)","decl":{"start":{"line":95,"column":16},"end":{"line":95,"column":17}},"loc":{"start":{"line":95,"column":45},"end":{"line":102,"column":1}},"line":95},"5":{"name":"(anonymous_5)","decl":{"start":{"line":96,"column":30},"end":{"line":96,"column":31}},"loc":{"start":{"line":96,"column":45},"end":{"line":101,"column":3}},"line":96},"6":{"name":"(anonymous_6)","decl":{"start":{"line":104,"column":23},"end":{"line":104,"column":24}},"loc":{"start":{"line":104,"column":39},"end":{"line":111,"column":1}},"line":104},"7":{"name":"(anonymous_7)","decl":{"start":{"line":113,"column":37},"end":{"line":113,"column":38}},"loc":{"start":{"line":113,"column":68},"end":{"line":117,"column":1}},"line":113},"8":{"name":"(anonymous_8)","decl":{"start":{"line":114,"column":49},"end":{"line":114,"column":50}},"loc":{"start":{"line":115,"column":4},"end":{"line":115,"column":37}},"line":115}},"branchMap":{"0":{"loc":{"start":{"line":52,"column":17},"end":{"line":52,"column":53}},"type":"cond-expr","locations":[{"start":{"line":52,"column":28},"end":{"line":52,"column":32}},{"start":{"line":52,"column":35},"end":{"line":52,"column":53}}],"line":52},"1":{"loc":{"start":{"line":62,"column":17},"end":{"line":62,"column":53}},"type":"cond-expr","locations":[{"start":{"line":62,"column":28},"end":{"line":62,"column":32}},{"start":{"line":62,"column":35},"end":{"line":62,"column":53}}],"line":62},"2":{"loc":{"start":{"line":87,"column":4},"end":{"line":89,"column":5}},"type":"if","locations":[{"start":{"line":87,"column":4},"end":{"line":89,"column":5}},{"start":{"line":87,"column":4},"end":{"line":89,"column":5}}],"line":87},"3":{"loc":{"start":{"line":97,"column":4},"end":{"line":99,"column":5}},"type":"if","locations":[{"start":{"line":97,"column":4},"end":{"line":99,"column":5}},{"start":{"line":97,"column":4},"end":{"line":99,"column":5}}],"line":97},"4":{"loc":{"start":{"line":107,"column":2},"end":{"line":109,"column":3}},"type":"if","locations":[{"start":{"line":107,"column":2},"end":{"line":109,"column":3}},{"start":{"line":107,"column":2},"end":{"line":109,"column":3}}],"line":107},"5":{"loc":{"start":{"line":115,"column":4},"end":{"line":115,"column":37}},"type":"cond-expr","locations":[{"start":{"line":115,"column":10},"end":{"line":115,"column":17}},{"start":{"line":115,"column":20},"end":{"line":115,"column":37}}],"line":115}},"s":{"0":0,"1":0,"2":0,"3":0,"4":0,"5":0,"6":0,"7":0,"8":0,"9":0,"10":0,"11":0,"12":0,"13":0,"14":0,"15":0,"16":0,"17":0,"18":0,"19":0,"20":0,"21":0,"22":0,"23":0,"24":0,"25":0,"26":0,"27":0,"28":0},"f":{"0":0,"1":0,"2":0,"3":0,"4":0,"5":0,"6":0,"7":0,"8":0},"b":{"0":[0,0],"1":[0,0],"2":[0,0],"3":[0,0],"4":[0,0],"5":[0,0]}}
,"/Users/nishantmathur/Documents/prem-green/Vup-node/app/models/userAccess.js": {"path":"/Users/nishantmathur/Documents/prem-green/Vup-node/app/models/userAccess.js","statementMap":{"0":{"start":{"line":1,"column":17},"end":{"line":1,"column":36}},"1":{"start":{"line":2,"column":18},"end":{"line":2,"column":38}},"2":{"start":{"line":4,"column":25},"end":{"line":32,"column":1}},"3":{"start":{"line":33,"column":0},"end":{"line":33,"column":63}}},"fnMap":{},"branchMap":{},"s":{"0":0,"1":0,"2":0,"3":0},"f":{},"b":{}}
,"/Users/nishantmathur/Documents/prem-green/Vup-node/app/routes/auth.js": {"path":"/Users/nishantmathur/Documents/prem-green/Vup-node/app/routes/auth.js","statementMap":{"0":{"start":{"line":1,"column":16},"end":{"line":1,"column":34}},"1":{"start":{"line":2,"column":15},"end":{"line":2,"column":31}},"2":{"start":{"line":3,"column":0},"end":{"line":3,"column":32}},"3":{"start":{"line":4,"column":17},"end":{"line":4,"column":36}},"4":{"start":{"line":5,"column":20},"end":{"line":7,"column":2}},"5":{"start":{"line":8,"column":20},"end":{"line":8,"column":43}},"6":{"start":{"line":18,"column":4},"end":{"line":18,"column":34}},"7":{"start":{"line":26,"column":4},"end":{"line":26,"column":45}},"8":{"start":{"line":35,"column":0},"end":{"line":35,"column":69}},"9":{"start":{"line":40,"column":0},"end":{"line":40,"column":63}},"10":{"start":{"line":45,"column":0},"end":{"line":45,"column":79}},"11":{"start":{"line":50,"column":0},"end":{"line":50,"column":76}},"12":{"start":{"line":55,"column":0},"end":{"line":61,"column":1}},"13":{"start":{"line":66,"column":0},"end":{"line":66,"column":60}},"14":{"start":{"line":68,"column":0},"end":{"line":68,"column":23}}},"fnMap":{},"branchMap":{},"s":{"0":0,"1":0,"2":0,"3":0,"4":0,"5":0,"6":0,"7":0,"8":0,"9":0,"10":0,"11":0,"12":0,"13":0,"14":0},"f":{},"b":{}}
,"/Users/nishantmathur/Documents/prem-green/Vup-node/app/routes/cities.js": {"path":"/Users/nishantmathur/Documents/prem-green/Vup-node/app/routes/cities.js","statementMap":{"0":{"start":{"line":1,"column":16},"end":{"line":1,"column":34}},"1":{"start":{"line":2,"column":15},"end":{"line":2,"column":31}},"2":{"start":{"line":3,"column":0},"end":{"line":3,"column":32}},"3":{"start":{"line":4,"column":17},"end":{"line":4,"column":36}},"4":{"start":{"line":5,"column":20},"end":{"line":7,"column":2}},"5":{"start":{"line":8,"column":20},"end":{"line":8,"column":43}},"6":{"start":{"line":10,"column":30},"end":{"line":10,"column":60}},"7":{"start":{"line":19,"column":4},"end":{"line":19,"column":36}},"8":{"start":{"line":26,"column":4},"end":{"line":26,"column":47}},"9":{"start":{"line":35,"column":0},"end":{"line":35,"column":32}},"10":{"start":{"line":40,"column":0},"end":{"line":46,"column":1}},"11":{"start":{"line":51,"column":0},"end":{"line":58,"column":1}},"12":{"start":{"line":63,"column":0},"end":{"line":70,"column":1}},"13":{"start":{"line":75,"column":0},"end":{"line":82,"column":1}},"14":{"start":{"line":87,"column":0},"end":{"line":94,"column":1}},"15":{"start":{"line":96,"column":0},"end":{"line":96,"column":23}}},"fnMap":{},"branchMap":{},"s":{"0":0,"1":0,"2":0,"3":0,"4":0,"5":0,"6":0,"7":0,"8":0,"9":0,"10":0,"11":0,"12":0,"13":0,"14":0,"15":0},"f":{},"b":{}}
,"/Users/nishantmathur/Documents/prem-green/Vup-node/app/routes/index.js": {"path":"/Users/nishantmathur/Documents/prem-green/Vup-node/app/routes/index.js","statementMap":{"0":{"start":{"line":1,"column":16},"end":{"line":1,"column":34}},"1":{"start":{"line":2,"column":15},"end":{"line":2,"column":31}},"2":{"start":{"line":3,"column":11},"end":{"line":3,"column":24}},"3":{"start":{"line":4,"column":19},"end":{"line":4,"column":34}},"4":{"start":{"line":5,"column":36},"end":{"line":5,"column":66}},"5":{"start":{"line":12,"column":0},"end":{"line":12,"column":34}},"6":{"start":{"line":15,"column":0},"end":{"line":22,"column":2}},"7":{"start":{"line":17,"column":20},"end":{"line":17,"column":49}},"8":{"start":{"line":19,"column":2},"end":{"line":21,"column":8}},"9":{"start":{"line":27,"column":0},"end":{"line":29,"column":2}},"10":{"start":{"line":28,"column":2},"end":{"line":28,"column":21}},"11":{"start":{"line":34,"column":0},"end":{"line":40,"column":2}},"12":{"start":{"line":35,"column":2},"end":{"line":39,"column":4}},"13":{"start":{"line":42,"column":0},"end":{"line":42,"column":23}}},"fnMap":{"0":{"name":"(anonymous_0)","decl":{"start":{"line":15,"column":34},"end":{"line":15,"column":35}},"loc":{"start":{"line":15,"column":44},"end":{"line":22,"column":1}},"line":15},"1":{"name":"(anonymous_1)","decl":{"start":{"line":27,"column":16},"end":{"line":27,"column":17}},"loc":{"start":{"line":27,"column":30},"end":{"line":29,"column":1}},"line":27},"2":{"name":"(anonymous_2)","decl":{"start":{"line":34,"column":16},"end":{"line":34,"column":17}},"loc":{"start":{"line":34,"column":30},"end":{"line":40,"column":1}},"line":34}},"branchMap":{"0":{"loc":{"start":{"line":19,"column":9},"end":{"line":21,"column":8}},"type":"cond-expr","locations":[{"start":{"line":20,"column":6},"end":{"line":20,"column":60}},{"start":{"line":21,"column":6},"end":{"line":21,"column":8}}],"line":19},"1":{"loc":{"start":{"line":19,"column":9},"end":{"line":19,"column":78}},"type":"binary-expr","locations":[{"start":{"line":19,"column":9},"end":{"line":19,"column":30}},{"start":{"line":19,"column":34},"end":{"line":19,"column":54}},{"start":{"line":19,"column":58},"end":{"line":19,"column":78}}],"line":19}},"s":{"0":0,"1":0,"2":0,"3":0,"4":0,"5":0,"6":0,"7":0,"8":0,"9":0,"10":0,"11":0,"12":0,"13":0},"f":{"0":0,"1":0,"2":0},"b":{"0":[0,0],"1":[0,0,0]}}
,"/Users/nishantmathur/Documents/prem-green/Vup-node/app/routes/profile.js": {"path":"/Users/nishantmathur/Documents/prem-green/Vup-node/app/routes/profile.js","statementMap":{"0":{"start":{"line":1,"column":16},"end":{"line":1,"column":34}},"1":{"start":{"line":2,"column":15},"end":{"line":2,"column":31}},"2":{"start":{"line":3,"column":0},"end":{"line":3,"column":32}},"3":{"start":{"line":4,"column":17},"end":{"line":4,"column":36}},"4":{"start":{"line":5,"column":20},"end":{"line":7,"column":2}},"5":{"start":{"line":8,"column":20},"end":{"line":8,"column":43}},"6":{"start":{"line":10,"column":30},"end":{"line":10,"column":60}},"7":{"start":{"line":16,"column":4},"end":{"line":16,"column":37}},"8":{"start":{"line":21,"column":4},"end":{"line":21,"column":48}},"9":{"start":{"line":30,"column":0},"end":{"line":36,"column":1}},"10":{"start":{"line":41,"column":0},"end":{"line":48,"column":1}},"11":{"start":{"line":53,"column":0},"end":{"line":60,"column":1}},"12":{"start":{"line":62,"column":0},"end":{"line":62,"column":23}}},"fnMap":{},"branchMap":{},"s":{"0":0,"1":0,"2":0,"3":0,"4":0,"5":0,"6":0,"7":0,"8":0,"9":0,"10":0,"11":0,"12":0},"f":{},"b":{}}
,"/Users/nishantmathur/Documents/prem-green/Vup-node/app/routes/users.js": {"path":"/Users/nishantmathur/Documents/prem-green/Vup-node/app/routes/users.js","statementMap":{"0":{"start":{"line":1,"column":16},"end":{"line":1,"column":34}},"1":{"start":{"line":2,"column":15},"end":{"line":2,"column":31}},"2":{"start":{"line":3,"column":0},"end":{"line":3,"column":32}},"3":{"start":{"line":4,"column":17},"end":{"line":4,"column":36}},"4":{"start":{"line":5,"column":20},"end":{"line":7,"column":2}},"5":{"start":{"line":8,"column":20},"end":{"line":8,"column":43}},"6":{"start":{"line":10,"column":30},"end":{"line":10,"column":60}},"7":{"start":{"line":18,"column":4},"end":{"line":18,"column":35}},"8":{"start":{"line":25,"column":4},"end":{"line":25,"column":46}},"9":{"start":{"line":34,"column":0},"end":{"line":40,"column":1}},"10":{"start":{"line":45,"column":0},"end":{"line":52,"column":1}},"11":{"start":{"line":57,"column":0},"end":{"line":64,"column":1}},"12":{"start":{"line":69,"column":0},"end":{"line":76,"column":1}},"13":{"start":{"line":81,"column":0},"end":{"line":88,"column":1}},"14":{"start":{"line":90,"column":0},"end":{"line":90,"column":23}}},"fnMap":{},"branchMap":{},"s":{"0":0,"1":0,"2":0,"3":0,"4":0,"5":0,"6":0,"7":0,"8":0,"9":0,"10":0,"11":0,"12":0,"13":0,"14":0},"f":{},"b":{}}
,"/Users/nishantmathur/Documents/prem-green/Vup-node/config/mongo.js": {"path":"/Users/nishantmathur/Documents/prem-green/Vup-node/config/mongo.js","statementMap":{"0":{"start":{"line":1,"column":17},"end":{"line":1,"column":36}},"1":{"start":{"line":2,"column":15},"end":{"line":2,"column":36}},"2":{"start":{"line":3,"column":19},"end":{"line":3,"column":43}},"3":{"start":{"line":5,"column":0},"end":{"line":42,"column":1}},"4":{"start":{"line":6,"column":18},"end":{"line":35,"column":3}},"5":{"start":{"line":7,"column":4},"end":{"line":7,"column":37}},"6":{"start":{"line":9,"column":4},"end":{"line":32,"column":5}},"7":{"start":{"line":17,"column":23},"end":{"line":17,"column":25}},"8":{"start":{"line":18,"column":8},"end":{"line":20,"column":9}},"9":{"start":{"line":19,"column":10},"end":{"line":19,"column":90}},"10":{"start":{"line":21,"column":8},"end":{"line":21,"column":75}},"11":{"start":{"line":22,"column":8},"end":{"line":30,"column":9}},"12":{"start":{"line":24,"column":10},"end":{"line":24,"column":53}},"13":{"start":{"line":25,"column":10},"end":{"line":25,"column":45}},"14":{"start":{"line":26,"column":10},"end":{"line":26,"column":63}},"15":{"start":{"line":27,"column":10},"end":{"line":27,"column":63}},"16":{"start":{"line":28,"column":10},"end":{"line":28,"column":47}},"17":{"start":{"line":29,"column":10},"end":{"line":29,"column":31}},"18":{"start":{"line":33,"column":4},"end":{"line":33,"column":40}},"19":{"start":{"line":34,"column":4},"end":{"line":34,"column":43}},"20":{"start":{"line":36,"column":2},"end":{"line":36,"column":11}},"21":{"start":{"line":38,"column":2},"end":{"line":38,"column":46}},"22":{"start":{"line":39,"column":2},"end":{"line":39,"column":49}},"23":{"start":{"line":41,"column":2},"end":{"line":41,"column":14}}},"fnMap":{"0":{"name":"(anonymous_0)","decl":{"start":{"line":5,"column":17},"end":{"line":5,"column":18}},"loc":{"start":{"line":5,"column":23},"end":{"line":42,"column":1}},"line":5},"1":{"name":"(anonymous_1)","decl":{"start":{"line":6,"column":18},"end":{"line":6,"column":19}},"loc":{"start":{"line":6,"column":24},"end":{"line":35,"column":3}},"line":6},"2":{"name":"(anonymous_2)","decl":{"start":{"line":16,"column":6},"end":{"line":16,"column":7}},"loc":{"start":{"line":16,"column":15},"end":{"line":31,"column":7}},"line":16}},"branchMap":{"0":{"loc":{"start":{"line":18,"column":8},"end":{"line":20,"column":9}},"type":"if","locations":[{"start":{"line":18,"column":8},"end":{"line":20,"column":9}},{"start":{"line":18,"column":8},"end":{"line":20,"column":9}}],"line":18},"1":{"loc":{"start":{"line":22,"column":8},"end":{"line":30,"column":9}},"type":"if","locations":[{"start":{"line":22,"column":8},"end":{"line":30,"column":9}},{"start":{"line":22,"column":8},"end":{"line":30,"column":9}}],"line":22},"2":{"loc":{"start":{"line":26,"column":36},"end":{"line":26,"column":60}},"type":"binary-expr","locations":[{"start":{"line":26,"column":36},"end":{"line":26,"column":52}},{"start":{"line":26,"column":56},"end":{"line":26,"column":60}}],"line":26}},"s":{"0":0,"1":0,"2":0,"3":0,"4":0,"5":0,"6":0,"7":0,"8":0,"9":0,"10":0,"11":0,"12":0,"13":0,"14":0,"15":0,"16":0,"17":0,"18":0,"19":0,"20":0,"21":0,"22":0,"23":0},"f":{"0":0,"1":0,"2":0},"b":{"0":[0,0],"1":[0,0],"2":[0,0]}}
,"/Users/nishantmathur/Documents/prem-green/Vup-node/config/passport.js": {"path":"/Users/nishantmathur/Documents/prem-green/Vup-node/config/passport.js","statementMap":{"0":{"start":{"line":1,"column":17},"end":{"line":1,"column":36}},"1":{"start":{"line":2,"column":13},"end":{"line":2,"column":42}},"2":{"start":{"line":3,"column":13},"end":{"line":3,"column":46}},"3":{"start":{"line":4,"column":20},"end":{"line":4,"column":52}},"4":{"start":{"line":11,"column":21},"end":{"line":25,"column":1}},"5":{"start":{"line":12,"column":14},"end":{"line":12,"column":18}},"6":{"start":{"line":13,"column":2},"end":{"line":19,"column":3}},"7":{"start":{"line":14,"column":4},"end":{"line":14,"column":67}},"8":{"start":{"line":15,"column":9},"end":{"line":19,"column":3}},"9":{"start":{"line":16,"column":4},"end":{"line":16,"column":33}},"10":{"start":{"line":17,"column":9},"end":{"line":19,"column":3}},"11":{"start":{"line":18,"column":4},"end":{"line":18,"column":34}},"12":{"start":{"line":20,"column":2},"end":{"line":23,"column":3}},"13":{"start":{"line":22,"column":4},"end":{"line":22,"column":31}},"14":{"start":{"line":24,"column":2},"end":{"line":24,"column":14}},"15":{"start":{"line":30,"column":19},"end":{"line":33,"column":1}},"16":{"start":{"line":38,"column":17},"end":{"line":45,"column":2}},"17":{"start":{"line":39,"column":2},"end":{"line":44,"column":4}},"18":{"start":{"line":40,"column":4},"end":{"line":42,"column":5}},"19":{"start":{"line":41,"column":6},"end":{"line":41,"column":29}},"20":{"start":{"line":43,"column":4},"end":{"line":43,"column":55}},"21":{"start":{"line":47,"column":0},"end":{"line":47,"column":22}}},"fnMap":{"0":{"name":"(anonymous_0)","decl":{"start":{"line":11,"column":21},"end":{"line":11,"column":22}},"loc":{"start":{"line":11,"column":30},"end":{"line":25,"column":1}},"line":11},"1":{"name":"(anonymous_1)","decl":{"start":{"line":38,"column":45},"end":{"line":38,"column":46}},"loc":{"start":{"line":38,"column":64},"end":{"line":45,"column":1}},"line":38},"2":{"name":"(anonymous_2)","decl":{"start":{"line":39,"column":34},"end":{"line":39,"column":35}},"loc":{"start":{"line":39,"column":49},"end":{"line":44,"column":3}},"line":39}},"branchMap":{"0":{"loc":{"start":{"line":13,"column":2},"end":{"line":19,"column":3}},"type":"if","locations":[{"start":{"line":13,"column":2},"end":{"line":19,"column":3}},{"start":{"line":13,"column":2},"end":{"line":19,"column":3}}],"line":13},"1":{"loc":{"start":{"line":15,"column":9},"end":{"line":19,"column":3}},"type":"if","locations":[{"start":{"line":15,"column":9},"end":{"line":19,"column":3}},{"start":{"line":15,"column":9},"end":{"line":19,"column":3}}],"line":15},"2":{"loc":{"start":{"line":17,"column":9},"end":{"line":19,"column":3}},"type":"if","locations":[{"start":{"line":17,"column":9},"end":{"line":19,"column":3}},{"start":{"line":17,"column":9},"end":{"line":19,"column":3}}],"line":17},"3":{"loc":{"start":{"line":20,"column":2},"end":{"line":23,"column":3}},"type":"if","locations":[{"start":{"line":20,"column":2},"end":{"line":23,"column":3}},{"start":{"line":20,"column":2},"end":{"line":23,"column":3}}],"line":20},"4":{"loc":{"start":{"line":40,"column":4},"end":{"line":42,"column":5}},"type":"if","locations":[{"start":{"line":40,"column":4},"end":{"line":42,"column":5}},{"start":{"line":40,"column":4},"end":{"line":42,"column":5}}],"line":40},"5":{"loc":{"start":{"line":43,"column":11},"end":{"line":43,"column":55}},"type":"cond-expr","locations":[{"start":{"line":43,"column":19},"end":{"line":43,"column":36}},{"start":{"line":43,"column":39},"end":{"line":43,"column":55}}],"line":43}},"s":{"0":0,"1":0,"2":0,"3":0,"4":0,"5":0,"6":0,"7":0,"8":0,"9":0,"10":0,"11":0,"12":0,"13":0,"14":0,"15":0,"16":0,"17":0,"18":0,"19":0,"20":0,"21":0},"f":{"0":0,"1":0,"2":0},"b":{"0":[0,0],"1":[0,0],"2":[0,0],"3":[0,0],"4":[0,0],"5":[0,0]}}
}
